 line   address	contents
    1                      ; Linked by DLX-LD.
    2                      ; MemSize 24576
    3                      ; Data size: 410
    4                      ; Text size: 4816
    5                      ; Stack size: 8192
    6  00000000          	.text 0x1000
    7  00001000          	.data 0x3000
    8                      ; Compiled by GCC
    9  00003000          	.text
   10  00001000          	.align 2
   11  00001000          	.proc _isspace
   12  00001000          	.global _isspace
   13  00001000          	_isspace:
   14                      ;  Function 'isspace'; 0 bytes of locals, 1 regs to save.
   15  00001000  afbefffc	sw	-4(r29),r30; push fp
   16  00001004  001df020	add	r30,r0,r29; fp = sp
   17  00001008  afbffff8	sw	-8(r29),r31; push ret addr
   18  0000100c  2fbd0010	subui	r29,r29,#16; alloc local storage
   19  00001010  afa20000	sw	0(r29),r2
   20  00001014  83c20003	lb	r2,3(r30)
   21  00001018  201f0000	addi	r31,r0,#0
   22  0000101c  304100ff	andi	r1,r2,#0x00ff
   23  00001020  60210020	seqi	r1,r1,#32
   24  00001024  14200018	bnez	r1,L6_LF0
   25  00001028  54000000	nop; not filled.
   26  0000102c  2041fff7	addi	r1,r2,#-9
   27  00001030  302100ff	andi	r1,r1,#0x00ff
   28  00001034  70210001	sleui	r1,r1,#1
   29  00001038  10200008	beqz	r1,L5_LF0
   30  0000103c  54000000	nop; not filled.
   31  00001040          	L6_LF0:
   32  00001040  201f0001	addi	r31,r0,#1
   33  00001044          	L5_LF0:
   34  00001044  001f0820	add	r1,r0,r31
   35  00001048  8fa20000	lw	r2,0(r29)
   36  0000104c  8fdffff8	lw	r31,-8(r30)
   37  00001050  001ee820	add	r29,r0,r30
   38  00001054  8fdefffc	lw	r30,-4(r30)
   39  00001058  4be00000	jr	r31
   40  0000105c  54000000	nop
   41  00001060          	.endproc _isspace
   42  00001060          	.align 2
   43  00001060          	.proc _isxdigit
   44  00001060          	.global _isxdigit
   45  00001060          	_isxdigit:
   46                      ;  Function 'isxdigit'; 0 bytes of locals, 1 regs to save.
   47  00001060  afbefffc	sw	-4(r29),r30; push fp
   48  00001064  001df020	add	r30,r0,r29; fp = sp
   49  00001068  afbffff8	sw	-8(r29),r31; push ret addr
   50  0000106c  2fbd0010	subui	r29,r29,#16; alloc local storage
   51  00001070  afa20000	sw	0(r29),r2
   52  00001074  83df0003	lb	r31,3(r30)
   53  00001078  20020000	addi	r2,r0,#0
   54  0000107c  23e1ffd0	addi	r1,r31,#-48
   55  00001080  302100ff	andi	r1,r1,#0x00ff
   56  00001084  70210009	sleui	r1,r1,#9
   57  00001088  14200028	bnez	r1,L12_LF0
   58  0000108c  54000000	nop; not filled.
   59  00001090  23e1ff9f	addi	r1,r31,#-97
   60  00001094  302100ff	andi	r1,r1,#0x00ff
   61  00001098  70210005	sleui	r1,r1,#5
   62  0000109c  14200014	bnez	r1,L12_LF0
   63  000010a0  54000000	nop; not filled.
   64  000010a4  33e100ff	andi	r1,r31,#0x00ff
   65  000010a8  64210041	snei	r1,r1,#65
   66  000010ac  14200008	bnez	r1,L11_LF0
   67  000010b0  54000000	nop; not filled.
   68  000010b4          	L12_LF0:
   69  000010b4  20020001	addi	r2,r0,#1
   70  000010b8          	L11_LF0:
   71  000010b8  00020820	add	r1,r0,r2
   72  000010bc  8fa20000	lw	r2,0(r29)
   73  000010c0  8fdffff8	lw	r31,-8(r30)
   74  000010c4  001ee820	add	r29,r0,r30
   75  000010c8  8fdefffc	lw	r30,-4(r30)
   76  000010cc  4be00000	jr	r31
   77  000010d0  54000000	nop
   78  000010d4          	.endproc _isxdigit
   79  000010d4          	.data
   80  00003000          	.align 2
   81  00003000          	LC0_LF0:
   82  00003000  55736167	.ascii "Usage: \000"
   82  00003004  653a2000	
   83  00003008          	.align 2
   84  00003008          	LC1_LF0:
   85  00003008  203c6e75	.ascii " <number of processes to create>\n\000"
   85  0000300c  6d626572	
   85  00003010  206f6620	
   85  00003014  70726f63	
   85  00003018  65737365	
   85  0000301c  7320746f	
   85  00003020  20637265	
   85  00003024  6174653e	
   85  00003028  0a00    	
   86  0000302a          	.align 2
   87  0000302c          	LC2_LF0:
   88  0000302c  43726561	.ascii "Creating %d processes\n\000"
   88  00003030  74696e67	
   88  00003034  20256420	
   88  00003038  70726f63	
   88  0000303c  65737365	
   88  00003040  730a00  	
   89  00003043          	.align 2
   90  00003044          	LC3_LF0:
   91  00003044  4552524f	.ascii "ERROR: could not allocate shared memory page in \000"
   91  00003048  523a2063	
   91  0000304c  6f756c64	
   91  00003050  206e6f74	
   91  00003054  20616c6c	
   91  00003058  6f636174	
   91  0000305c  65207368	
   91  00003060  61726564	
   91  00003064  206d656d	
   91  00003068  6f727920	
   91  0000306c  70616765	
   91  00003070  20696e20	
   91  00003074  00      	
   92  00003075          	.align 2
   93  00003078          	LC4_LF0:
   94  00003078  2c206578	.ascii ", exiting...\n\000"
   94  0000307c  6974696e	
   94  00003080  672e2e2e	
   94  00003084  0a00    	
   95  00003086          	.align 2
   96  00003088          	LC5_LF0:
   97  00003088  436f756c	.ascii "Could not map the shared page to virtual address in \000"
   97  0000308c  64206e6f	
   97  00003090  74206d61	
   97  00003094  70207468	
   97  00003098  65207368	
   97  0000309c  61726564	
   97  000030a0  20706167	
   97  000030a4  6520746f	
   97  000030a8  20766972	
   97  000030ac  7475616c	
   97  000030b0  20616464	
   97  000030b4  72657373	
   97  000030b8  20696e20	
   97  000030bc  00      	
   98  000030bd          	.align 2
   99  000030c0          	LC6_LF0:
  100  000030c0  2c206578	.ascii ", exiting..\n\000"
  100  000030c4  6974696e	
  100  000030c8  672e2e0a	
  100  000030cc  00      	
  101  000030cd          	.align 2
  102  000030d0          	LC7_LF0:
  103  000030d0  42616420	.ascii "Bad sem_create in \000"
  103  000030d4  73656d5f	
  103  000030d8  63726561	
  103  000030dc  74652069	
  103  000030e0  6e2000  	
  104  000030e3          	.align 2
  105  000030e4          	LC8_LF0:
  106  000030e4  0a00    	.ascii "\n\000"
  107  000030e6          	.align 2
  108  000030e8          	LC9_LF0:
  109  000030e8  42616420	.ascii "Bad lock_create in \000"
  109  000030ec  6c6f636b	
  109  000030f0  5f637265	
  109  000030f4  61746520	
  109  000030f8  696e2000	
  110  000030fc          	.align 2
  111  000030fc          	LC10_LF0:
  112  000030fc  636f6e73	.ascii "consumer.dlx.obj\000"
  112  00003100  756d6572	
  112  00003104  2e646c78	
  112  00003108  2e6f626a	
  112  0000310c  00      	
  113  0000310d          	.align 2
  114  00003110          	LC11_LF0:
  115  00003110  70726f64	.ascii "producer.dlx.obj\000"
  115  00003114  75636572	
  115  00003118  2e646c78	
  115  0000311c  2e6f626a	
  115  00003120  00      	
  116  00003121          	.align 2
  117  00003124          	LC12_LF0:
  118  00003124  50726f63	.ascii "Process %d created\n\000"
  118  00003128  65737320	
  118  0000312c  25642063	
  118  00003130  72656174	
  118  00003134  65640a00	
  119  00003138          	.align 2
  120  00003138          	LC13_LF0:
  121  00003138  42616420	.ascii "Bad semaphore s_procs_completed (%d) in \000"
  121  0000313c  73656d61	
  121  00003140  70686f72	
  121  00003144  6520735f	
  121  00003148  70726f63	
  121  0000314c  735f636f	
  121  00003150  6d706c65	
  121  00003154  74656420	
  121  00003158  28256429	
  121  0000315c  20696e20	
  121  00003160  00      	
  122  00003161          	.align 2
  123  00003164          	LC14_LF0:
  124  00003164  416c6c20	.ascii "All other processes completed, exiting main process.\n\000"
  124  00003168  6f746865	
  124  0000316c  72207072	
  124  00003170  6f636573	
  124  00003174  73657320	
  124  00003178  636f6d70	
  124  0000317c  6c657465	
  124  00003180  642c2065	
  124  00003184  78697469	
  124  00003188  6e67206d	
  124  0000318c  61696e20	
  124  00003190  70726f63	
  124  00003194  6573732e	
  124  00003198  0a00    	
  125  0000319a          	.text
  126  000010d4          	.align 2
  127  000010d4          	.proc _main
  128  000010d4          	.global _main
  129  000010d4          	_main:
  130                      ;  Function 'main'; 48 bytes of locals, 0 regs to save.
  131  000010d4  afbefffc	sw	-4(r29),r30; push fp
  132  000010d8  001df020	add	r30,r0,r29; fp = sp
  133  000010dc  afbffff8	sw	-8(r29),r31; push ret addr
  134  000010e0  2fbd0038	subui	r29,r29,#56; alloc local storage
  135  000010e4  8fc20000	lw	r2,(r30)
  136  000010e8  8fc80004	lw	r8,4(r30)
  137  000010ec  0c0011d8	jal	___main
  138  000010f0  54000000	nop; not filled.
  139  000010f4  64410002	snei	r1,r2,#2
  140  000010f8  1020004c	beqz	r1,L14_LF0
  141  000010fc  54000000	nop; not filled.
  142  00001100  23bdfff8	addi	r29,r29,#-8
  143  00001104  3c090000	lhi	r9,((LC0_LF0)>>16)&0xffff
  144  00001108  25293000	addui	r9,r9,(LC0_LF0)&0xffff
  145  0000110c  afa90000	sw	(r29),r9
  146  00001110  0c0003ac	jal	_Printf
  147  00001114  54000000	nop; not filled.
  148  00001118  8d090000	lw	r9,(r8)
  149  0000111c  afa90000	sw	(r29),r9
  150  00001120  0c00039c	jal	_Printf
  151  00001124  54000000	nop; not filled.
  152  00001128  3c090000	lhi	r9,((LC1_LF0)>>16)&0xffff
  153  0000112c  25293008	addui	r9,r9,(LC1_LF0)&0xffff
  154  00001130  afa90000	sw	(r29),r9
  155  00001134  0c000388	jal	_Printf
  156  00001138  54000000	nop; not filled.
  157  0000113c  0c000434	jal	_Exit
  158  00001140  54000000	nop; not filled.
  159  00001144  23bd0008	addi	r29,r29,#8
  160  00001148          	L14_LF0:
  161  00001148  23bdfff0	addi	r29,r29,#-16
  162  0000114c  8d090004	lw	r9,4(r8)
  163  00001150  afa90000	sw	(r29),r9
  164  00001154  20090000	addi	r9,r0,#0
  165  00001158  afa90004	sw	4(r29),r9
  166  0000115c  2009000a	addi	r9,r0,#10
  167  00001160  afa90008	sw	8(r29),r9
  168  00001164  0c000cb8	jal	_dstrtol
  169  00001168  54000000	nop; not filled.
  170  0000116c  00013820	add	r7,r0,r1
  171  00001170  3c090000	lhi	r9,((LC2_LF0)>>16)&0xffff
  172  00001174  2529302c	addui	r9,r9,(LC2_LF0)&0xffff
  173  00001178  afa90000	sw	(r29),r9
  174  0000117c  afa70004	sw	4(r29),r7
  175  00001180  0c00033c	jal	_Printf
  176  00001184  54000000	nop; not filled.
  177  00001188  0c000358	jal	_shmget
  178  0000118c  54000000	nop; not filled.
  179  00001190  00011820	add	r3,r0,r1
  180  00001194  23bd0010	addi	r29,r29,#16
  181  00001198  64610000	snei	r1,r3,#0
  182  0000119c  1420004c	bnez	r1,L15_LF0
  183  000011a0  54000000	nop; not filled.
  184  000011a4  23bdfff8	addi	r29,r29,#-8
  185  000011a8  3c090000	lhi	r9,((LC3_LF0)>>16)&0xffff
  186  000011ac  25293044	addui	r9,r9,(LC3_LF0)&0xffff
  187  000011b0  afa90000	sw	(r29),r9
  188  000011b4  0c000308	jal	_Printf
  189  000011b8  54000000	nop; not filled.
  190  000011bc  8d090000	lw	r9,(r8)
  191  000011c0  afa90000	sw	(r29),r9
  192  000011c4  0c0002f8	jal	_Printf
  193  000011c8  54000000	nop; not filled.
  194  000011cc  3c090000	lhi	r9,((LC4_LF0)>>16)&0xffff
  195  000011d0  25293078	addui	r9,r9,(LC4_LF0)&0xffff
  196  000011d4  afa90000	sw	(r29),r9
  197  000011d8  0c0002e4	jal	_Printf
  198  000011dc  54000000	nop; not filled.
  199  000011e0  0c000390	jal	_Exit
  200  000011e4  54000000	nop; not filled.
  201  000011e8  23bd0008	addi	r29,r29,#8
  202  000011ec          	L15_LF0:
  203  000011ec  23bdfff8	addi	r29,r29,#-8
  204  000011f0  afa30000	sw	(r29),r3
  205  000011f4  0c0002f8	jal	_shmat
  206  000011f8  54000000	nop; not filled.
  207  000011fc  00011020	add	r2,r0,r1
  208  00001200  23bd0008	addi	r29,r29,#8
  209  00001204  64410000	snei	r1,r2,#0
  210  00001208  1420004c	bnez	r1,L16_LF0
  211  0000120c  54000000	nop; not filled.
  212  00001210  23bdfff8	addi	r29,r29,#-8
  213  00001214  3c090000	lhi	r9,((LC5_LF0)>>16)&0xffff
  214  00001218  25293088	addui	r9,r9,(LC5_LF0)&0xffff
  215  0000121c  afa90000	sw	(r29),r9
  216  00001220  0c00029c	jal	_Printf
  217  00001224  54000000	nop; not filled.
  218  00001228  8d090000	lw	r9,(r8)
  219  0000122c  afa90000	sw	(r29),r9
  220  00001230  0c00028c	jal	_Printf
  221  00001234  54000000	nop; not filled.
  222  00001238  3c090000	lhi	r9,((LC6_LF0)>>16)&0xffff
  223  0000123c  252930c0	addui	r9,r9,(LC6_LF0)&0xffff
  224  00001240  afa90000	sw	(r29),r9
  225  00001244  0c000278	jal	_Printf
  226  00001248  54000000	nop; not filled.
  227  0000124c  0c000324	jal	_Exit
  228  00001250  54000000	nop; not filled.
  229  00001254  23bd0008	addi	r29,r29,#8
  230  00001258          	L16_LF0:
  231  00001258  20090000	addi	r9,r0,#0
  232  0000125c  ac490000	sw	(r2),r9
  233  00001260  ac490004	sw	4(r2),r9
  234  00001264  23bdfff8	addi	r29,r29,#-8
  235  00001268  20010001	addi	r1,r0,#1
  236  0000126c  00270822	sub	r1,r1,r7
  237  00001270  afa10000	sw	(r29),r1
  238  00001274  0c000284	jal	_sem_create
  239  00001278  54000000	nop; not filled.
  240  0000127c  00013020	add	r6,r0,r1
  241  00001280  23bd0008	addi	r29,r29,#8
  242  00001284  60c1ffff	seqi	r1,r6,#-1
  243  00001288  1020004c	beqz	r1,L17_LF0
  244  0000128c  54000000	nop; not filled.
  245  00001290  23bdfff8	addi	r29,r29,#-8
  246  00001294  3c090000	lhi	r9,((LC7_LF0)>>16)&0xffff
  247  00001298  252930d0	addui	r9,r9,(LC7_LF0)&0xffff
  248  0000129c  afa90000	sw	(r29),r9
  249  000012a0  0c00021c	jal	_Printf
  250  000012a4  54000000	nop; not filled.
  251  000012a8  8d090000	lw	r9,(r8)
  252  000012ac  afa90000	sw	(r29),r9
  253  000012b0  0c00020c	jal	_Printf
  254  000012b4  54000000	nop; not filled.
  255  000012b8  3c090000	lhi	r9,((LC8_LF0)>>16)&0xffff
  256  000012bc  252930e4	addui	r9,r9,(LC8_LF0)&0xffff
  257  000012c0  afa90000	sw	(r29),r9
  258  000012c4  0c0001f8	jal	_Printf
  259  000012c8  54000000	nop; not filled.
  260  000012cc  0c0002a4	jal	_Exit
  261  000012d0  54000000	nop; not filled.
  262  000012d4  23bd0008	addi	r29,r29,#8
  263  000012d8          	L17_LF0:
  264  000012d8  0c000244	jal	_lock_create
  265  000012dc  54000000	nop; not filled.
  266  000012e0  00011020	add	r2,r0,r1
  267  000012e4  6041ffff	seqi	r1,r2,#-1
  268  000012e8  10200028	beqz	r1,L18_LF0
  269  000012ec  54000000	nop; not filled.
  270  000012f0  23bdfff8	addi	r29,r29,#-8
  271  000012f4  3c090000	lhi	r9,((LC9_LF0)>>16)&0xffff
  272  000012f8  252930e8	addui	r9,r9,(LC9_LF0)&0xffff
  273  000012fc  afa90000	sw	(r29),r9
  274  00001300  0c0001bc	jal	_Printf
  275  00001304  54000000	nop; not filled.
  276  00001308  0c000268	jal	_Exit
  277  0000130c  54000000	nop; not filled.
  278  00001310  23bd0008	addi	r29,r29,#8
  279  00001314          	L18_LF0:
  280  00001314  23bdfff8	addi	r29,r29,#-8
  281  00001318  afa30000	sw	(r29),r3
  282  0000131c  23c5ffe8	addi	r5,r30,#-24
  283  00001320  afa50004	sw	4(r29),r5
  284  00001324  0c00096c	jal	_ditoa
  285  00001328  54000000	nop; not filled.
  286  0000132c  afa60000	sw	(r29),r6
  287  00001330  23c4ffd8	addi	r4,r30,#-40
  288  00001334  afa40004	sw	4(r29),r4
  289  00001338  0c000958	jal	_ditoa
  290  0000133c  54000000	nop; not filled.
  291  00001340  afa20000	sw	(r29),r2
  292  00001344  23c3ffc8	addi	r3,r30,#-56
  293  00001348  afa30004	sw	4(r29),r3
  294  0000134c  0c000944	jal	_ditoa
  295  00001350  54000000	nop; not filled.
  296  00001354  20020000	addi	r2,r0,#0
  297  00001358  23bd0008	addi	r29,r29,#8
  298  0000135c  0047082a	slt	r1,r2,r7
  299  00001360  10200084	beqz	r1,L20_LF0
  300  00001364  54000000	nop; not filled.
  301  00001368          	L22_LF0:
  302  00001368  23bdffe8	addi	r29,r29,#-24
  303  0000136c  3c090000	lhi	r9,((LC10_LF0)>>16)&0xffff
  304  00001370  252930fc	addui	r9,r9,(LC10_LF0)&0xffff
  305  00001374  afa90000	sw	(r29),r9
  306  00001378  afa50004	sw	4(r29),r5
  307  0000137c  afa40008	sw	8(r29),r4
  308  00001380  afa3000c	sw	12(r29),r3
  309  00001384  20090000	addi	r9,r0,#0
  310  00001388  afa90010	sw	16(r29),r9
  311  0000138c  0c000148	jal	_process_create
  312  00001390  54000000	nop; not filled.
  313  00001394  3c090000	lhi	r9,((LC11_LF0)>>16)&0xffff
  314  00001398  25293110	addui	r9,r9,(LC11_LF0)&0xffff
  315  0000139c  afa90000	sw	(r29),r9
  316  000013a0  afa50004	sw	4(r29),r5
  317  000013a4  afa40008	sw	8(r29),r4
  318  000013a8  afa3000c	sw	12(r29),r3
  319  000013ac  20090000	addi	r9,r0,#0
  320  000013b0  afa90010	sw	16(r29),r9
  321  000013b4  0c000120	jal	_process_create
  322  000013b8  54000000	nop; not filled.
  323  000013bc  3c090000	lhi	r9,((LC12_LF0)>>16)&0xffff
  324  000013c0  25293124	addui	r9,r9,(LC12_LF0)&0xffff
  325  000013c4  afa90000	sw	(r29),r9
  326  000013c8  afa20004	sw	4(r29),r2
  327  000013cc  0c0000f0	jal	_Printf
  328  000013d0  54000000	nop; not filled.
  329  000013d4  23bd0018	addi	r29,r29,#24
  330  000013d8  20420001	addi	r2,r2,#1
  331  000013dc  0047082a	slt	r1,r2,r7
  332  000013e0  1420ff84	bnez	r1,L22_LF0
  333  000013e4  54000000	nop; not filled.
  334  000013e8          	L20_LF0:
  335  000013e8  23bdfff8	addi	r29,r29,#-8
  336  000013ec  afa60000	sw	(r29),r6
  337  000013f0  0c000114	jal	_sem_wait
  338  000013f4  54000000	nop; not filled.
  339  000013f8  23bd0008	addi	r29,r29,#8
  340  000013fc  64210001	snei	r1,r1,#1
  341  00001400  10200050	beqz	r1,L24_LF0
  342  00001404  54000000	nop; not filled.
  343  00001408  23bdfff8	addi	r29,r29,#-8
  344  0000140c  3c090000	lhi	r9,((LC13_LF0)>>16)&0xffff
  345  00001410  25293138	addui	r9,r9,(LC13_LF0)&0xffff
  346  00001414  afa90000	sw	(r29),r9
  347  00001418  afa60004	sw	4(r29),r6
  348  0000141c  0c0000a0	jal	_Printf
  349  00001420  54000000	nop; not filled.
  350  00001424  8d080000	lw	r8,(r8)
  351  00001428  afa80000	sw	(r29),r8
  352  0000142c  0c000090	jal	_Printf
  353  00001430  54000000	nop; not filled.
  354  00001434  3c090000	lhi	r9,((LC8_LF0)>>16)&0xffff
  355  00001438  252930e4	addui	r9,r9,(LC8_LF0)&0xffff
  356  0000143c  afa90000	sw	(r29),r9
  357  00001440  0c00007c	jal	_Printf
  358  00001444  54000000	nop; not filled.
  359  00001448  0c000128	jal	_Exit
  360  0000144c  54000000	nop; not filled.
  361  00001450  23bd0008	addi	r29,r29,#8
  362  00001454          	L24_LF0:
  363  00001454  23bdfff8	addi	r29,r29,#-8
  364  00001458  3c090000	lhi	r9,((LC14_LF0)>>16)&0xffff
  365  0000145c  25293164	addui	r9,r9,(LC14_LF0)&0xffff
  366  00001460  afa90000	sw	(r29),r9
  367  00001464  0c000058	jal	_Printf
  368  00001468  54000000	nop; not filled.
  369  0000146c  23bd0008	addi	r29,r29,#8
  370  00001470  0c000e48	jal	_exit
  371  00001474  54000000	nop
  372  00001478          	.endproc _main
  373                      ;;;
  374                      ;;; Stub functions for DLX traps.
  375                      ;;;
  376                      ;;; Ethan L. Miller, 1999.  Released to the public domain.
  377                      ;;;
  378                      ;;; The traps such as Open and Close
  379                      ;;; (note the capital letters) are for use by user programs.  The traps
  380                      ;;; with names such as open and close (lower case) are for use by the OS.
  381                      ;;;
  384  00001478          	.align 2
  386                      ;;; The following are the traps to be used by user-level programs
  387                      ;;;
  389  00001478          	.align 2
  390  00001478          	.proc _Open
  391  00001478          	.global _Open
  392  00001478          	_Open:
  393                      ;;; Note that trap #0x213 actually causes a trap vector in the OS of
  394                      ;;; 0x1213.  The same is true for other user traps.  Thus, a user trap
  395                      ;;; with trap #0x240 will result in a trap vector of 0x1240 in the OS.
  396  00001478  44000213	trap	#0x213
  397  0000147c  4be00000	jr	r31
  398  00001480  54000000	nop
  399  00001484          	.endproc _Open
  401  00001484          	.proc _Close
  402  00001484          	.global _Close
  403  00001484          	_Close:
  404  00001484  44000214	trap	#0x214
  405  00001488  4be00000	jr	r31
  406  0000148c  54000000	nop
  407  00001490          	.endproc _Close
  409  00001490          	.proc _Read
  410  00001490          	.global _Read
  411  00001490          	_Read:
  412  00001490  44000210	trap	#0x210
  413  00001494  4be00000	jr	r31
  414  00001498  54000000	nop
  415  0000149c          	.endproc _Read
  417  0000149c          	.proc _Write
  418  0000149c          	.global _Write
  419  0000149c          	_Write:
  420  0000149c  44000211	trap	#0x211
  421  000014a0  4be00000	jr	r31
  422  000014a4  54000000	nop
  423  000014a8          	.endproc _Write
  425  000014a8          	.proc _Lseek
  426  000014a8          	.global _Lseek
  427  000014a8          	_Lseek:
  428  000014a8  44000212	trap	#0x212
  429  000014ac  4be00000	jr	r31
  430  000014b0  54000000	nop
  431  000014b4          	.endproc _Lseek
  433  000014b4          	.proc _Putchar
  434  000014b4          	.global _Putchar
  435  000014b4          	_Putchar:
  436  000014b4  44000280	trap	#0x280
  437  000014b8  4be00000	jr	r31
  438  000014bc  54000000	nop
  439  000014c0          	.endproc _Putchar
  441  000014c0          	.proc _Printf
  442  000014c0          	.global _Printf
  443  000014c0          	_Printf:
  444  000014c0  44000201	trap	#0x201
  445  000014c4  4be00000	jr	r31
  446  000014c8  54000000	nop
  447  000014cc          	.endproc _Printf
  449  000014cc          	.proc _getpid
  450  000014cc          	.global _getpid
  451  000014cc          	_getpid:
  452  000014cc  44000431	trap	#0x431
  453  000014d0  4be00000	jr	r31
  454  000014d4  54000000	nop
  455  000014d8          	.endproc _getpid
  457  000014d8          	.proc _process_create
  458  000014d8          	.global _process_create
  459  000014d8          	_process_create:
  460  000014d8  44000432	trap	#0x432
  461  000014dc  4be00000	jr	r31
  462  000014e0  54000000	nop
  463  000014e4          	.endproc _process_create
  465  000014e4          	.proc _shmget
  466  000014e4          	.global _shmget
  467  000014e4          	_shmget:
  468  000014e4  44000440	trap	#0x440
  469  000014e8  4be00000	jr	r31
  470  000014ec  54000000	nop
  471  000014f0          	.endproc _shmget
  473  000014f0          	.proc _shmat
  474  000014f0          	.global _shmat
  475  000014f0          	_shmat:
  476  000014f0  44000441	trap	#0x441
  477  000014f4  4be00000	jr	r31
  478  000014f8  54000000	nop
  479  000014fc          	.endproc _shmat
  481  000014fc          	.proc _sem_create
  482  000014fc          	.global _sem_create
  483  000014fc          	_sem_create:
  484  000014fc  44000450	trap	#0x450
  485  00001500  4be00000	jr	r31
  486  00001504  54000000	nop
  487  00001508          	.endproc _sem_create
  489  00001508          	.proc _sem_wait
  490  00001508          	.global _sem_wait
  491  00001508          	_sem_wait:
  492  00001508  44000451	trap	#0x451
  493  0000150c  4be00000	jr	r31
  494  00001510  54000000	nop
  495  00001514          	.endproc _sem_wait
  497  00001514          	.proc _sem_signal
  498  00001514          	.global _sem_signal
  499  00001514          	_sem_signal:
  500  00001514  44000452	trap	#0x452
  501  00001518  4be00000	jr	r31
  502  0000151c  54000000	nop
  503  00001520          	.endproc _sem_signal
  505  00001520          	.proc _lock_create
  506  00001520          	.global _lock_create
  507  00001520          	_lock_create:
  508  00001520  44000453	trap	#0x453
  509  00001524  4be00000	jr	r31
  510  00001528  54000000	nop
  511  0000152c          	.endproc _lock_create
  513  0000152c          	.proc _lock_acquire
  514  0000152c          	.global _lock_acquire
  515  0000152c          	_lock_acquire:
  516  0000152c  44000454	trap	#0x454
  517  00001530  4be00000	jr	r31
  518  00001534  54000000	nop
  519  00001538          	.endproc _lock_acquire
  521  00001538          	.proc _lock_release
  522  00001538          	.global _lock_release
  523  00001538          	_lock_release:
  524  00001538  44000455	trap	#0x455
  525  0000153c  4be00000	jr	r31
  526  00001540  54000000	nop
  527  00001544          	.endproc _lock_release
  529  00001544          	.proc _cond_create
  530  00001544          	.global _cond_create
  531  00001544          	_cond_create:
  532  00001544  44000456	trap	#0x456
  533  00001548  4be00000	jr	r31
  534  0000154c  54000000	nop
  535  00001550          	.endproc _cond_create
  537  00001550          	.proc _cond_wait
  538  00001550          	.global _cond_wait
  539  00001550          	_cond_wait:
  540  00001550  44000457	trap	#0x457
  541  00001554  4be00000	jr	r31
  542  00001558  54000000	nop
  543  0000155c          	.endproc _cond_wait
  545  0000155c          	.proc _cond_signal
  546  0000155c          	.global _cond_signal
  547  0000155c          	_cond_signal:
  548  0000155c  44000458	trap	#0x458
  549  00001560  4be00000	jr	r31
  550  00001564  54000000	nop
  551  00001568          	.endproc _cond_signal
  553  00001568          	.proc _cond_broadcast
  554  00001568          	.global _cond_broadcast
  555  00001568          	_cond_broadcast:
  556  00001568  44000455	trap	#0x455
  557  0000156c  4be00000	jr	r31
  558  00001570  54000000	nop
  559  00001574          	.endproc _cond_broadcast
  561  00001574          	.proc _Exit
  562  00001574          	.global _Exit
  563  00001574          	_Exit:
  564  00001574  44000500	trap	#0x500
  565  00001578  4be00000	jr	r31
  566  0000157c  54000000	nop
  567  00001580          	.endproc _Exit
  568                      ; Compiled by GCC
  570  00001580          	.align 2
  571  00001580          	.proc _isspace
  572  00001580          	.global _isspace
  573  00001580          	_isspace:
  574                      ;  Function 'isspace'; 0 bytes of locals, 3 regs to save.
  575  00001580  afbefffc	sw	-4(r29),r30; push fp
  576  00001584  001df020	add	r30,r0,r29; fp = sp
  577  00001588  afbffff8	sw	-8(r29),r31; push ret addr
  578  0000158c  2fbd0018	subui	r29,r29,#24; alloc local storage
  579  00001590  afa20000	sw	0(r29),r2
  580  00001594  afa30004	sw	4(r29),r3
  581  00001598  afa40008	sw	8(r29),r4
  582  0000159c  83c20003	lb	r2,3(r30)
  583  000015a0  20010000	addi	r1,r0,#0
  584  000015a4  304300ff	andi	r3,r2,#0x00ff
  585  000015a8  60640020	seqi	r4,r3,#32
  586  000015ac  1480002c	bnez	r4,L3_LF2
  587  000015b0  54000000	nop; delay slot nop
  588  000015b4  304300ff	andi	r3,r2,#0x00ff
  589  000015b8  60640009	seqi	r4,r3,#9
  590  000015bc  1480001c	bnez	r4,L3_LF2
  591  000015c0  54000000	nop; delay slot nop
  592  000015c4  304300ff	andi	r3,r2,#0x00ff
  593  000015c8  6064000a	seqi	r4,r3,#10
  594  000015cc  1480000c	bnez	r4,L3_LF2
  595  000015d0  54000000	nop; delay slot nop
  596  000015d4  08000008	j	L2_LF2
  597  000015d8  54000000	nop; delay slot nop
  598  000015dc          	L3_LF2:
  599  000015dc  20010001	addi	r1,r0,#1
  600  000015e0          	L2_LF2:
  601  000015e0  08000004	j	L1_LF2
  602  000015e4  54000000	nop; delay slot nop
  603  000015e8          	L1_LF2:
  604  000015e8  8fa20000	lw	r2,0(r29)
  605  000015ec  8fa30004	lw	r3,4(r29)
  606  000015f0  8fa40008	lw	r4,8(r29)
  607  000015f4  8fdffff8	lw	r31,-8(r30)
  608  000015f8  001ee820	add	r29,r0,r30
  609  000015fc  8fdefffc	lw	r30,-4(r30)
  610  00001600  4be00000	jr	r31
  611  00001604  54000000	nop
  612  00001608          	.endproc _isspace
  613  00001608          	.align 2
  614  00001608          	.proc _isxdigit
  615  00001608          	.global _isxdigit
  616  00001608          	_isxdigit:
  617                      ;  Function 'isxdigit'; 0 bytes of locals, 3 regs to save.
  618  00001608  afbefffc	sw	-4(r29),r30; push fp
  619  0000160c  001df020	add	r30,r0,r29; fp = sp
  620  00001610  afbffff8	sw	-8(r29),r31; push ret addr
  621  00001614  2fbd0018	subui	r29,r29,#24; alloc local storage
  622  00001618  afa20000	sw	0(r29),r2
  623  0000161c  afa30004	sw	4(r29),r3
  624  00001620  afa40008	sw	8(r29),r4
  625  00001624  83c20003	lb	r2,3(r30)
  626  00001628  20010000	addi	r1,r0,#0
  627  0000162c  304300ff	andi	r3,r2,#0x00ff
  628  00001630  6c64002f	sgtui	r4,r3,#47
  629  00001634  1080001c	beqz	r4,L7_LF2
  630  00001638  54000000	nop; delay slot nop
  631  0000163c  304300ff	andi	r3,r2,#0x00ff
  632  00001640  70640039	sleui	r4,r3,#57
  633  00001644  1480005c	bnez	r4,L6_LF2
  634  00001648  54000000	nop; delay slot nop
  635  0000164c  08000004	j	L7_LF2
  636  00001650  54000000	nop; delay slot nop
  637  00001654          	L7_LF2:
  638  00001654  304300ff	andi	r3,r2,#0x00ff
  639  00001658  6c640060	sgtui	r4,r3,#96
  640  0000165c  1080001c	beqz	r4,L8_LF2
  641  00001660  54000000	nop; delay slot nop
  642  00001664  304300ff	andi	r3,r2,#0x00ff
  643  00001668  70640066	sleui	r4,r3,#102
  644  0000166c  14800034	bnez	r4,L6_LF2
  645  00001670  54000000	nop; delay slot nop
  646  00001674  08000004	j	L8_LF2
  647  00001678  54000000	nop; delay slot nop
  648  0000167c          	L8_LF2:
  649  0000167c  304300ff	andi	r3,r2,#0x00ff
  650  00001680  6c640040	sgtui	r4,r3,#64
  651  00001684  10800020	beqz	r4,L5_LF2
  652  00001688  54000000	nop; delay slot nop
  653  0000168c  304300ff	andi	r3,r2,#0x00ff
  654  00001690  70640041	sleui	r4,r3,#65
  655  00001694  1480000c	bnez	r4,L6_LF2
  656  00001698  54000000	nop; delay slot nop
  657  0000169c  08000008	j	L5_LF2
  658  000016a0  54000000	nop; delay slot nop
  659  000016a4          	L6_LF2:
  660  000016a4  20010001	addi	r1,r0,#1
  661  000016a8          	L5_LF2:
  662  000016a8  08000004	j	L4_LF2
  663  000016ac  54000000	nop; delay slot nop
  664  000016b0          	L4_LF2:
  665  000016b0  8fa20000	lw	r2,0(r29)
  666  000016b4  8fa30004	lw	r3,4(r29)
  667  000016b8  8fa40008	lw	r4,8(r29)
  668  000016bc  8fdffff8	lw	r31,-8(r30)
  669  000016c0  001ee820	add	r29,r0,r30
  670  000016c4  8fdefffc	lw	r30,-4(r30)
  671  000016c8  4be00000	jr	r31
  672  000016cc  54000000	nop
  673  000016d0          	.endproc _isxdigit
  674  000016d0          	.align 2
  675  000016d0          	.proc _dstrcpy
  676  000016d0          	.global _dstrcpy
  677  000016d0          	_dstrcpy:
  678                      ;  Function 'dstrcpy'; 8 bytes of locals, 2 regs to save.
  679  000016d0  afbefffc	sw	-4(r29),r30; push fp
  680  000016d4  001df020	add	r30,r0,r29; fp = sp
  681  000016d8  afbffff8	sw	-8(r29),r31; push ret addr
  682  000016dc  2fbd0018	subui	r29,r29,#24; alloc local storage
  683  000016e0  afa20000	sw	0(r29),r2
  684  000016e4  afa30004	sw	4(r29),r3
  685  000016e8  8fc10000	lw	r1,(r30)
  686  000016ec  afc1fff4	sw	-12(r30),r1
  687  000016f0          	L10_LF2:
  688  000016f0  8fc10000	lw	r1,(r30)
  689  000016f4  20220001	addi	r2,r1,#1
  690  000016f8  afc20000	sw	(r30),r2
  691  000016fc  8fc20004	lw	r2,4(r30)
  692  00001700  20430001	addi	r3,r2,#1
  693  00001704  afc30004	sw	4(r30),r3
  694  00001708  80420000	lb	r2,(r2)
  695  0000170c  a0220000	sb	(r1),r2
  696  00001710  a3c2fff3	sb	-13(r30),r2
  697  00001714          	L12_LF2:
  698  00001714  93c1fff3	lbu	r1,-13(r30)
  699  00001718  64220000	snei	r2,r1,#0
  700  0000171c  1440000c	bnez	r2,L13_LF2
  701  00001720  54000000	nop; delay slot nop
  702  00001724  0800000c	j	L11_LF2
  703  00001728  54000000	nop; delay slot nop
  704  0000172c          	L13_LF2:
  705  0000172c  0bffffc0	j	L10_LF2
  706  00001730  54000000	nop; delay slot nop
  707  00001734          	L11_LF2:
  708  00001734  8fc1fff4	lw	r1,-12(r30)
  709  00001738  08000004	j	L9_LF2
  710  0000173c  54000000	nop; delay slot nop
  711  00001740          	L9_LF2:
  712  00001740  8fa20000	lw	r2,0(r29)
  713  00001744  8fa30004	lw	r3,4(r29)
  714  00001748  8fdffff8	lw	r31,-8(r30)
  715  0000174c  001ee820	add	r29,r0,r30
  716  00001750  8fdefffc	lw	r30,-4(r30)
  717  00001754  4be00000	jr	r31
  718  00001758  54000000	nop
  719  0000175c          	.endproc _dstrcpy
  720  0000175c          	.align 2
  721  0000175c          	.proc _dstrncpy
  722  0000175c          	.global _dstrncpy
  723  0000175c          	_dstrncpy:
  724                      ;  Function 'dstrncpy'; 8 bytes of locals, 2 regs to save.
  725  0000175c  afbefffc	sw	-4(r29),r30; push fp
  726  00001760  001df020	add	r30,r0,r29; fp = sp
  727  00001764  afbffff8	sw	-8(r29),r31; push ret addr
  728  00001768  2fbd0018	subui	r29,r29,#24; alloc local storage
  729  0000176c  afa20000	sw	0(r29),r2
  730  00001770  afa30004	sw	4(r29),r3
  731  00001774  8fc10000	lw	r1,(r30)
  732  00001778  afc1fff4	sw	-12(r30),r1
  733  0000177c          	L15_LF2:
  734  0000177c  8fc10008	lw	r1,8(r30)
  735  00001780  2022ffff	addi	r2,r1,#-1
  736  00001784  afc20008	sw	8(r30),r2
  737  00001788  70210000	slei	r1,r1,#0
  738  0000178c  1020000c	beqz	r1,L18_LF2
  739  00001790  54000000	nop; delay slot nop
  740  00001794  08000048	j	L16_LF2
  741  00001798  54000000	nop; delay slot nop
  742  0000179c          	L18_LF2:
  743  0000179c  8fc10000	lw	r1,(r30)
  744  000017a0  20220001	addi	r2,r1,#1
  745  000017a4  afc20000	sw	(r30),r2
  746  000017a8  8fc20004	lw	r2,4(r30)
  747  000017ac  20430001	addi	r3,r2,#1
  748  000017b0  afc30004	sw	4(r30),r3
  749  000017b4  80420000	lb	r2,(r2)
  750  000017b8  a0220000	sb	(r1),r2
  751  000017bc  a3c2fff3	sb	-13(r30),r2
  752  000017c0          	L17_LF2:
  753  000017c0  93c1fff3	lbu	r1,-13(r30)
  754  000017c4  64220000	snei	r2,r1,#0
  755  000017c8  1440000c	bnez	r2,L19_LF2
  756  000017cc  54000000	nop; delay slot nop
  757  000017d0  0800000c	j	L16_LF2
  758  000017d4  54000000	nop; delay slot nop
  759  000017d8          	L19_LF2:
  760  000017d8  0bffffa0	j	L15_LF2
  761  000017dc  54000000	nop; delay slot nop
  762  000017e0          	L16_LF2:
  763  000017e0  8fc1fff4	lw	r1,-12(r30)
  764  000017e4  08000004	j	L14_LF2
  765  000017e8  54000000	nop; delay slot nop
  766  000017ec          	L14_LF2:
  767  000017ec  8fa20000	lw	r2,0(r29)
  768  000017f0  8fa30004	lw	r3,4(r29)
  769  000017f4  8fdffff8	lw	r31,-8(r30)
  770  000017f8  001ee820	add	r29,r0,r30
  771  000017fc  8fdefffc	lw	r30,-4(r30)
  772  00001800  4be00000	jr	r31
  773  00001804  54000000	nop
  774  00001808          	.endproc _dstrncpy
  775  00001808          	.align 2
  776  00001808          	.proc _dstrcat
  777  00001808          	.global _dstrcat
  778  00001808          	_dstrcat:
  779                      ;  Function 'dstrcat'; 8 bytes of locals, 1 regs to save.
  780  00001808  afbefffc	sw	-4(r29),r30; push fp
  781  0000180c  001df020	add	r30,r0,r29; fp = sp
  782  00001810  afbffff8	sw	-8(r29),r31; push ret addr
  783  00001814  2fbd0018	subui	r29,r29,#24; alloc local storage
  784  00001818  afa20000	sw	0(r29),r2
  785  0000181c  8fc10000	lw	r1,(r30)
  786  00001820  afc1fff4	sw	-12(r30),r1
  787  00001824          	L21_LF2:
  788  00001824  8fc10000	lw	r1,(r30)
  789  00001828  90220000	lbu	r2,(r1)
  790  0000182c  64410000	snei	r1,r2,#0
  791  00001830  1420000c	bnez	r1,L23_LF2
  792  00001834  54000000	nop; delay slot nop
  793  00001838  0800001c	j	L22_LF2
  794  0000183c  54000000	nop; delay slot nop
  795  00001840          	L23_LF2:
  796  00001840  8fc20000	lw	r2,(r30)
  797  00001844  20410001	addi	r1,r2,#1
  798  00001848  00011020	add	r2,r0,r1
  799  0000184c  afc20000	sw	(r30),r2
  800  00001850  0bffffd0	j	L21_LF2
  801  00001854  54000000	nop; delay slot nop
  802  00001858          	L22_LF2:
  803  00001858  23bdfff8	addi	r29,r29,#-8
  804  0000185c  001d0820	add	r1,r0,r29
  805  00001860  8fc20000	lw	r2,(r30)
  806  00001864  ac220000	sw	(r1),r2
  807  00001868  8fc20004	lw	r2,4(r30)
  808  0000186c  ac220004	sw	4(r1),r2
  809  00001870  0ffffe5c	jal	_dstrcpy
  810  00001874  54000000	nop; delay slot nop
  811  00001878  23bd0008	addi	r29,r29,#8
  812  0000187c  8fc1fff4	lw	r1,-12(r30)
  813  00001880  08000004	j	L20_LF2
  814  00001884  54000000	nop; delay slot nop
  815  00001888          	L20_LF2:
  816  00001888  8fa20000	lw	r2,0(r29)
  817  0000188c  8fdffff8	lw	r31,-8(r30)
  818  00001890  001ee820	add	r29,r0,r30
  819  00001894  8fdefffc	lw	r30,-4(r30)
  820  00001898  4be00000	jr	r31
  821  0000189c  54000000	nop
  822  000018a0          	.endproc _dstrcat
  823  000018a0          	.align 2
  824  000018a0          	.proc _dstrncmp
  825  000018a0          	.global _dstrncmp
  826  000018a0          	_dstrncmp:
  827                      ;  Function 'dstrncmp'; 8 bytes of locals, 2 regs to save.
  828  000018a0  afbefffc	sw	-4(r29),r30; push fp
  829  000018a4  001df020	add	r30,r0,r29; fp = sp
  830  000018a8  afbffff8	sw	-8(r29),r31; push ret addr
  831  000018ac  2fbd0018	subui	r29,r29,#24; alloc local storage
  832  000018b0  afa20000	sw	0(r29),r2
  833  000018b4  afa30004	sw	4(r29),r3
  834  000018b8  54000000	nop
  835  000018bc  20010000	addi	r1,r0,#0
  836  000018c0  afc1fff4	sw	-12(r30),r1
  837  000018c4          	L25_LF2:
  838  000018c4  8fc1fff4	lw	r1,-12(r30)
  839  000018c8  8fc20008	lw	r2,8(r30)
  840  000018cc  0022082a	slt	r1,r1,r2
  841  000018d0  1420000c	bnez	r1,L28_LF2
  842  000018d4  54000000	nop; delay slot nop
  843  000018d8  08000088	j	L26_LF2
  844  000018dc  54000000	nop; delay slot nop
  845  000018e0          	L28_LF2:
  846  000018e0  8fc10004	lw	r1,4(r30)
  847  000018e4  90220000	lbu	r2,(r1)
  848  000018e8  64410000	snei	r1,r2,#0
  849  000018ec  14200018	bnez	r1,L29_LF2
  850  000018f0  54000000	nop; delay slot nop
  851  000018f4  20010000	addi	r1,r0,#0
  852  000018f8  080000d8	j	L24_LF2
  853  000018fc  54000000	nop; delay slot nop
  854  00001900  08000028	j	L30_LF2
  855  00001904  54000000	nop; delay slot nop
  856  00001908          	L29_LF2:
  857  00001908  8fc10000	lw	r1,(r30)
  858  0000190c  8fc20004	lw	r2,4(r30)
  859  00001910  90210000	lbu	r1,(r1)
  860  00001914  90420000	lbu	r2,(r2)
  861  00001918  00220829	sne	r1,r1,r2
  862  0000191c  1020000c	beqz	r1,L30_LF2
  863  00001920  54000000	nop; delay slot nop
  864  00001924  0800003c	j	L26_LF2
  865  00001928  54000000	nop; delay slot nop
  866  0000192c          	L31_LF2:
  867  0000192c          	L30_LF2:
  868  0000192c  8fc20000	lw	r2,(r30)
  869  00001930  20410001	addi	r1,r2,#1
  870  00001934  00011020	add	r2,r0,r1
  871  00001938  afc20000	sw	(r30),r2
  872  0000193c  8fc20004	lw	r2,4(r30)
  873  00001940  20410001	addi	r1,r2,#1
  874  00001944  00011020	add	r2,r0,r1
  875  00001948  afc20004	sw	4(r30),r2
  876  0000194c          	L27_LF2:
  877  0000194c  8fc2fff4	lw	r2,-12(r30)
  878  00001950  20410001	addi	r1,r2,#1
  879  00001954  00011020	add	r2,r0,r1
  880  00001958  afc2fff4	sw	-12(r30),r2
  881  0000195c  0bffff64	j	L25_LF2
  882  00001960  54000000	nop; delay slot nop
  883  00001964          	L26_LF2:
  884  00001964  8fc1fff4	lw	r1,-12(r30)
  885  00001968  8fc20008	lw	r2,8(r30)
  886  0000196c  00220828	seq	r1,r1,r2
  887  00001970  10200018	beqz	r1,L32_LF2
  888  00001974  54000000	nop; delay slot nop
  889  00001978  20010000	addi	r1,r0,#0
  890  0000197c  08000054	j	L24_LF2
  891  00001980  54000000	nop; delay slot nop
  892  00001984  0800004c	j	L33_LF2
  893  00001988  54000000	nop; delay slot nop
  894  0000198c          	L32_LF2:
  895  0000198c  8fc20000	lw	r2,(r30)
  896  00001990  90410000	lbu	r1,(r2)
  897  00001994  8fc20004	lw	r2,4(r30)
  898  00001998  90430000	lbu	r3,(r2)
  899  0000199c  00230822	sub	r1,r1,r3
  900  000019a0  74220000	sgei	r2,r1,#0
  901  000019a4  10400020	beqz	r2,L34_LF2
  902  000019a8  54000000	nop; delay slot nop
  903  000019ac  8fc10000	lw	r1,(r30)
  904  000019b0  8fc20004	lw	r2,4(r30)
  905  000019b4  90210000	lbu	r1,(r1)
  906  000019b8  90420000	lbu	r2,(r2)
  907  000019bc  00220829	sne	r1,r1,r2
  908  000019c0  08000008	j	L35_LF2
  909  000019c4  54000000	nop; delay slot nop
  910  000019c8          	L34_LF2:
  911  000019c8  2001ffff	addi	r1,r0,#-1
  912  000019cc          	L35_LF2:
  913  000019cc  08000004	j	L24_LF2
  914  000019d0  54000000	nop; delay slot nop
  915  000019d4          	L33_LF2:
  916  000019d4          	L24_LF2:
  917  000019d4  8fa20000	lw	r2,0(r29)
  918  000019d8  8fa30004	lw	r3,4(r29)
  919  000019dc  8fdffff8	lw	r31,-8(r30)
  920  000019e0  001ee820	add	r29,r0,r30
  921  000019e4  8fdefffc	lw	r30,-4(r30)
  922  000019e8  4be00000	jr	r31
  923  000019ec  54000000	nop
  924  000019f0          	.endproc _dstrncmp
  925  000019f0          	.align 2
  926  000019f0          	.proc _dstrlen
  927  000019f0          	.global _dstrlen
  928  000019f0          	_dstrlen:
  929                      ;  Function 'dstrlen'; 8 bytes of locals, 1 regs to save.
  930  000019f0  afbefffc	sw	-4(r29),r30; push fp
  931  000019f4  001df020	add	r30,r0,r29; fp = sp
  932  000019f8  afbffff8	sw	-8(r29),r31; push ret addr
  933  000019fc  2fbd0018	subui	r29,r29,#24; alloc local storage
  934  00001a00  afa20000	sw	0(r29),r2
  935  00001a04  20010000	addi	r1,r0,#0
  936  00001a08  afc1fff4	sw	-12(r30),r1
  937  00001a0c          	L37_LF2:
  938  00001a0c  8fc10000	lw	r1,(r30)
  939  00001a10  20220001	addi	r2,r1,#1
  940  00001a14  afc20000	sw	(r30),r2
  941  00001a18  90210000	lbu	r1,(r1)
  942  00001a1c  64220000	snei	r2,r1,#0
  943  00001a20  1440000c	bnez	r2,L39_LF2
  944  00001a24  54000000	nop; delay slot nop
  945  00001a28  0800001c	j	L38_LF2
  946  00001a2c  54000000	nop; delay slot nop
  947  00001a30          	L39_LF2:
  948  00001a30  8fc2fff4	lw	r2,-12(r30)
  949  00001a34  20410001	addi	r1,r2,#1
  950  00001a38  00011020	add	r2,r0,r1
  951  00001a3c  afc2fff4	sw	-12(r30),r2
  952  00001a40  0bffffc8	j	L37_LF2
  953  00001a44  54000000	nop; delay slot nop
  954  00001a48          	L38_LF2:
  955  00001a48  8fc1fff4	lw	r1,-12(r30)
  956  00001a4c  08000004	j	L36_LF2
  957  00001a50  54000000	nop; delay slot nop
  958  00001a54          	L36_LF2:
  959  00001a54  8fa20000	lw	r2,0(r29)
  960  00001a58  8fdffff8	lw	r31,-8(r30)
  961  00001a5c  001ee820	add	r29,r0,r30
  962  00001a60  8fdefffc	lw	r30,-4(r30)
  963  00001a64  4be00000	jr	r31
  964  00001a68  54000000	nop
  965  00001a6c          	.endproc _dstrlen
  966  00001a6c          	.align 2
  967  00001a6c          	.proc _dstrstr
  968  00001a6c          	.global _dstrstr
  969  00001a6c          	_dstrstr:
  970                      ;  Function 'dstrstr'; 8 bytes of locals, 1 regs to save.
  971  00001a6c  afbefffc	sw	-4(r29),r30; push fp
  972  00001a70  001df020	add	r30,r0,r29; fp = sp
  973  00001a74  afbffff8	sw	-8(r29),r31; push ret addr
  974  00001a78  2fbd0018	subui	r29,r29,#24; alloc local storage
  975  00001a7c  afa20000	sw	0(r29),r2
  976  00001a80  23bdfff8	addi	r29,r29,#-8
  977  00001a84  001d0820	add	r1,r0,r29
  978  00001a88  8fc20004	lw	r2,4(r30)
  979  00001a8c  ac220000	sw	(r1),r2
  980  00001a90  0fffff5c	jal	_dstrlen
  981  00001a94  54000000	nop; delay slot nop
  982  00001a98  23bd0008	addi	r29,r29,#8
  983  00001a9c  afc1fff4	sw	-12(r30),r1
  984  00001aa0          	L41_LF2:
  985  00001aa0  8fc10000	lw	r1,(r30)
  986  00001aa4  90220000	lbu	r2,(r1)
  987  00001aa8  64410000	snei	r1,r2,#0
  988  00001aac  1420000c	bnez	r1,L43_LF2
  989  00001ab0  54000000	nop; delay slot nop
  990  00001ab4  08000060	j	L42_LF2
  991  00001ab8  54000000	nop; delay slot nop
  992  00001abc          	L43_LF2:
  993  00001abc  23bdfff0	addi	r29,r29,#-16
  994  00001ac0  001d0820	add	r1,r0,r29
  995  00001ac4  8fc20000	lw	r2,(r30)
  996  00001ac8  ac220000	sw	(r1),r2
  997  00001acc  8fc20004	lw	r2,4(r30)
  998  00001ad0  ac220004	sw	4(r1),r2
  999  00001ad4  8fc2fff4	lw	r2,-12(r30)
 1000  00001ad8  ac220008	sw	8(r1),r2
 1001  00001adc  0ffffdc0	jal	_dstrncmp
 1002  00001ae0  54000000	nop; delay slot nop
 1003  00001ae4  23bd0010	addi	r29,r29,#16
 1004  00001ae8  64220000	snei	r2,r1,#0
 1005  00001aec  14400010	bnez	r2,L44_LF2
 1006  00001af0  54000000	nop; delay slot nop
 1007  00001af4  8fc10000	lw	r1,(r30)
 1008  00001af8  08000028	j	L40_LF2
 1009  00001afc  54000000	nop; delay slot nop
 1010  00001b00          	L44_LF2:
 1011  00001b00  8fc20000	lw	r2,(r30)
 1012  00001b04  20410001	addi	r1,r2,#1
 1013  00001b08  00011020	add	r2,r0,r1
 1014  00001b0c  afc20000	sw	(r30),r2
 1015  00001b10  0bffff8c	j	L41_LF2
 1016  00001b14  54000000	nop; delay slot nop
 1017  00001b18          	L42_LF2:
 1018  00001b18  20010000	addi	r1,r0,#0
 1019  00001b1c  08000004	j	L40_LF2
 1020  00001b20  54000000	nop; delay slot nop
 1021  00001b24          	L40_LF2:
 1022  00001b24  8fa20000	lw	r2,0(r29)
 1023  00001b28  8fdffff8	lw	r31,-8(r30)
 1024  00001b2c  001ee820	add	r29,r0,r30
 1025  00001b30  8fdefffc	lw	r30,-4(r30)
 1026  00001b34  4be00000	jr	r31
 1027  00001b38  54000000	nop
 1028  00001b3c          	.endproc _dstrstr
 1029  00001b3c          	.align 2
 1030  00001b3c          	.proc _dmindex
 1031  00001b3c          	.global _dmindex
 1032  00001b3c          	_dmindex:
 1033                      ;  Function 'dmindex'; 8 bytes of locals, 1 regs to save.
 1034  00001b3c  afbefffc	sw	-4(r29),r30; push fp
 1035  00001b40  001df020	add	r30,r0,r29; fp = sp
 1036  00001b44  afbffff8	sw	-8(r29),r31; push ret addr
 1037  00001b48  2fbd0018	subui	r29,r29,#24; alloc local storage
 1038  00001b4c  afa20000	sw	0(r29),r2
 1039  00001b50  54000000	nop
 1040  00001b54          	L46_LF2:
 1041  00001b54  8fc10000	lw	r1,(r30)
 1042  00001b58  90220000	lbu	r2,(r1)
 1043  00001b5c  64410000	snei	r1,r2,#0
 1044  00001b60  1420000c	bnez	r1,L48_LF2
 1045  00001b64  54000000	nop; delay slot nop
 1046  00001b68  08000070	j	L47_LF2
 1047  00001b6c  54000000	nop; delay slot nop
 1048  00001b70          	L48_LF2:
 1049  00001b70  8fc10004	lw	r1,4(r30)
 1050  00001b74  afc1fff4	sw	-12(r30),r1
 1051  00001b78          	L49_LF2:
 1052  00001b78  8fc1fff4	lw	r1,-12(r30)
 1053  00001b7c  90220000	lbu	r2,(r1)
 1054  00001b80  64410000	snei	r1,r2,#0
 1055  00001b84  1420000c	bnez	r1,L52_LF2
 1056  00001b88  54000000	nop; delay slot nop
 1057  00001b8c  08000044	j	L50_LF2
 1058  00001b90  54000000	nop; delay slot nop
 1059  00001b94          	L52_LF2:
 1060  00001b94  8fc10000	lw	r1,(r30)
 1061  00001b98  8fc2fff4	lw	r2,-12(r30)
 1062  00001b9c  90210000	lbu	r1,(r1)
 1063  00001ba0  90420000	lbu	r2,(r2)
 1064  00001ba4  00220828	seq	r1,r1,r2
 1065  00001ba8  10200010	beqz	r1,L51_LF2
 1066  00001bac  54000000	nop; delay slot nop
 1067  00001bb0  8fc10000	lw	r1,(r30)
 1068  00001bb4  08000030	j	L45_LF2
 1069  00001bb8  54000000	nop; delay slot nop
 1070  00001bbc          	L53_LF2:
 1071  00001bbc          	L51_LF2:
 1072  00001bbc  8fc2fff4	lw	r2,-12(r30)
 1073  00001bc0  20410001	addi	r1,r2,#1
 1074  00001bc4  00011020	add	r2,r0,r1
 1075  00001bc8  afc2fff4	sw	-12(r30),r2
 1076  00001bcc  0bffffa8	j	L49_LF2
 1077  00001bd0  54000000	nop; delay slot nop
 1078  00001bd4          	L50_LF2:
 1079  00001bd4  0bffff7c	j	L46_LF2
 1080  00001bd8  54000000	nop; delay slot nop
 1081  00001bdc          	L47_LF2:
 1082  00001bdc  20010000	addi	r1,r0,#0
 1083  00001be0  08000004	j	L45_LF2
 1084  00001be4  54000000	nop; delay slot nop
 1085  00001be8          	L45_LF2:
 1086  00001be8  8fa20000	lw	r2,0(r29)
 1087  00001bec  8fdffff8	lw	r31,-8(r30)
 1088  00001bf0  001ee820	add	r29,r0,r30
 1089  00001bf4  8fdefffc	lw	r30,-4(r30)
 1090  00001bf8  4be00000	jr	r31
 1091  00001bfc  54000000	nop
 1092  00001c00          	.endproc _dmindex
 1093  00001c00          	.align 2
 1094  00001c00          	.proc _dindex
 1095  00001c00          	.global _dindex
 1096  00001c00          	_dindex:
 1097                      ;  Function 'dindex'; 0 bytes of locals, 1 regs to save.
 1098  00001c00  afbefffc	sw	-4(r29),r30; push fp
 1099  00001c04  001df020	add	r30,r0,r29; fp = sp
 1100  00001c08  afbffff8	sw	-8(r29),r31; push ret addr
 1101  00001c0c  2fbd0010	subui	r29,r29,#16; alloc local storage
 1102  00001c10  afa20000	sw	0(r29),r2
 1103  00001c14  54000000	nop
 1104  00001c18          	L55_LF2:
 1105  00001c18  8fc10000	lw	r1,(r30)
 1106  00001c1c  90220000	lbu	r2,(r1)
 1107  00001c20  64410000	snei	r1,r2,#0
 1108  00001c24  1420000c	bnez	r1,L57_LF2
 1109  00001c28  54000000	nop; delay slot nop
 1110  00001c2c  08000040	j	L56_LF2
 1111  00001c30  54000000	nop; delay slot nop
 1112  00001c34          	L57_LF2:
 1113  00001c34  8fc10000	lw	r1,(r30)
 1114  00001c38  90220000	lbu	r2,(r1)
 1115  00001c3c  8fc10004	lw	r1,4(r30)
 1116  00001c40  00411028	seq	r2,r2,r1
 1117  00001c44  10400010	beqz	r2,L58_LF2
 1118  00001c48  54000000	nop; delay slot nop
 1119  00001c4c  8fc10000	lw	r1,(r30)
 1120  00001c50  08000028	j	L54_LF2
 1121  00001c54  54000000	nop; delay slot nop
 1122  00001c58          	L58_LF2:
 1123  00001c58  8fc20000	lw	r2,(r30)
 1124  00001c5c  20410001	addi	r1,r2,#1
 1125  00001c60  00011020	add	r2,r0,r1
 1126  00001c64  afc20000	sw	(r30),r2
 1127  00001c68  0bffffac	j	L55_LF2
 1128  00001c6c  54000000	nop; delay slot nop
 1129  00001c70          	L56_LF2:
 1130  00001c70  20010000	addi	r1,r0,#0
 1131  00001c74  08000004	j	L54_LF2
 1132  00001c78  54000000	nop; delay slot nop
 1133  00001c7c          	L54_LF2:
 1134  00001c7c  8fa20000	lw	r2,0(r29)
 1135  00001c80  8fdffff8	lw	r31,-8(r30)
 1136  00001c84  001ee820	add	r29,r0,r30
 1137  00001c88  8fdefffc	lw	r30,-4(r30)
 1138  00001c8c  4be00000	jr	r31
 1139  00001c90  54000000	nop
 1140  00001c94          	.endproc _dindex
 1141  00001c94          	.align 2
 1142  00001c94          	.proc _ditoa
 1143  00001c94          	.global _ditoa
 1144  00001c94          	_ditoa:
 1145                      ;  Function 'ditoa'; 8 bytes of locals, 2 regs to save.
 1146  00001c94  afbefffc	sw	-4(r29),r30; push fp
 1147  00001c98  001df020	add	r30,r0,r29; fp = sp
 1148  00001c9c  afbffff8	sw	-8(r29),r31; push ret addr
 1149  00001ca0  2fbd0018	subui	r29,r29,#24; alloc local storage
 1150  00001ca4  afa20000	sw	0(r29),r2
 1151  00001ca8  afa30004	sw	4(r29),r3
 1152  00001cac  8fc10000	lw	r1,(r30)
 1153  00001cb0  68220000	slti	r2,r1,#0
 1154  00001cb4  1040002c	beqz	r2,L60_LF2
 1155  00001cb8  54000000	nop; delay slot nop
 1156  00001cbc  8fc10004	lw	r1,4(r30)
 1157  00001cc0  20220001	addi	r2,r1,#1
 1158  00001cc4  afc20004	sw	4(r30),r2
 1159  00001cc8  2002002d	addi	r2,r0,(#0x2d)&0xff
 1160  00001ccc  a0220000	sb	(r1),r2
 1161  00001cd0  8fc10000	lw	r1,(r30)
 1162  00001cd4  00011022	sub	r2,r0,r1
 1163  00001cd8  afc20000	sw	(r30),r2
 1164  00001cdc  08000118	j	L61_LF2
 1165  00001ce0  54000000	nop; delay slot nop
 1166  00001ce4          	L60_LF2:
 1167  00001ce4  8fc10000	lw	r1,(r30)
 1168  00001ce8  64220000	snei	r2,r1,#0
 1169  00001cec  14400020	bnez	r2,L62_LF2
 1170  00001cf0  54000000	nop; delay slot nop
 1171  00001cf4  8fc10004	lw	r1,4(r30)
 1172  00001cf8  20220001	addi	r2,r1,#1
 1173  00001cfc  afc20004	sw	4(r30),r2
 1174  00001d00  20020030	addi	r2,r0,(#0x30)&0xff
 1175  00001d04  a0220000	sb	(r1),r2
 1176  00001d08  080000ec	j	L61_LF2
 1177  00001d0c  54000000	nop; delay slot nop
 1178  00001d10          	L62_LF2:
 1179  00001d10  20010001	addi	r1,r0,#1
 1180  00001d14  afc1fff4	sw	-12(r30),r1
 1181  00001d18          	L64_LF2:
 1182  00001d18  8fc1fff4	lw	r1,-12(r30)
 1183  00001d1c  8fc20000	lw	r2,(r30)
 1184  00001d20  0022082c	sle	r1,r1,r2
 1185  00001d24  1420000c	bnez	r1,L66_LF2
 1186  00001d28  54000000	nop; delay slot nop
 1187  00001d2c  08000024	j	L65_LF2
 1188  00001d30  54000000	nop; delay slot nop
 1189  00001d34          	L67_LF2:
 1190  00001d34          	L66_LF2:
 1191  00001d34  8fc1fff4	lw	r1,-12(r30)
 1192  00001d38  00011820	add	r3,r0,r1
 1193  00001d3c  50620002	slli	r2,r3,#0x2
 1194  00001d40  00411020	add	r2,r2,r1
 1195  00001d44  50410001	slli	r1,r2,#0x1
 1196  00001d48  afc1fff4	sw	-12(r30),r1
 1197  00001d4c  0bffffc8	j	L64_LF2
 1198  00001d50  54000000	nop; delay slot nop
 1199  00001d54          	L65_LF2:
 1200  00001d54  54000000	nop
 1201  00001d58          	L68_LF2:
 1202  00001d58  8fc1fff4	lw	r1,-12(r30)
 1203  00001d5c  2002000a	addi	r2,r0,#10
 1204  00001d60  00200035	movi2fp	f0,r1
 1205  00001d64  00400835	movi2fp	f1,r2
 1206  00001d68  0401000f	div	f0,f0,f1
 1207  00001d6c  00000834	movfp2i	r1,f0
 1208  00001d70  afc1fff4	sw	-12(r30),r1
 1209  00001d74  8fc10004	lw	r1,4(r30)
 1210  00001d78  20220001	addi	r2,r1,#1
 1211  00001d7c  afc20004	sw	4(r30),r2
 1212  00001d80  8fc20000	lw	r2,(r30)
 1213  00001d84  8fc3fff4	lw	r3,-12(r30)
 1214  00001d88  00400035	movi2fp	f0,r2
 1215  00001d8c  00600835	movi2fp	f1,r3
 1216  00001d90  0401000f	div	f0,f0,f1
 1217  00001d94  00001034	movfp2i	r2,f0
 1218  00001d98  00021820	add	r3,r0,r2
 1219  00001d9c  20620030	addi	r2,r3,#48
 1220  00001da0  a0220000	sb	(r1),r2
 1221  00001da4  8fc10000	lw	r1,(r30)
 1222  00001da8  8fc3fff4	lw	r3,-12(r30)
 1223  00001dac  00200035	movi2fp	f0,r1
 1224  00001db0  00600835	movi2fp	f1,r3
 1225  00001db4  0401000f	div	f0,f0,f1
 1226  00001db8  00001034	movfp2i	r2,f0
 1227  00001dbc  8fc3fff4	lw	r3,-12(r30)
 1228  00001dc0  00400035	movi2fp	f0,r2
 1229  00001dc4  00600835	movi2fp	f1,r3
 1230  00001dc8  0401000e	mult	f0,f0,f1
 1231  00001dcc  00001034	movfp2i	r2,f0
 1232  00001dd0  00220822	sub	r1,r1,r2
 1233  00001dd4  afc10000	sw	(r30),r1
 1234  00001dd8          	L70_LF2:
 1235  00001dd8  8fc1fff4	lw	r1,-12(r30)
 1236  00001ddc  6c220001	sgti	r2,r1,#1
 1237  00001de0  1440000c	bnez	r2,L71_LF2
 1238  00001de4  54000000	nop; delay slot nop
 1239  00001de8  0800000c	j	L61_LF2
 1240  00001dec  54000000	nop; delay slot nop
 1241  00001df0          	L71_LF2:
 1242  00001df0  0bffff64	j	L68_LF2
 1243  00001df4  54000000	nop; delay slot nop
 1244  00001df8          	L69_LF2:
 1245  00001df8          	L63_LF2:
 1246  00001df8          	L61_LF2:
 1247  00001df8  8fc10004	lw	r1,4(r30)
 1248  00001dfc  20020000	addi	r2,r0,(#0x0)&0xff
 1249  00001e00  a0220000	sb	(r1),r2
 1250  00001e04          	L59_LF2:
 1251  00001e04  8fa20000	lw	r2,0(r29)
 1252  00001e08  8fa30004	lw	r3,4(r29)
 1253  00001e0c  8fdffff8	lw	r31,-8(r30)
 1254  00001e10  001ee820	add	r29,r0,r30
 1255  00001e14  8fdefffc	lw	r30,-4(r30)
 1256  00001e18  4be00000	jr	r31
 1257  00001e1c  54000000	nop
 1258  00001e20          	.endproc _ditoa
 1259  00001e20          	.align 2
 1260  00001e20          	.proc _dstrtol
 1261  00001e20          	.global _dstrtol
 1262  00001e20          	_dstrtol:
 1263                      ;  Function 'dstrtol'; 16 bytes of locals, 1 regs to save.
 1264  00001e20  afbefffc	sw	-4(r29),r30; push fp
 1265  00001e24  001df020	add	r30,r0,r29; fp = sp
 1266  00001e28  afbffff8	sw	-8(r29),r31; push ret addr
 1267  00001e2c  2fbd0020	subui	r29,r29,#32; alloc local storage
 1268  00001e30  afa20000	sw	0(r29),r2
 1269  00001e34  20010000	addi	r1,r0,#0
 1270  00001e38  afc1fff4	sw	-12(r30),r1
 1271  00001e3c          	L73_LF2:
 1272  00001e3c  8fc10000	lw	r1,(r30)
 1273  00001e40  90220000	lbu	r2,(r1)
 1274  00001e44  60410020	seqi	r1,r2,#32
 1275  00001e48  14200034	bnez	r1,L75_LF2
 1276  00001e4c  54000000	nop; delay slot nop
 1277  00001e50  8fc10000	lw	r1,(r30)
 1278  00001e54  90220000	lbu	r2,(r1)
 1279  00001e58  60410009	seqi	r1,r2,#9
 1280  00001e5c  14200020	bnez	r1,L75_LF2
 1281  00001e60  54000000	nop; delay slot nop
 1282  00001e64  8fc10000	lw	r1,(r30)
 1283  00001e68  90220000	lbu	r2,(r1)
 1284  00001e6c  6041000a	seqi	r1,r2,#10
 1285  00001e70  1420000c	bnez	r1,L75_LF2
 1286  00001e74  54000000	nop; delay slot nop
 1287  00001e78  0800001c	j	L74_LF2
 1288  00001e7c  54000000	nop; delay slot nop
 1289  00001e80          	L75_LF2:
 1290  00001e80  8fc20000	lw	r2,(r30)
 1291  00001e84  20410001	addi	r1,r2,#1
 1292  00001e88  00011020	add	r2,r0,r1
 1293  00001e8c  afc20000	sw	(r30),r2
 1294  00001e90  0bffffa8	j	L73_LF2
 1295  00001e94  54000000	nop; delay slot nop
 1296  00001e98          	L74_LF2:
 1297  00001e98  8fc10004	lw	r1,4(r30)
 1298  00001e9c  64220000	snei	r2,r1,#0
 1299  00001ea0  10400010	beqz	r2,L76_LF2
 1300  00001ea4  54000000	nop; delay slot nop
 1301  00001ea8  8fc10004	lw	r1,4(r30)
 1302  00001eac  8fc20000	lw	r2,(r30)
 1303  00001eb0  ac220000	sw	(r1),r2
 1304  00001eb4          	L76_LF2:
 1305  00001eb4  8fc10000	lw	r1,(r30)
 1306  00001eb8  90220000	lbu	r2,(r1)
 1307  00001ebc  64410000	snei	r1,r2,#0
 1308  00001ec0  14200010	bnez	r1,L77_LF2
 1309  00001ec4  54000000	nop; delay slot nop
 1310  00001ec8  8fc1fff4	lw	r1,-12(r30)
 1311  00001ecc  08000294	j	L72_LF2
 1312  00001ed0  54000000	nop; delay slot nop
 1313  00001ed4          	L77_LF2:
 1314  00001ed4  8fc10000	lw	r1,(r30)
 1315  00001ed8  90220000	lbu	r2,(r1)
 1316  00001edc  6041002d	seqi	r1,r2,#45
 1317  00001ee0  10200024	beqz	r1,L78_LF2
 1318  00001ee4  54000000	nop; delay slot nop
 1319  00001ee8  2001ffff	addi	r1,r0,#-1
 1320  00001eec  afc1ffec	sw	-20(r30),r1
 1321  00001ef0  8fc20000	lw	r2,(r30)
 1322  00001ef4  20410001	addi	r1,r2,#1
 1323  00001ef8  00011020	add	r2,r0,r1
 1324  00001efc  afc20000	sw	(r30),r2
 1325  00001f00  0800000c	j	L79_LF2
 1326  00001f04  54000000	nop; delay slot nop
 1327  00001f08          	L78_LF2:
 1328  00001f08  20010001	addi	r1,r0,#1
 1329  00001f0c  afc1ffec	sw	-20(r30),r1
 1330  00001f10          	L79_LF2:
 1331  00001f10  8fc10008	lw	r1,8(r30)
 1332  00001f14  64220000	snei	r2,r1,#0
 1333  00001f18  14400090	bnez	r2,L80_LF2
 1334  00001f1c  54000000	nop; delay slot nop
 1335  00001f20  8fc10000	lw	r1,(r30)
 1336  00001f24  90220000	lbu	r2,(r1)
 1337  00001f28  60410030	seqi	r1,r2,#48
 1338  00001f2c  10200074	beqz	r1,L81_LF2
 1339  00001f30  54000000	nop; delay slot nop
 1340  00001f34  8fc20000	lw	r2,(r30)
 1341  00001f38  20410001	addi	r1,r2,#1
 1342  00001f3c  00011020	add	r2,r0,r1
 1343  00001f40  afc20000	sw	(r30),r2
 1344  00001f44  8fc10000	lw	r1,(r30)
 1345  00001f48  90220000	lbu	r2,(r1)
 1346  00001f4c  60410078	seqi	r1,r2,#120
 1347  00001f50  14200020	bnez	r1,L83_LF2
 1348  00001f54  54000000	nop; delay slot nop
 1349  00001f58  8fc10000	lw	r1,(r30)
 1350  00001f5c  90220000	lbu	r2,(r1)
 1351  00001f60  60410058	seqi	r1,r2,#88
 1352  00001f64  1420000c	bnez	r1,L83_LF2
 1353  00001f68  54000000	nop; delay slot nop
 1354  00001f6c  08000024	j	L82_LF2
 1355  00001f70  54000000	nop; delay slot nop
 1356  00001f74          	L83_LF2:
 1357  00001f74  20010010	addi	r1,r0,#16
 1358  00001f78  afc10008	sw	8(r30),r1
 1359  00001f7c  8fc20000	lw	r2,(r30)
 1360  00001f80  20410001	addi	r1,r2,#1
 1361  00001f84  00011020	add	r2,r0,r1
 1362  00001f88  afc20000	sw	(r30),r2
 1363  00001f8c  0800000c	j	L84_LF2
 1364  00001f90  54000000	nop; delay slot nop
 1365  00001f94          	L82_LF2:
 1366  00001f94  20010008	addi	r1,r0,#8
 1367  00001f98  afc10008	sw	8(r30),r1
 1368  00001f9c          	L84_LF2:
 1369  00001f9c  0800000c	j	L80_LF2
 1370  00001fa0  54000000	nop; delay slot nop
 1371  00001fa4          	L81_LF2:
 1372  00001fa4  2001000a	addi	r1,r0,#10
 1373  00001fa8  afc10008	sw	8(r30),r1
 1374  00001fac          	L85_LF2:
 1375  00001fac          	L80_LF2:
 1376  00001fac  8fc10008	lw	r1,8(r30)
 1377  00001fb0  70220000	slei	r2,r1,#0
 1378  00001fb4  1440001c	bnez	r2,L87_LF2
 1379  00001fb8  54000000	nop; delay slot nop
 1380  00001fbc  8fc10008	lw	r1,8(r30)
 1381  00001fc0  6c220010	sgti	r2,r1,#16
 1382  00001fc4  1440000c	bnez	r2,L87_LF2
 1383  00001fc8  54000000	nop; delay slot nop
 1384  00001fcc  08000010	j	L86_LF2
 1385  00001fd0  54000000	nop; delay slot nop
 1386  00001fd4          	L87_LF2:
 1387  00001fd4  8fc1fff4	lw	r1,-12(r30)
 1388  00001fd8  08000188	j	L72_LF2
 1389  00001fdc  54000000	nop; delay slot nop
 1390  00001fe0          	L86_LF2:
 1391  00001fe0  54000000	nop
 1392  00001fe4          	L88_LF2:
 1393  00001fe4  8fc10000	lw	r1,(r30)
 1394  00001fe8  90220000	lbu	r2,(r1)
 1395  00001fec  6c41002f	sgtui	r1,r2,#47
 1396  00001ff0  10200030	beqz	r1,L91_LF2
 1397  00001ff4  54000000	nop; delay slot nop
 1398  00001ff8  8fc10000	lw	r1,(r30)
 1399  00001ffc  90220000	lbu	r2,(r1)
 1400  00002000  70410039	sleui	r1,r2,#57
 1401  00002004  1020001c	beqz	r1,L91_LF2
 1402  00002008  54000000	nop; delay slot nop
 1403  0000200c  8fc10000	lw	r1,(r30)
 1404  00002010  90220000	lbu	r2,(r1)
 1405  00002014  2041ffd0	addi	r1,r2,#-48
 1406  00002018  afc1fff0	sw	-16(r30),r1
 1407  0000201c  0800008c	j	L92_LF2
 1408  00002020  54000000	nop; delay slot nop
 1409  00002024          	L91_LF2:
 1410  00002024  8fc10000	lw	r1,(r30)
 1411  00002028  90220000	lbu	r2,(r1)
 1412  0000202c  6c410060	sgtui	r1,r2,#96
 1413  00002030  10200030	beqz	r1,L93_LF2
 1414  00002034  54000000	nop; delay slot nop
 1415  00002038  8fc10000	lw	r1,(r30)
 1416  0000203c  90220000	lbu	r2,(r1)
 1417  00002040  7041007a	sleui	r1,r2,#122
 1418  00002044  1020001c	beqz	r1,L93_LF2
 1419  00002048  54000000	nop; delay slot nop
 1420  0000204c  8fc10000	lw	r1,(r30)
 1421  00002050  90220000	lbu	r2,(r1)
 1422  00002054  2041ffa9	addi	r1,r2,#-87
 1423  00002058  afc1fff0	sw	-16(r30),r1
 1424  0000205c  0800004c	j	L92_LF2
 1425  00002060  54000000	nop; delay slot nop
 1426  00002064          	L93_LF2:
 1427  00002064  8fc10000	lw	r1,(r30)
 1428  00002068  90220000	lbu	r2,(r1)
 1429  0000206c  6c410040	sgtui	r1,r2,#64
 1430  00002070  10200030	beqz	r1,L95_LF2
 1431  00002074  54000000	nop; delay slot nop
 1432  00002078  8fc10000	lw	r1,(r30)
 1433  0000207c  90220000	lbu	r2,(r1)
 1434  00002080  7041005a	sleui	r1,r2,#90
 1435  00002084  1020001c	beqz	r1,L95_LF2
 1436  00002088  54000000	nop; delay slot nop
 1437  0000208c  8fc10000	lw	r1,(r30)
 1438  00002090  90220000	lbu	r2,(r1)
 1439  00002094  2041ffc9	addi	r1,r2,#-55
 1440  00002098  afc1fff0	sw	-16(r30),r1
 1441  0000209c  0800000c	j	L92_LF2
 1442  000020a0  54000000	nop; delay slot nop
 1443  000020a4          	L95_LF2:
 1444  000020a4  200103e8	addi	r1,r0,#1000
 1445  000020a8  afc1fff0	sw	-16(r30),r1
 1446  000020ac          	L96_LF2:
 1447  000020ac          	L94_LF2:
 1448  000020ac          	L92_LF2:
 1449  000020ac  8fc1fff0	lw	r1,-16(r30)
 1450  000020b0  8fc20008	lw	r2,8(r30)
 1451  000020b4  0022082a	slt	r1,r1,r2
 1452  000020b8  10200040	beqz	r1,L90_LF2
 1453  000020bc  54000000	nop; delay slot nop
 1454  000020c0  8fc1fff4	lw	r1,-12(r30)
 1455  000020c4  8fc20008	lw	r2,8(r30)
 1456  000020c8  00200035	movi2fp	f0,r1
 1457  000020cc  00400835	movi2fp	f1,r2
 1458  000020d0  0401000e	mult	f0,f0,f1
 1459  000020d4  00000834	movfp2i	r1,f0
 1460  000020d8  afc1fff4	sw	-12(r30),r1
 1461  000020dc  8fc1fff4	lw	r1,-12(r30)
 1462  000020e0  8fc2fff0	lw	r2,-16(r30)
 1463  000020e4  00220820	add	r1,r1,r2
 1464  000020e8  afc1fff4	sw	-12(r30),r1
 1465  000020ec  8fc20000	lw	r2,(r30)
 1466  000020f0  20410001	addi	r1,r2,#1
 1467  000020f4  00011020	add	r2,r0,r1
 1468  000020f8  afc20000	sw	(r30),r2
 1469  000020fc          	L97_LF2:
 1470  000020fc          	L90_LF2:
 1471  000020fc  8fc1fff0	lw	r1,-16(r30)
 1472  00002100  8fc20008	lw	r2,8(r30)
 1473  00002104  0022082a	slt	r1,r1,r2
 1474  00002108  1420000c	bnez	r1,L98_LF2
 1475  0000210c  54000000	nop; delay slot nop
 1476  00002110  0800000c	j	L89_LF2
 1477  00002114  54000000	nop; delay slot nop
 1478  00002118          	L98_LF2:
 1479  00002118  0bfffec8	j	L88_LF2
 1480  0000211c  54000000	nop; delay slot nop
 1481  00002120          	L89_LF2:
 1482  00002120  8fc10004	lw	r1,4(r30)
 1483  00002124  64220000	snei	r2,r1,#0
 1484  00002128  10400010	beqz	r2,L99_LF2
 1485  0000212c  54000000	nop; delay slot nop
 1486  00002130  8fc10004	lw	r1,4(r30)
 1487  00002134  8fc20000	lw	r2,(r30)
 1488  00002138  ac220000	sw	(r1),r2
 1489  0000213c          	L99_LF2:
 1490  0000213c  8fc1fff4	lw	r1,-12(r30)
 1491  00002140  8fc2ffec	lw	r2,-20(r30)
 1492  00002144  00200035	movi2fp	f0,r1
 1493  00002148  00400835	movi2fp	f1,r2
 1494  0000214c  0401000e	mult	f0,f0,f1
 1495  00002150  00000834	movfp2i	r1,f0
 1496  00002154  afc1fff4	sw	-12(r30),r1
 1497  00002158  8fc1fff4	lw	r1,-12(r30)
 1498  0000215c  08000004	j	L72_LF2
 1499  00002160  54000000	nop; delay slot nop
 1500  00002164          	L72_LF2:
 1501  00002164  8fa20000	lw	r2,0(r29)
 1502  00002168  8fdffff8	lw	r31,-8(r30)
 1503  0000216c  001ee820	add	r29,r0,r30
 1504  00002170  8fdefffc	lw	r30,-4(r30)
 1505  00002174  4be00000	jr	r31
 1506  00002178  54000000	nop
 1507  0000217c          	.endproc _dstrtol
 1508  0000217c          	.align 2
 1509  0000217c          	.proc _bcopy
 1510  0000217c          	.global _bcopy
 1511  0000217c          	_bcopy:
 1512                      ;  Function 'bcopy'; 0 bytes of locals, 2 regs to save.
 1513  0000217c  afbefffc	sw	-4(r29),r30; push fp
 1514  00002180  001df020	add	r30,r0,r29; fp = sp
 1515  00002184  afbffff8	sw	-8(r29),r31; push ret addr
 1516  00002188  2fbd0010	subui	r29,r29,#16; alloc local storage
 1517  0000218c  afa20000	sw	0(r29),r2
 1518  00002190  afa30004	sw	4(r29),r3
 1519  00002194  54000000	nop
 1520  00002198          	L101_LF2:
 1521  00002198  8fc10008	lw	r1,8(r30)
 1522  0000219c  2022ffff	addi	r2,r1,#-1
 1523  000021a0  afc20008	sw	8(r30),r2
 1524  000021a4  6c210000	sgti	r1,r1,#0
 1525  000021a8  1420000c	bnez	r1,L103_LF2
 1526  000021ac  54000000	nop; delay slot nop
 1527  000021b0  0800002c	j	L102_LF2
 1528  000021b4  54000000	nop; delay slot nop
 1529  000021b8          	L103_LF2:
 1530  000021b8  8fc10004	lw	r1,4(r30)
 1531  000021bc  20220001	addi	r2,r1,#1
 1532  000021c0  afc20004	sw	4(r30),r2
 1533  000021c4  8fc20000	lw	r2,(r30)
 1534  000021c8  20430001	addi	r3,r2,#1
 1535  000021cc  afc30000	sw	(r30),r3
 1536  000021d0  80420000	lb	r2,(r2)
 1537  000021d4  a0220000	sb	(r1),r2
 1538  000021d8  0bffffbc	j	L101_LF2
 1539  000021dc  54000000	nop; delay slot nop
 1540  000021e0          	L102_LF2:
 1541  000021e0          	L100_LF2:
 1542  000021e0  8fa20000	lw	r2,0(r29)
 1543  000021e4  8fa30004	lw	r3,4(r29)
 1544  000021e8  8fdffff8	lw	r31,-8(r30)
 1545  000021ec  001ee820	add	r29,r0,r30
 1546  000021f0  8fdefffc	lw	r30,-4(r30)
 1547  000021f4  4be00000	jr	r31
 1548  000021f8  54000000	nop
 1549  000021fc          	.endproc _bcopy
 1550  000021fc          	.align 2
 1551  000021fc          	.proc _bzero
 1552  000021fc          	.global _bzero
 1553  000021fc          	_bzero:
 1554                      ;  Function 'bzero'; 0 bytes of locals, 1 regs to save.
 1555  000021fc  afbefffc	sw	-4(r29),r30; push fp
 1556  00002200  001df020	add	r30,r0,r29; fp = sp
 1557  00002204  afbffff8	sw	-8(r29),r31; push ret addr
 1558  00002208  2fbd0010	subui	r29,r29,#16; alloc local storage
 1559  0000220c  afa20000	sw	0(r29),r2
 1560  00002210  54000000	nop
 1561  00002214          	L105_LF2:
 1562  00002214  8fc10004	lw	r1,4(r30)
 1563  00002218  2022ffff	addi	r2,r1,#-1
 1564  0000221c  afc20004	sw	4(r30),r2
 1565  00002220  6c210000	sgti	r1,r1,#0
 1566  00002224  1420000c	bnez	r1,L107_LF2
 1567  00002228  54000000	nop; delay slot nop
 1568  0000222c  08000020	j	L106_LF2
 1569  00002230  54000000	nop; delay slot nop
 1570  00002234          	L107_LF2:
 1571  00002234  8fc10000	lw	r1,(r30)
 1572  00002238  20220001	addi	r2,r1,#1
 1573  0000223c  afc20000	sw	(r30),r2
 1574  00002240  20020000	addi	r2,r0,(#0x0)&0xff
 1575  00002244  a0220000	sb	(r1),r2
 1576  00002248  0bffffc8	j	L105_LF2
 1577  0000224c  54000000	nop; delay slot nop
 1578  00002250          	L106_LF2:
 1579  00002250          	L104_LF2:
 1580  00002250  8fa20000	lw	r2,0(r29)
 1581  00002254  8fdffff8	lw	r31,-8(r30)
 1582  00002258  001ee820	add	r29,r0,r30
 1583  0000225c  8fdefffc	lw	r30,-4(r30)
 1584  00002260  4be00000	jr	r31
 1585  00002264  54000000	nop
 1586  00002268          	.endproc _bzero
 1587  00002268          	.align 2
 1588  00002268          	.proc _min
 1589  00002268          	.global _min
 1590  00002268          	_min:
 1591                      ;  Function 'min'; 0 bytes of locals, 2 regs to save.
 1592  00002268  afbefffc	sw	-4(r29),r30; push fp
 1593  0000226c  001df020	add	r30,r0,r29; fp = sp
 1594  00002270  afbffff8	sw	-8(r29),r31; push ret addr
 1595  00002274  2fbd0010	subui	r29,r29,#16; alloc local storage
 1596  00002278  afa20000	sw	0(r29),r2
 1597  0000227c  afa30004	sw	4(r29),r3
 1598  00002280  8fc10000	lw	r1,(r30)
 1599  00002284  8fc20004	lw	r2,4(r30)
 1600  00002288  0022182c	sle	r3,r1,r2
 1601  0000228c  14600008	bnez	r3,L109_LF2
 1602  00002290  54000000	nop; delay slot nop
 1603  00002294  8fc10004	lw	r1,4(r30)
 1604  00002298          	L109_LF2:
 1605  00002298  08000004	j	L108_LF2
 1606  0000229c  54000000	nop; delay slot nop
 1607  000022a0          	L108_LF2:
 1608  000022a0  8fa20000	lw	r2,0(r29)
 1609  000022a4  8fa30004	lw	r3,4(r29)
 1610  000022a8  8fdffff8	lw	r31,-8(r30)
 1611  000022ac  001ee820	add	r29,r0,r30
 1612  000022b0  8fdefffc	lw	r30,-4(r30)
 1613  000022b4  4be00000	jr	r31
 1614  000022b8  54000000	nop
 1615  000022bc          	.endproc _min
 1616                      ;;; Ethan L. Miller, 1999.  Released to the public domain
 1617                      ;;;
 1618                      ;;; Most of the traps are called in files from libtraps.
 1621  000022bc          	.align 2
 1622  000022bc          	.proc _exit
 1623  000022bc          	.global _exit
 1624  000022bc          	_exit:
 1625  000022bc  44000300	trap	#0x300
 1626  000022c0  4be00000	jr	r31
 1627  000022c4  54000000	nop
 1628  000022c8          	.endproc _exit
 1630                      ; for the benefit of gcc.
 1631  000022c8          	.proc ___main
 1632  000022c8          	.global ___main
 1633  000022c8          	___main:
 1634  000022c8  4be00000	jr	r31
 1635  000022cc  54000000	nop
 1636  000022d0          	.endproc ___main
 1637  000022d0          	.text
 1638  000022d0          	.global _etext
 1639  000022d0          	_etext:
 1640  000022d0          	.align 3
 1641  000022d0          	.data
 1642  0000319a          	.global _edata
 1643  0000319a          	_edata:
