 line   address	contents
    1                      ; Linked by DLX-LD.
    2                      ; MemSize 24576
    3                      ; Data size: 277
    4                      ; Text size: 4772
    5                      ; Stack size: 8192
    6  00000000          	.text 0x1000
    7  00001000          	.data 0x3000
    8                      ; Compiled by GCC
    9  00003000          	.text
   10  00001000          	.align 2
   11  00001000          	.proc _isspace
   12  00001000          	.global _isspace
   13  00001000          	_isspace:
   14                      ;  Function 'isspace'; 0 bytes of locals, 1 regs to save.
   15  00001000  afbefffc	sw	-4(r29),r30; push fp
   16  00001004  001df020	add	r30,r0,r29; fp = sp
   17  00001008  afbffff8	sw	-8(r29),r31; push ret addr
   18  0000100c  2fbd0010	subui	r29,r29,#16; alloc local storage
   19  00001010  afa20000	sw	0(r29),r2
   20  00001014  83c20003	lb	r2,3(r30)
   21  00001018  201f0000	addi	r31,r0,#0
   22  0000101c  304100ff	andi	r1,r2,#0x00ff
   23  00001020  60210020	seqi	r1,r1,#32
   24  00001024  14200018	bnez	r1,L6_LF0
   25  00001028  54000000	nop; not filled.
   26  0000102c  2041fff7	addi	r1,r2,#-9
   27  00001030  302100ff	andi	r1,r1,#0x00ff
   28  00001034  70210001	sleui	r1,r1,#1
   29  00001038  10200008	beqz	r1,L5_LF0
   30  0000103c  54000000	nop; not filled.
   31  00001040          	L6_LF0:
   32  00001040  201f0001	addi	r31,r0,#1
   33  00001044          	L5_LF0:
   34  00001044  001f0820	add	r1,r0,r31
   35  00001048  8fa20000	lw	r2,0(r29)
   36  0000104c  8fdffff8	lw	r31,-8(r30)
   37  00001050  001ee820	add	r29,r0,r30
   38  00001054  8fdefffc	lw	r30,-4(r30)
   39  00001058  4be00000	jr	r31
   40  0000105c  54000000	nop
   41  00001060          	.endproc _isspace
   42  00001060          	.align 2
   43  00001060          	.proc _isxdigit
   44  00001060          	.global _isxdigit
   45  00001060          	_isxdigit:
   46                      ;  Function 'isxdigit'; 0 bytes of locals, 1 regs to save.
   47  00001060  afbefffc	sw	-4(r29),r30; push fp
   48  00001064  001df020	add	r30,r0,r29; fp = sp
   49  00001068  afbffff8	sw	-8(r29),r31; push ret addr
   50  0000106c  2fbd0010	subui	r29,r29,#16; alloc local storage
   51  00001070  afa20000	sw	0(r29),r2
   52  00001074  83df0003	lb	r31,3(r30)
   53  00001078  20020000	addi	r2,r0,#0
   54  0000107c  23e1ffd0	addi	r1,r31,#-48
   55  00001080  302100ff	andi	r1,r1,#0x00ff
   56  00001084  70210009	sleui	r1,r1,#9
   57  00001088  14200028	bnez	r1,L12_LF0
   58  0000108c  54000000	nop; not filled.
   59  00001090  23e1ff9f	addi	r1,r31,#-97
   60  00001094  302100ff	andi	r1,r1,#0x00ff
   61  00001098  70210005	sleui	r1,r1,#5
   62  0000109c  14200014	bnez	r1,L12_LF0
   63  000010a0  54000000	nop; not filled.
   64  000010a4  33e100ff	andi	r1,r31,#0x00ff
   65  000010a8  64210041	snei	r1,r1,#65
   66  000010ac  14200008	bnez	r1,L11_LF0
   67  000010b0  54000000	nop; not filled.
   68  000010b4          	L12_LF0:
   69  000010b4  20020001	addi	r2,r0,#1
   70  000010b8          	L11_LF0:
   71  000010b8  00020820	add	r1,r0,r2
   72  000010bc  8fa20000	lw	r2,0(r29)
   73  000010c0  8fdffff8	lw	r31,-8(r30)
   74  000010c4  001ee820	add	r29,r0,r30
   75  000010c8  8fdefffc	lw	r30,-4(r30)
   76  000010cc  4be00000	jr	r31
   77  000010d0  54000000	nop
   78  000010d4          	.endproc _isxdigit
   79  000010d4          	.data
   80  00003000          	.align 2
   81  00003000          	LC0_LF0:
   82  00003000  48656c6c	.ascii "Hello World\000"
   82  00003004  6f20576f	
   82  00003008  726c6400	
   83  0000300c          	.align 2
   84  0000300c          	LC1_LF0:
   85  0000300c  55736167	.ascii "Usage: \000"
   85  00003010  653a2000	
   86  00003014          	.align 2
   87  00003014          	LC2_LF0:
   88  00003014  203c6861	.ascii " <handle_to_shared_memory_page> <handle_to_page_mapped_semaphore> <loc"
   88  00003018  6e646c65	
   88  0000301c  5f746f5f	
   88  00003020  73686172	
   88  00003024  65645f6d	
   88  00003028  656d6f72	
   88  0000302c  795f7061	
   88  00003030  67653e20	
   88  00003034  3c68616e	
   88  00003038  646c655f	
   88  0000303c  746f5f70	
   88  00003040  6167655f	
   88  00003044  6d617070	
   88  00003048  65645f73	
   88  0000304c  656d6170	
   88  00003050  686f7265	
   88  00003054  3e203c6c	
   88  00003058  6f63    	
   89  0000305a  6b206861	.ascii "k handle>\n\000"
   89  0000305e  6e646c65	
   89  00003062  3e0a00  	
   90  00003065          	.align 2
   91  00003068          	LC3_LF0:
   92  00003068  436f756c	.ascii "Could not map the virtual address to the memory in \000"
   92  0000306c  64206e6f	
   92  00003070  74206d61	
   92  00003074  70207468	
   92  00003078  65207669	
   92  0000307c  72747561	
   92  00003080  6c206164	
   92  00003084  64726573	
   92  00003088  7320746f	
   92  0000308c  20746865	
   92  00003090  206d656d	
   92  00003094  6f727920	
   92  00003098  696e2000	
   93  0000309c          	.align 2
   94  0000309c          	LC4_LF0:
   95  0000309c  2c206578	.ascii ", exiting...\n\000"
   95  000030a0  6974696e	
   95  000030a4  672e2e2e	
   95  000030a8  0a00    	
   96  000030aa          	.align 2
   97  000030ac          	LC5_LF0:
   98  000030ac  50726f64	.ascii "Producer %d \000"
   98  000030b0  75636572	
   98  000030b4  20256420	
   98  000030b8  00      	
   99  000030b9          	.align 2
  100  000030bc          	LC6_LF0:
  101  000030bc  696e7365	.ascii "inserted: %c\n\000"
  101  000030c0  72746564	
  101  000030c4  3a202563	
  101  000030c8  0a00    	
  102  000030ca          	.align 2
  103  000030cc          	LC7_LF0:
  104  000030cc  436f6e73	.ascii "Consumer: PID %d is complete.\n\000"
  104  000030d0  756d6572	
  104  000030d4  3a205049	
  104  000030d8  44202564	
  104  000030dc  20697320	
  104  000030e0  636f6d70	
  104  000030e4  6c657465	
  104  000030e8  2e0a00  	
  105  000030eb          	.align 2
  106  000030ec          	LC8_LF0:
  107  000030ec  42616420	.ascii "Bad semaphore s_procs_completed (%d) in \000"
  107  000030f0  73656d61	
  107  000030f4  70686f72	
  107  000030f8  6520735f	
  107  000030fc  70726f63	
  107  00003100  735f636f	
  107  00003104  6d706c65	
  107  00003108  74656420	
  107  0000310c  28256429	
  107  00003110  20696e20	
  107  00003114  00      	
  108  00003115          	.text
  109  000010d4          	.align 2
  110  000010d4          	.proc _main
  111  000010d4          	.global _main
  112  000010d4          	_main:
  113                      ;  Function 'main'; 16 bytes of locals, 0 regs to save.
  114  000010d4  afbefffc	sw	-4(r29),r30; push fp
  115  000010d8  001df020	add	r30,r0,r29; fp = sp
  116  000010dc  afbffff8	sw	-8(r29),r31; push ret addr
  117  000010e0  2fbd0018	subui	r29,r29,#24; alloc local storage
  118  000010e4  8fc20000	lw	r2,(r30)
  119  000010e8  8fc80004	lw	r8,4(r30)
  120  000010ec  0c0011ac	jal	___main
  121  000010f0  54000000	nop; not filled.
  122  000010f4  3c010000	lhi	r1,((LC0_LF0)>>16)&0xffff
  123  000010f8  24213000	addui	r1,r1,(LC0_LF0)&0xffff
  124  000010fc  802a0000	lb	r10,(r1)
  125  00001100  a3caffe8	sb	-24(r30),r10
  126  00001104  802a0001	lb	r10,1(r1)
  127  00001108  a3caffe9	sb	-23(r30),r10
  128  0000110c  802a0002	lb	r10,2(r1)
  129  00001110  a3caffea	sb	-22(r30),r10
  130  00001114  802a0003	lb	r10,3(r1)
  131  00001118  a3caffeb	sb	-21(r30),r10
  132  0000111c  802a0004	lb	r10,4(r1)
  133  00001120  a3caffec	sb	-20(r30),r10
  134  00001124  802a0005	lb	r10,5(r1)
  135  00001128  a3caffed	sb	-19(r30),r10
  136  0000112c  802a0006	lb	r10,6(r1)
  137  00001130  a3caffee	sb	-18(r30),r10
  138  00001134  802a0007	lb	r10,7(r1)
  139  00001138  a3caffef	sb	-17(r30),r10
  140  0000113c  802a0008	lb	r10,8(r1)
  141  00001140  a3cafff0	sb	-16(r30),r10
  142  00001144  802a0009	lb	r10,9(r1)
  143  00001148  a3cafff1	sb	-15(r30),r10
  144  0000114c  802a000a	lb	r10,10(r1)
  145  00001150  a3cafff2	sb	-14(r30),r10
  146  00001154  8021000b	lb	r1,11(r1)
  147  00001158  a3c1fff3	sb	-13(r30),r1
  148  0000115c  64410004	snei	r1,r2,#4
  149  00001160  1020004c	beqz	r1,L14_LF0
  150  00001164  54000000	nop; not filled.
  151  00001168  23bdfff8	addi	r29,r29,#-8
  152  0000116c  3c0a0000	lhi	r10,((LC1_LF0)>>16)&0xffff
  153  00001170  254a300c	addui	r10,r10,(LC1_LF0)&0xffff
  154  00001174  afaa0000	sw	(r29),r10
  155  00001178  0c000318	jal	_Printf
  156  0000117c  54000000	nop; not filled.
  157  00001180  8d0a0000	lw	r10,(r8)
  158  00001184  afaa0000	sw	(r29),r10
  159  00001188  0c000308	jal	_Printf
  160  0000118c  54000000	nop; not filled.
  161  00001190  3c0a0000	lhi	r10,((LC2_LF0)>>16)&0xffff
  162  00001194  254a3014	addui	r10,r10,(LC2_LF0)&0xffff
  163  00001198  afaa0000	sw	(r29),r10
  164  0000119c  0c0002f4	jal	_Printf
  165  000011a0  54000000	nop; not filled.
  166  000011a4  0c0003a0	jal	_Exit
  167  000011a8  54000000	nop; not filled.
  168  000011ac  23bd0008	addi	r29,r29,#8
  169  000011b0          	L14_LF0:
  170  000011b0  23bdfff0	addi	r29,r29,#-16
  171  000011b4  8d0a0004	lw	r10,4(r8)
  172  000011b8  afaa0000	sw	(r29),r10
  173  000011bc  200a0000	addi	r10,r0,#0
  174  000011c0  afaa0004	sw	4(r29),r10
  175  000011c4  200a000a	addi	r10,r0,#10
  176  000011c8  afaa0008	sw	8(r29),r10
  177  000011cc  0c000c24	jal	_dstrtol
  178  000011d0  54000000	nop; not filled.
  179  000011d4  00011020	add	r2,r0,r1
  180  000011d8  8d0a0008	lw	r10,8(r8)
  181  000011dc  afaa0000	sw	(r29),r10
  182  000011e0  200a0000	addi	r10,r0,#0
  183  000011e4  afaa0004	sw	4(r29),r10
  184  000011e8  200a000a	addi	r10,r0,#10
  185  000011ec  afaa0008	sw	8(r29),r10
  186  000011f0  0c000c00	jal	_dstrtol
  187  000011f4  54000000	nop; not filled.
  188  000011f8  00014820	add	r9,r0,r1
  189  000011fc  8d0a000c	lw	r10,12(r8)
  190  00001200  afaa0000	sw	(r29),r10
  191  00001204  200a0000	addi	r10,r0,#0
  192  00001208  afaa0004	sw	4(r29),r10
  193  0000120c  200a000a	addi	r10,r0,#10
  194  00001210  afaa0008	sw	8(r29),r10
  195  00001214  0c000bdc	jal	_dstrtol
  196  00001218  54000000	nop; not filled.
  197  0000121c  00013020	add	r6,r0,r1
  198  00001220  afa20000	sw	(r29),r2
  199  00001224  0c00029c	jal	_shmat
  200  00001228  54000000	nop; not filled.
  201  0000122c  00012020	add	r4,r0,r1
  202  00001230  23bd0010	addi	r29,r29,#16
  203  00001234  64810000	snei	r1,r4,#0
  204  00001238  1420004c	bnez	r1,L15_LF0
  205  0000123c  54000000	nop; not filled.
  206  00001240  23bdfff8	addi	r29,r29,#-8
  207  00001244  3c0a0000	lhi	r10,((LC3_LF0)>>16)&0xffff
  208  00001248  254a3068	addui	r10,r10,(LC3_LF0)&0xffff
  209  0000124c  afaa0000	sw	(r29),r10
  210  00001250  0c000240	jal	_Printf
  211  00001254  54000000	nop; not filled.
  212  00001258  8d0a0000	lw	r10,(r8)
  213  0000125c  afaa0000	sw	(r29),r10
  214  00001260  0c000230	jal	_Printf
  215  00001264  54000000	nop; not filled.
  216  00001268  3c0a0000	lhi	r10,((LC4_LF0)>>16)&0xffff
  217  0000126c  254a309c	addui	r10,r10,(LC4_LF0)&0xffff
  218  00001270  afaa0000	sw	(r29),r10
  219  00001274  0c00021c	jal	_Printf
  220  00001278  54000000	nop; not filled.
  221  0000127c  0c0002c8	jal	_Exit
  222  00001280  54000000	nop; not filled.
  223  00001284  23bd0008	addi	r29,r29,#8
  224  00001288          	L15_LF0:
  225  00001288  20050000	addi	r5,r0,#0
  226  0000128c  20070007	addi	r7,r0,#7
  227  00001290          	L23_LF0:
  228  00001290  23bdfff8	addi	r29,r29,#-8
  229  00001294  afa60000	sw	(r29),r6
  230  00001298  0c000264	jal	_lock_acquire
  231  0000129c  54000000	nop; not filled.
  232  000012a0  23bd0008	addi	r29,r29,#8
  233  000012a4  64210001	snei	r1,r1,#1
  234  000012a8  1420ffe4	bnez	r1,L23_LF0
  235  000012ac  54000000	nop; not filled.
  236  000012b0  8c810004	lw	r1,4(r4)
  237  000012b4  20230001	addi	r3,r1,#1
  238  000012b8  00600035	movi2fp	f0,r3
  239  000012bc  00e00835	movi2fp	f1,r7
  240  000012c0  0401000f	div	f0,f0,f1
  241  000012c4  00000834	movfp2i	r1,f0
  242  000012c8  50220003	slli	r2,r1,#0x3
  243  000012cc  00410822	sub	r1,r2,r1
  244  000012d0  00611022	sub	r2,r3,r1
  245  000012d4  8c810000	lw	r1,(r4)
  246  000012d8  00220828	seq	r1,r1,r2
  247  000012dc  10200020	beqz	r1,L21_LF0
  248  000012e0  54000000	nop; not filled.
  249  000012e4  23bdfff8	addi	r29,r29,#-8
  250  000012e8  afa60000	sw	(r29),r6
  251  000012ec  0c00021c	jal	_lock_release
  252  000012f0  54000000	nop; not filled.
  253  000012f4  23bd0008	addi	r29,r29,#8
  254  000012f8  0bffff94	j	L23_LF0
  255  000012fc  54000000	nop; not filled.
  256  00001300          	L21_LF0:
  257  00001300  8c810004	lw	r1,4(r4)
  258  00001304  00811020	add	r2,r4,r1
  259  00001308  03c50820	add	r1,r30,r5
  260  0000130c  8021ffe8	lb	r1,-24(r1)
  261  00001310  a0410008	sb	8(r2),r1
  262  00001314  0c000188	jal	_getpid
  263  00001318  54000000	nop; not filled.
  264  0000131c  23bdfff8	addi	r29,r29,#-8
  265  00001320  3c0a0000	lhi	r10,((LC5_LF0)>>16)&0xffff
  266  00001324  254a30ac	addui	r10,r10,(LC5_LF0)&0xffff
  267  00001328  afaa0000	sw	(r29),r10
  268  0000132c  afa10004	sw	4(r29),r1
  269  00001330  0c000160	jal	_Printf
  270  00001334  54000000	nop; not filled.
  271  00001338  3c0a0000	lhi	r10,((LC6_LF0)>>16)&0xffff
  272  0000133c  254a30bc	addui	r10,r10,(LC6_LF0)&0xffff
  273  00001340  afaa0000	sw	(r29),r10
  274  00001344  8c810004	lw	r1,4(r4)
  275  00001348  00810820	add	r1,r4,r1
  276  0000134c  90210008	lbu	r1,8(r1)
  277  00001350  afa10004	sw	4(r29),r1
  278  00001354  0c00013c	jal	_Printf
  279  00001358  54000000	nop; not filled.
  280  0000135c  8c810004	lw	r1,4(r4)
  281  00001360  20230001	addi	r3,r1,#1
  282  00001364  00600035	movi2fp	f0,r3
  283  00001368  00e00835	movi2fp	f1,r7
  284  0000136c  0401000f	div	f0,f0,f1
  285  00001370  00001034	movfp2i	r2,f0
  286  00001374  50410003	slli	r1,r2,#0x3
  287  00001378  00220822	sub	r1,r1,r2
  288  0000137c  00610822	sub	r1,r3,r1
  289  00001380  ac810004	sw	4(r4),r1
  290  00001384  23bd0008	addi	r29,r29,#8
  291  00001388          	L29_LF0:
  292  00001388  23bdfff8	addi	r29,r29,#-8
  293  0000138c  afa60000	sw	(r29),r6
  294  00001390  0c000178	jal	_lock_release
  295  00001394  54000000	nop; not filled.
  296  00001398  23bd0008	addi	r29,r29,#8
  297  0000139c  64210001	snei	r1,r1,#1
  298  000013a0  1420ffe4	bnez	r1,L29_LF0
  299  000013a4  54000000	nop; not filled.
  300  000013a8  20a50001	addi	r5,r5,#1
  301  000013ac  70a1000a	slei	r1,r5,#10
  302  000013b0  1420fedc	bnez	r1,L23_LF0
  303  000013b4  54000000	nop; not filled.
  304  000013b8  0c0000e4	jal	_getpid
  305  000013bc  54000000	nop; not filled.
  306  000013c0  23bdfff8	addi	r29,r29,#-8
  307  000013c4  3c0a0000	lhi	r10,((LC7_LF0)>>16)&0xffff
  308  000013c8  254a30cc	addui	r10,r10,(LC7_LF0)&0xffff
  309  000013cc  afaa0000	sw	(r29),r10
  310  000013d0  afa10004	sw	4(r29),r1
  311  000013d4  0c0000bc	jal	_Printf
  312  000013d8  54000000	nop; not filled.
  313  000013dc  afa90000	sw	(r29),r9
  314  000013e0  0c000104	jal	_sem_signal
  315  000013e4  54000000	nop; not filled.
  316  000013e8  23bd0008	addi	r29,r29,#8
  317  000013ec  64210001	snei	r1,r1,#1
  318  000013f0  10200050	beqz	r1,L33_LF0
  319  000013f4  54000000	nop; not filled.
  320  000013f8  23bdfff8	addi	r29,r29,#-8
  321  000013fc  3c0a0000	lhi	r10,((LC8_LF0)>>16)&0xffff
  322  00001400  254a30ec	addui	r10,r10,(LC8_LF0)&0xffff
  323  00001404  afaa0000	sw	(r29),r10
  324  00001408  afa90004	sw	4(r29),r9
  325  0000140c  0c000084	jal	_Printf
  326  00001410  54000000	nop; not filled.
  327  00001414  8d080000	lw	r8,(r8)
  328  00001418  afa80000	sw	(r29),r8
  329  0000141c  0c000074	jal	_Printf
  330  00001420  54000000	nop; not filled.
  331  00001424  3c0a0000	lhi	r10,((LC4_LF0)>>16)&0xffff
  332  00001428  254a309c	addui	r10,r10,(LC4_LF0)&0xffff
  333  0000142c  afaa0000	sw	(r29),r10
  334  00001430  0c000060	jal	_Printf
  335  00001434  54000000	nop; not filled.
  336  00001438  0c00010c	jal	_Exit
  337  0000143c  54000000	nop; not filled.
  338  00001440  23bd0008	addi	r29,r29,#8
  339  00001444          	L33_LF0:
  340  00001444  0c000e48	jal	_exit
  341  00001448  54000000	nop
  342  0000144c          	.endproc _main
  343                      ;;;
  344                      ;;; Stub functions for DLX traps.
  345                      ;;;
  346                      ;;; Ethan L. Miller, 1999.  Released to the public domain.
  347                      ;;;
  348                      ;;; The traps such as Open and Close
  349                      ;;; (note the capital letters) are for use by user programs.  The traps
  350                      ;;; with names such as open and close (lower case) are for use by the OS.
  351                      ;;;
  354  0000144c          	.align 2
  356                      ;;; The following are the traps to be used by user-level programs
  357                      ;;;
  359  0000144c          	.align 2
  360  0000144c          	.proc _Open
  361  0000144c          	.global _Open
  362  0000144c          	_Open:
  363                      ;;; Note that trap #0x213 actually causes a trap vector in the OS of
  364                      ;;; 0x1213.  The same is true for other user traps.  Thus, a user trap
  365                      ;;; with trap #0x240 will result in a trap vector of 0x1240 in the OS.
  366  0000144c  44000213	trap	#0x213
  367  00001450  4be00000	jr	r31
  368  00001454  54000000	nop
  369  00001458          	.endproc _Open
  371  00001458          	.proc _Close
  372  00001458          	.global _Close
  373  00001458          	_Close:
  374  00001458  44000214	trap	#0x214
  375  0000145c  4be00000	jr	r31
  376  00001460  54000000	nop
  377  00001464          	.endproc _Close
  379  00001464          	.proc _Read
  380  00001464          	.global _Read
  381  00001464          	_Read:
  382  00001464  44000210	trap	#0x210
  383  00001468  4be00000	jr	r31
  384  0000146c  54000000	nop
  385  00001470          	.endproc _Read
  387  00001470          	.proc _Write
  388  00001470          	.global _Write
  389  00001470          	_Write:
  390  00001470  44000211	trap	#0x211
  391  00001474  4be00000	jr	r31
  392  00001478  54000000	nop
  393  0000147c          	.endproc _Write
  395  0000147c          	.proc _Lseek
  396  0000147c          	.global _Lseek
  397  0000147c          	_Lseek:
  398  0000147c  44000212	trap	#0x212
  399  00001480  4be00000	jr	r31
  400  00001484  54000000	nop
  401  00001488          	.endproc _Lseek
  403  00001488          	.proc _Putchar
  404  00001488          	.global _Putchar
  405  00001488          	_Putchar:
  406  00001488  44000280	trap	#0x280
  407  0000148c  4be00000	jr	r31
  408  00001490  54000000	nop
  409  00001494          	.endproc _Putchar
  411  00001494          	.proc _Printf
  412  00001494          	.global _Printf
  413  00001494          	_Printf:
  414  00001494  44000201	trap	#0x201
  415  00001498  4be00000	jr	r31
  416  0000149c  54000000	nop
  417  000014a0          	.endproc _Printf
  419  000014a0          	.proc _getpid
  420  000014a0          	.global _getpid
  421  000014a0          	_getpid:
  422  000014a0  44000431	trap	#0x431
  423  000014a4  4be00000	jr	r31
  424  000014a8  54000000	nop
  425  000014ac          	.endproc _getpid
  427  000014ac          	.proc _process_create
  428  000014ac          	.global _process_create
  429  000014ac          	_process_create:
  430  000014ac  44000432	trap	#0x432
  431  000014b0  4be00000	jr	r31
  432  000014b4  54000000	nop
  433  000014b8          	.endproc _process_create
  435  000014b8          	.proc _shmget
  436  000014b8          	.global _shmget
  437  000014b8          	_shmget:
  438  000014b8  44000440	trap	#0x440
  439  000014bc  4be00000	jr	r31
  440  000014c0  54000000	nop
  441  000014c4          	.endproc _shmget
  443  000014c4          	.proc _shmat
  444  000014c4          	.global _shmat
  445  000014c4          	_shmat:
  446  000014c4  44000441	trap	#0x441
  447  000014c8  4be00000	jr	r31
  448  000014cc  54000000	nop
  449  000014d0          	.endproc _shmat
  451  000014d0          	.proc _sem_create
  452  000014d0          	.global _sem_create
  453  000014d0          	_sem_create:
  454  000014d0  44000450	trap	#0x450
  455  000014d4  4be00000	jr	r31
  456  000014d8  54000000	nop
  457  000014dc          	.endproc _sem_create
  459  000014dc          	.proc _sem_wait
  460  000014dc          	.global _sem_wait
  461  000014dc          	_sem_wait:
  462  000014dc  44000451	trap	#0x451
  463  000014e0  4be00000	jr	r31
  464  000014e4  54000000	nop
  465  000014e8          	.endproc _sem_wait
  467  000014e8          	.proc _sem_signal
  468  000014e8          	.global _sem_signal
  469  000014e8          	_sem_signal:
  470  000014e8  44000452	trap	#0x452
  471  000014ec  4be00000	jr	r31
  472  000014f0  54000000	nop
  473  000014f4          	.endproc _sem_signal
  475  000014f4          	.proc _lock_create
  476  000014f4          	.global _lock_create
  477  000014f4          	_lock_create:
  478  000014f4  44000453	trap	#0x453
  479  000014f8  4be00000	jr	r31
  480  000014fc  54000000	nop
  481  00001500          	.endproc _lock_create
  483  00001500          	.proc _lock_acquire
  484  00001500          	.global _lock_acquire
  485  00001500          	_lock_acquire:
  486  00001500  44000454	trap	#0x454
  487  00001504  4be00000	jr	r31
  488  00001508  54000000	nop
  489  0000150c          	.endproc _lock_acquire
  491  0000150c          	.proc _lock_release
  492  0000150c          	.global _lock_release
  493  0000150c          	_lock_release:
  494  0000150c  44000455	trap	#0x455
  495  00001510  4be00000	jr	r31
  496  00001514  54000000	nop
  497  00001518          	.endproc _lock_release
  499  00001518          	.proc _cond_create
  500  00001518          	.global _cond_create
  501  00001518          	_cond_create:
  502  00001518  44000456	trap	#0x456
  503  0000151c  4be00000	jr	r31
  504  00001520  54000000	nop
  505  00001524          	.endproc _cond_create
  507  00001524          	.proc _cond_wait
  508  00001524          	.global _cond_wait
  509  00001524          	_cond_wait:
  510  00001524  44000457	trap	#0x457
  511  00001528  4be00000	jr	r31
  512  0000152c  54000000	nop
  513  00001530          	.endproc _cond_wait
  515  00001530          	.proc _cond_signal
  516  00001530          	.global _cond_signal
  517  00001530          	_cond_signal:
  518  00001530  44000458	trap	#0x458
  519  00001534  4be00000	jr	r31
  520  00001538  54000000	nop
  521  0000153c          	.endproc _cond_signal
  523  0000153c          	.proc _cond_broadcast
  524  0000153c          	.global _cond_broadcast
  525  0000153c          	_cond_broadcast:
  526  0000153c  44000455	trap	#0x455
  527  00001540  4be00000	jr	r31
  528  00001544  54000000	nop
  529  00001548          	.endproc _cond_broadcast
  531  00001548          	.proc _Exit
  532  00001548          	.global _Exit
  533  00001548          	_Exit:
  534  00001548  44000500	trap	#0x500
  535  0000154c  4be00000	jr	r31
  536  00001550  54000000	nop
  537  00001554          	.endproc _Exit
  538                      ; Compiled by GCC
  540  00001554          	.align 2
  541  00001554          	.proc _isspace
  542  00001554          	.global _isspace
  543  00001554          	_isspace:
  544                      ;  Function 'isspace'; 0 bytes of locals, 3 regs to save.
  545  00001554  afbefffc	sw	-4(r29),r30; push fp
  546  00001558  001df020	add	r30,r0,r29; fp = sp
  547  0000155c  afbffff8	sw	-8(r29),r31; push ret addr
  548  00001560  2fbd0018	subui	r29,r29,#24; alloc local storage
  549  00001564  afa20000	sw	0(r29),r2
  550  00001568  afa30004	sw	4(r29),r3
  551  0000156c  afa40008	sw	8(r29),r4
  552  00001570  83c20003	lb	r2,3(r30)
  553  00001574  20010000	addi	r1,r0,#0
  554  00001578  304300ff	andi	r3,r2,#0x00ff
  555  0000157c  60640020	seqi	r4,r3,#32
  556  00001580  1480002c	bnez	r4,L3_LF2
  557  00001584  54000000	nop; delay slot nop
  558  00001588  304300ff	andi	r3,r2,#0x00ff
  559  0000158c  60640009	seqi	r4,r3,#9
  560  00001590  1480001c	bnez	r4,L3_LF2
  561  00001594  54000000	nop; delay slot nop
  562  00001598  304300ff	andi	r3,r2,#0x00ff
  563  0000159c  6064000a	seqi	r4,r3,#10
  564  000015a0  1480000c	bnez	r4,L3_LF2
  565  000015a4  54000000	nop; delay slot nop
  566  000015a8  08000008	j	L2_LF2
  567  000015ac  54000000	nop; delay slot nop
  568  000015b0          	L3_LF2:
  569  000015b0  20010001	addi	r1,r0,#1
  570  000015b4          	L2_LF2:
  571  000015b4  08000004	j	L1_LF2
  572  000015b8  54000000	nop; delay slot nop
  573  000015bc          	L1_LF2:
  574  000015bc  8fa20000	lw	r2,0(r29)
  575  000015c0  8fa30004	lw	r3,4(r29)
  576  000015c4  8fa40008	lw	r4,8(r29)
  577  000015c8  8fdffff8	lw	r31,-8(r30)
  578  000015cc  001ee820	add	r29,r0,r30
  579  000015d0  8fdefffc	lw	r30,-4(r30)
  580  000015d4  4be00000	jr	r31
  581  000015d8  54000000	nop
  582  000015dc          	.endproc _isspace
  583  000015dc          	.align 2
  584  000015dc          	.proc _isxdigit
  585  000015dc          	.global _isxdigit
  586  000015dc          	_isxdigit:
  587                      ;  Function 'isxdigit'; 0 bytes of locals, 3 regs to save.
  588  000015dc  afbefffc	sw	-4(r29),r30; push fp
  589  000015e0  001df020	add	r30,r0,r29; fp = sp
  590  000015e4  afbffff8	sw	-8(r29),r31; push ret addr
  591  000015e8  2fbd0018	subui	r29,r29,#24; alloc local storage
  592  000015ec  afa20000	sw	0(r29),r2
  593  000015f0  afa30004	sw	4(r29),r3
  594  000015f4  afa40008	sw	8(r29),r4
  595  000015f8  83c20003	lb	r2,3(r30)
  596  000015fc  20010000	addi	r1,r0,#0
  597  00001600  304300ff	andi	r3,r2,#0x00ff
  598  00001604  6c64002f	sgtui	r4,r3,#47
  599  00001608  1080001c	beqz	r4,L7_LF2
  600  0000160c  54000000	nop; delay slot nop
  601  00001610  304300ff	andi	r3,r2,#0x00ff
  602  00001614  70640039	sleui	r4,r3,#57
  603  00001618  1480005c	bnez	r4,L6_LF2
  604  0000161c  54000000	nop; delay slot nop
  605  00001620  08000004	j	L7_LF2
  606  00001624  54000000	nop; delay slot nop
  607  00001628          	L7_LF2:
  608  00001628  304300ff	andi	r3,r2,#0x00ff
  609  0000162c  6c640060	sgtui	r4,r3,#96
  610  00001630  1080001c	beqz	r4,L8_LF2
  611  00001634  54000000	nop; delay slot nop
  612  00001638  304300ff	andi	r3,r2,#0x00ff
  613  0000163c  70640066	sleui	r4,r3,#102
  614  00001640  14800034	bnez	r4,L6_LF2
  615  00001644  54000000	nop; delay slot nop
  616  00001648  08000004	j	L8_LF2
  617  0000164c  54000000	nop; delay slot nop
  618  00001650          	L8_LF2:
  619  00001650  304300ff	andi	r3,r2,#0x00ff
  620  00001654  6c640040	sgtui	r4,r3,#64
  621  00001658  10800020	beqz	r4,L5_LF2
  622  0000165c  54000000	nop; delay slot nop
  623  00001660  304300ff	andi	r3,r2,#0x00ff
  624  00001664  70640041	sleui	r4,r3,#65
  625  00001668  1480000c	bnez	r4,L6_LF2
  626  0000166c  54000000	nop; delay slot nop
  627  00001670  08000008	j	L5_LF2
  628  00001674  54000000	nop; delay slot nop
  629  00001678          	L6_LF2:
  630  00001678  20010001	addi	r1,r0,#1
  631  0000167c          	L5_LF2:
  632  0000167c  08000004	j	L4_LF2
  633  00001680  54000000	nop; delay slot nop
  634  00001684          	L4_LF2:
  635  00001684  8fa20000	lw	r2,0(r29)
  636  00001688  8fa30004	lw	r3,4(r29)
  637  0000168c  8fa40008	lw	r4,8(r29)
  638  00001690  8fdffff8	lw	r31,-8(r30)
  639  00001694  001ee820	add	r29,r0,r30
  640  00001698  8fdefffc	lw	r30,-4(r30)
  641  0000169c  4be00000	jr	r31
  642  000016a0  54000000	nop
  643  000016a4          	.endproc _isxdigit
  644  000016a4          	.align 2
  645  000016a4          	.proc _dstrcpy
  646  000016a4          	.global _dstrcpy
  647  000016a4          	_dstrcpy:
  648                      ;  Function 'dstrcpy'; 8 bytes of locals, 2 regs to save.
  649  000016a4  afbefffc	sw	-4(r29),r30; push fp
  650  000016a8  001df020	add	r30,r0,r29; fp = sp
  651  000016ac  afbffff8	sw	-8(r29),r31; push ret addr
  652  000016b0  2fbd0018	subui	r29,r29,#24; alloc local storage
  653  000016b4  afa20000	sw	0(r29),r2
  654  000016b8  afa30004	sw	4(r29),r3
  655  000016bc  8fc10000	lw	r1,(r30)
  656  000016c0  afc1fff4	sw	-12(r30),r1
  657  000016c4          	L10_LF2:
  658  000016c4  8fc10000	lw	r1,(r30)
  659  000016c8  20220001	addi	r2,r1,#1
  660  000016cc  afc20000	sw	(r30),r2
  661  000016d0  8fc20004	lw	r2,4(r30)
  662  000016d4  20430001	addi	r3,r2,#1
  663  000016d8  afc30004	sw	4(r30),r3
  664  000016dc  80420000	lb	r2,(r2)
  665  000016e0  a0220000	sb	(r1),r2
  666  000016e4  a3c2fff3	sb	-13(r30),r2
  667  000016e8          	L12_LF2:
  668  000016e8  93c1fff3	lbu	r1,-13(r30)
  669  000016ec  64220000	snei	r2,r1,#0
  670  000016f0  1440000c	bnez	r2,L13_LF2
  671  000016f4  54000000	nop; delay slot nop
  672  000016f8  0800000c	j	L11_LF2
  673  000016fc  54000000	nop; delay slot nop
  674  00001700          	L13_LF2:
  675  00001700  0bffffc0	j	L10_LF2
  676  00001704  54000000	nop; delay slot nop
  677  00001708          	L11_LF2:
  678  00001708  8fc1fff4	lw	r1,-12(r30)
  679  0000170c  08000004	j	L9_LF2
  680  00001710  54000000	nop; delay slot nop
  681  00001714          	L9_LF2:
  682  00001714  8fa20000	lw	r2,0(r29)
  683  00001718  8fa30004	lw	r3,4(r29)
  684  0000171c  8fdffff8	lw	r31,-8(r30)
  685  00001720  001ee820	add	r29,r0,r30
  686  00001724  8fdefffc	lw	r30,-4(r30)
  687  00001728  4be00000	jr	r31
  688  0000172c  54000000	nop
  689  00001730          	.endproc _dstrcpy
  690  00001730          	.align 2
  691  00001730          	.proc _dstrncpy
  692  00001730          	.global _dstrncpy
  693  00001730          	_dstrncpy:
  694                      ;  Function 'dstrncpy'; 8 bytes of locals, 2 regs to save.
  695  00001730  afbefffc	sw	-4(r29),r30; push fp
  696  00001734  001df020	add	r30,r0,r29; fp = sp
  697  00001738  afbffff8	sw	-8(r29),r31; push ret addr
  698  0000173c  2fbd0018	subui	r29,r29,#24; alloc local storage
  699  00001740  afa20000	sw	0(r29),r2
  700  00001744  afa30004	sw	4(r29),r3
  701  00001748  8fc10000	lw	r1,(r30)
  702  0000174c  afc1fff4	sw	-12(r30),r1
  703  00001750          	L15_LF2:
  704  00001750  8fc10008	lw	r1,8(r30)
  705  00001754  2022ffff	addi	r2,r1,#-1
  706  00001758  afc20008	sw	8(r30),r2
  707  0000175c  70210000	slei	r1,r1,#0
  708  00001760  1020000c	beqz	r1,L18_LF2
  709  00001764  54000000	nop; delay slot nop
  710  00001768  08000048	j	L16_LF2
  711  0000176c  54000000	nop; delay slot nop
  712  00001770          	L18_LF2:
  713  00001770  8fc10000	lw	r1,(r30)
  714  00001774  20220001	addi	r2,r1,#1
  715  00001778  afc20000	sw	(r30),r2
  716  0000177c  8fc20004	lw	r2,4(r30)
  717  00001780  20430001	addi	r3,r2,#1
  718  00001784  afc30004	sw	4(r30),r3
  719  00001788  80420000	lb	r2,(r2)
  720  0000178c  a0220000	sb	(r1),r2
  721  00001790  a3c2fff3	sb	-13(r30),r2
  722  00001794          	L17_LF2:
  723  00001794  93c1fff3	lbu	r1,-13(r30)
  724  00001798  64220000	snei	r2,r1,#0
  725  0000179c  1440000c	bnez	r2,L19_LF2
  726  000017a0  54000000	nop; delay slot nop
  727  000017a4  0800000c	j	L16_LF2
  728  000017a8  54000000	nop; delay slot nop
  729  000017ac          	L19_LF2:
  730  000017ac  0bffffa0	j	L15_LF2
  731  000017b0  54000000	nop; delay slot nop
  732  000017b4          	L16_LF2:
  733  000017b4  8fc1fff4	lw	r1,-12(r30)
  734  000017b8  08000004	j	L14_LF2
  735  000017bc  54000000	nop; delay slot nop
  736  000017c0          	L14_LF2:
  737  000017c0  8fa20000	lw	r2,0(r29)
  738  000017c4  8fa30004	lw	r3,4(r29)
  739  000017c8  8fdffff8	lw	r31,-8(r30)
  740  000017cc  001ee820	add	r29,r0,r30
  741  000017d0  8fdefffc	lw	r30,-4(r30)
  742  000017d4  4be00000	jr	r31
  743  000017d8  54000000	nop
  744  000017dc          	.endproc _dstrncpy
  745  000017dc          	.align 2
  746  000017dc          	.proc _dstrcat
  747  000017dc          	.global _dstrcat
  748  000017dc          	_dstrcat:
  749                      ;  Function 'dstrcat'; 8 bytes of locals, 1 regs to save.
  750  000017dc  afbefffc	sw	-4(r29),r30; push fp
  751  000017e0  001df020	add	r30,r0,r29; fp = sp
  752  000017e4  afbffff8	sw	-8(r29),r31; push ret addr
  753  000017e8  2fbd0018	subui	r29,r29,#24; alloc local storage
  754  000017ec  afa20000	sw	0(r29),r2
  755  000017f0  8fc10000	lw	r1,(r30)
  756  000017f4  afc1fff4	sw	-12(r30),r1
  757  000017f8          	L21_LF2:
  758  000017f8  8fc10000	lw	r1,(r30)
  759  000017fc  90220000	lbu	r2,(r1)
  760  00001800  64410000	snei	r1,r2,#0
  761  00001804  1420000c	bnez	r1,L23_LF2
  762  00001808  54000000	nop; delay slot nop
  763  0000180c  0800001c	j	L22_LF2
  764  00001810  54000000	nop; delay slot nop
  765  00001814          	L23_LF2:
  766  00001814  8fc20000	lw	r2,(r30)
  767  00001818  20410001	addi	r1,r2,#1
  768  0000181c  00011020	add	r2,r0,r1
  769  00001820  afc20000	sw	(r30),r2
  770  00001824  0bffffd0	j	L21_LF2
  771  00001828  54000000	nop; delay slot nop
  772  0000182c          	L22_LF2:
  773  0000182c  23bdfff8	addi	r29,r29,#-8
  774  00001830  001d0820	add	r1,r0,r29
  775  00001834  8fc20000	lw	r2,(r30)
  776  00001838  ac220000	sw	(r1),r2
  777  0000183c  8fc20004	lw	r2,4(r30)
  778  00001840  ac220004	sw	4(r1),r2
  779  00001844  0ffffe5c	jal	_dstrcpy
  780  00001848  54000000	nop; delay slot nop
  781  0000184c  23bd0008	addi	r29,r29,#8
  782  00001850  8fc1fff4	lw	r1,-12(r30)
  783  00001854  08000004	j	L20_LF2
  784  00001858  54000000	nop; delay slot nop
  785  0000185c          	L20_LF2:
  786  0000185c  8fa20000	lw	r2,0(r29)
  787  00001860  8fdffff8	lw	r31,-8(r30)
  788  00001864  001ee820	add	r29,r0,r30
  789  00001868  8fdefffc	lw	r30,-4(r30)
  790  0000186c  4be00000	jr	r31
  791  00001870  54000000	nop
  792  00001874          	.endproc _dstrcat
  793  00001874          	.align 2
  794  00001874          	.proc _dstrncmp
  795  00001874          	.global _dstrncmp
  796  00001874          	_dstrncmp:
  797                      ;  Function 'dstrncmp'; 8 bytes of locals, 2 regs to save.
  798  00001874  afbefffc	sw	-4(r29),r30; push fp
  799  00001878  001df020	add	r30,r0,r29; fp = sp
  800  0000187c  afbffff8	sw	-8(r29),r31; push ret addr
  801  00001880  2fbd0018	subui	r29,r29,#24; alloc local storage
  802  00001884  afa20000	sw	0(r29),r2
  803  00001888  afa30004	sw	4(r29),r3
  804  0000188c  54000000	nop
  805  00001890  20010000	addi	r1,r0,#0
  806  00001894  afc1fff4	sw	-12(r30),r1
  807  00001898          	L25_LF2:
  808  00001898  8fc1fff4	lw	r1,-12(r30)
  809  0000189c  8fc20008	lw	r2,8(r30)
  810  000018a0  0022082a	slt	r1,r1,r2
  811  000018a4  1420000c	bnez	r1,L28_LF2
  812  000018a8  54000000	nop; delay slot nop
  813  000018ac  08000088	j	L26_LF2
  814  000018b0  54000000	nop; delay slot nop
  815  000018b4          	L28_LF2:
  816  000018b4  8fc10004	lw	r1,4(r30)
  817  000018b8  90220000	lbu	r2,(r1)
  818  000018bc  64410000	snei	r1,r2,#0
  819  000018c0  14200018	bnez	r1,L29_LF2
  820  000018c4  54000000	nop; delay slot nop
  821  000018c8  20010000	addi	r1,r0,#0
  822  000018cc  080000d8	j	L24_LF2
  823  000018d0  54000000	nop; delay slot nop
  824  000018d4  08000028	j	L30_LF2
  825  000018d8  54000000	nop; delay slot nop
  826  000018dc          	L29_LF2:
  827  000018dc  8fc10000	lw	r1,(r30)
  828  000018e0  8fc20004	lw	r2,4(r30)
  829  000018e4  90210000	lbu	r1,(r1)
  830  000018e8  90420000	lbu	r2,(r2)
  831  000018ec  00220829	sne	r1,r1,r2
  832  000018f0  1020000c	beqz	r1,L30_LF2
  833  000018f4  54000000	nop; delay slot nop
  834  000018f8  0800003c	j	L26_LF2
  835  000018fc  54000000	nop; delay slot nop
  836  00001900          	L31_LF2:
  837  00001900          	L30_LF2:
  838  00001900  8fc20000	lw	r2,(r30)
  839  00001904  20410001	addi	r1,r2,#1
  840  00001908  00011020	add	r2,r0,r1
  841  0000190c  afc20000	sw	(r30),r2
  842  00001910  8fc20004	lw	r2,4(r30)
  843  00001914  20410001	addi	r1,r2,#1
  844  00001918  00011020	add	r2,r0,r1
  845  0000191c  afc20004	sw	4(r30),r2
  846  00001920          	L27_LF2:
  847  00001920  8fc2fff4	lw	r2,-12(r30)
  848  00001924  20410001	addi	r1,r2,#1
  849  00001928  00011020	add	r2,r0,r1
  850  0000192c  afc2fff4	sw	-12(r30),r2
  851  00001930  0bffff64	j	L25_LF2
  852  00001934  54000000	nop; delay slot nop
  853  00001938          	L26_LF2:
  854  00001938  8fc1fff4	lw	r1,-12(r30)
  855  0000193c  8fc20008	lw	r2,8(r30)
  856  00001940  00220828	seq	r1,r1,r2
  857  00001944  10200018	beqz	r1,L32_LF2
  858  00001948  54000000	nop; delay slot nop
  859  0000194c  20010000	addi	r1,r0,#0
  860  00001950  08000054	j	L24_LF2
  861  00001954  54000000	nop; delay slot nop
  862  00001958  0800004c	j	L33_LF2
  863  0000195c  54000000	nop; delay slot nop
  864  00001960          	L32_LF2:
  865  00001960  8fc20000	lw	r2,(r30)
  866  00001964  90410000	lbu	r1,(r2)
  867  00001968  8fc20004	lw	r2,4(r30)
  868  0000196c  90430000	lbu	r3,(r2)
  869  00001970  00230822	sub	r1,r1,r3
  870  00001974  74220000	sgei	r2,r1,#0
  871  00001978  10400020	beqz	r2,L34_LF2
  872  0000197c  54000000	nop; delay slot nop
  873  00001980  8fc10000	lw	r1,(r30)
  874  00001984  8fc20004	lw	r2,4(r30)
  875  00001988  90210000	lbu	r1,(r1)
  876  0000198c  90420000	lbu	r2,(r2)
  877  00001990  00220829	sne	r1,r1,r2
  878  00001994  08000008	j	L35_LF2
  879  00001998  54000000	nop; delay slot nop
  880  0000199c          	L34_LF2:
  881  0000199c  2001ffff	addi	r1,r0,#-1
  882  000019a0          	L35_LF2:
  883  000019a0  08000004	j	L24_LF2
  884  000019a4  54000000	nop; delay slot nop
  885  000019a8          	L33_LF2:
  886  000019a8          	L24_LF2:
  887  000019a8  8fa20000	lw	r2,0(r29)
  888  000019ac  8fa30004	lw	r3,4(r29)
  889  000019b0  8fdffff8	lw	r31,-8(r30)
  890  000019b4  001ee820	add	r29,r0,r30
  891  000019b8  8fdefffc	lw	r30,-4(r30)
  892  000019bc  4be00000	jr	r31
  893  000019c0  54000000	nop
  894  000019c4          	.endproc _dstrncmp
  895  000019c4          	.align 2
  896  000019c4          	.proc _dstrlen
  897  000019c4          	.global _dstrlen
  898  000019c4          	_dstrlen:
  899                      ;  Function 'dstrlen'; 8 bytes of locals, 1 regs to save.
  900  000019c4  afbefffc	sw	-4(r29),r30; push fp
  901  000019c8  001df020	add	r30,r0,r29; fp = sp
  902  000019cc  afbffff8	sw	-8(r29),r31; push ret addr
  903  000019d0  2fbd0018	subui	r29,r29,#24; alloc local storage
  904  000019d4  afa20000	sw	0(r29),r2
  905  000019d8  20010000	addi	r1,r0,#0
  906  000019dc  afc1fff4	sw	-12(r30),r1
  907  000019e0          	L37_LF2:
  908  000019e0  8fc10000	lw	r1,(r30)
  909  000019e4  20220001	addi	r2,r1,#1
  910  000019e8  afc20000	sw	(r30),r2
  911  000019ec  90210000	lbu	r1,(r1)
  912  000019f0  64220000	snei	r2,r1,#0
  913  000019f4  1440000c	bnez	r2,L39_LF2
  914  000019f8  54000000	nop; delay slot nop
  915  000019fc  0800001c	j	L38_LF2
  916  00001a00  54000000	nop; delay slot nop
  917  00001a04          	L39_LF2:
  918  00001a04  8fc2fff4	lw	r2,-12(r30)
  919  00001a08  20410001	addi	r1,r2,#1
  920  00001a0c  00011020	add	r2,r0,r1
  921  00001a10  afc2fff4	sw	-12(r30),r2
  922  00001a14  0bffffc8	j	L37_LF2
  923  00001a18  54000000	nop; delay slot nop
  924  00001a1c          	L38_LF2:
  925  00001a1c  8fc1fff4	lw	r1,-12(r30)
  926  00001a20  08000004	j	L36_LF2
  927  00001a24  54000000	nop; delay slot nop
  928  00001a28          	L36_LF2:
  929  00001a28  8fa20000	lw	r2,0(r29)
  930  00001a2c  8fdffff8	lw	r31,-8(r30)
  931  00001a30  001ee820	add	r29,r0,r30
  932  00001a34  8fdefffc	lw	r30,-4(r30)
  933  00001a38  4be00000	jr	r31
  934  00001a3c  54000000	nop
  935  00001a40          	.endproc _dstrlen
  936  00001a40          	.align 2
  937  00001a40          	.proc _dstrstr
  938  00001a40          	.global _dstrstr
  939  00001a40          	_dstrstr:
  940                      ;  Function 'dstrstr'; 8 bytes of locals, 1 regs to save.
  941  00001a40  afbefffc	sw	-4(r29),r30; push fp
  942  00001a44  001df020	add	r30,r0,r29; fp = sp
  943  00001a48  afbffff8	sw	-8(r29),r31; push ret addr
  944  00001a4c  2fbd0018	subui	r29,r29,#24; alloc local storage
  945  00001a50  afa20000	sw	0(r29),r2
  946  00001a54  23bdfff8	addi	r29,r29,#-8
  947  00001a58  001d0820	add	r1,r0,r29
  948  00001a5c  8fc20004	lw	r2,4(r30)
  949  00001a60  ac220000	sw	(r1),r2
  950  00001a64  0fffff5c	jal	_dstrlen
  951  00001a68  54000000	nop; delay slot nop
  952  00001a6c  23bd0008	addi	r29,r29,#8
  953  00001a70  afc1fff4	sw	-12(r30),r1
  954  00001a74          	L41_LF2:
  955  00001a74  8fc10000	lw	r1,(r30)
  956  00001a78  90220000	lbu	r2,(r1)
  957  00001a7c  64410000	snei	r1,r2,#0
  958  00001a80  1420000c	bnez	r1,L43_LF2
  959  00001a84  54000000	nop; delay slot nop
  960  00001a88  08000060	j	L42_LF2
  961  00001a8c  54000000	nop; delay slot nop
  962  00001a90          	L43_LF2:
  963  00001a90  23bdfff0	addi	r29,r29,#-16
  964  00001a94  001d0820	add	r1,r0,r29
  965  00001a98  8fc20000	lw	r2,(r30)
  966  00001a9c  ac220000	sw	(r1),r2
  967  00001aa0  8fc20004	lw	r2,4(r30)
  968  00001aa4  ac220004	sw	4(r1),r2
  969  00001aa8  8fc2fff4	lw	r2,-12(r30)
  970  00001aac  ac220008	sw	8(r1),r2
  971  00001ab0  0ffffdc0	jal	_dstrncmp
  972  00001ab4  54000000	nop; delay slot nop
  973  00001ab8  23bd0010	addi	r29,r29,#16
  974  00001abc  64220000	snei	r2,r1,#0
  975  00001ac0  14400010	bnez	r2,L44_LF2
  976  00001ac4  54000000	nop; delay slot nop
  977  00001ac8  8fc10000	lw	r1,(r30)
  978  00001acc  08000028	j	L40_LF2
  979  00001ad0  54000000	nop; delay slot nop
  980  00001ad4          	L44_LF2:
  981  00001ad4  8fc20000	lw	r2,(r30)
  982  00001ad8  20410001	addi	r1,r2,#1
  983  00001adc  00011020	add	r2,r0,r1
  984  00001ae0  afc20000	sw	(r30),r2
  985  00001ae4  0bffff8c	j	L41_LF2
  986  00001ae8  54000000	nop; delay slot nop
  987  00001aec          	L42_LF2:
  988  00001aec  20010000	addi	r1,r0,#0
  989  00001af0  08000004	j	L40_LF2
  990  00001af4  54000000	nop; delay slot nop
  991  00001af8          	L40_LF2:
  992  00001af8  8fa20000	lw	r2,0(r29)
  993  00001afc  8fdffff8	lw	r31,-8(r30)
  994  00001b00  001ee820	add	r29,r0,r30
  995  00001b04  8fdefffc	lw	r30,-4(r30)
  996  00001b08  4be00000	jr	r31
  997  00001b0c  54000000	nop
  998  00001b10          	.endproc _dstrstr
  999  00001b10          	.align 2
 1000  00001b10          	.proc _dmindex
 1001  00001b10          	.global _dmindex
 1002  00001b10          	_dmindex:
 1003                      ;  Function 'dmindex'; 8 bytes of locals, 1 regs to save.
 1004  00001b10  afbefffc	sw	-4(r29),r30; push fp
 1005  00001b14  001df020	add	r30,r0,r29; fp = sp
 1006  00001b18  afbffff8	sw	-8(r29),r31; push ret addr
 1007  00001b1c  2fbd0018	subui	r29,r29,#24; alloc local storage
 1008  00001b20  afa20000	sw	0(r29),r2
 1009  00001b24  54000000	nop
 1010  00001b28          	L46_LF2:
 1011  00001b28  8fc10000	lw	r1,(r30)
 1012  00001b2c  90220000	lbu	r2,(r1)
 1013  00001b30  64410000	snei	r1,r2,#0
 1014  00001b34  1420000c	bnez	r1,L48_LF2
 1015  00001b38  54000000	nop; delay slot nop
 1016  00001b3c  08000070	j	L47_LF2
 1017  00001b40  54000000	nop; delay slot nop
 1018  00001b44          	L48_LF2:
 1019  00001b44  8fc10004	lw	r1,4(r30)
 1020  00001b48  afc1fff4	sw	-12(r30),r1
 1021  00001b4c          	L49_LF2:
 1022  00001b4c  8fc1fff4	lw	r1,-12(r30)
 1023  00001b50  90220000	lbu	r2,(r1)
 1024  00001b54  64410000	snei	r1,r2,#0
 1025  00001b58  1420000c	bnez	r1,L52_LF2
 1026  00001b5c  54000000	nop; delay slot nop
 1027  00001b60  08000044	j	L50_LF2
 1028  00001b64  54000000	nop; delay slot nop
 1029  00001b68          	L52_LF2:
 1030  00001b68  8fc10000	lw	r1,(r30)
 1031  00001b6c  8fc2fff4	lw	r2,-12(r30)
 1032  00001b70  90210000	lbu	r1,(r1)
 1033  00001b74  90420000	lbu	r2,(r2)
 1034  00001b78  00220828	seq	r1,r1,r2
 1035  00001b7c  10200010	beqz	r1,L51_LF2
 1036  00001b80  54000000	nop; delay slot nop
 1037  00001b84  8fc10000	lw	r1,(r30)
 1038  00001b88  08000030	j	L45_LF2
 1039  00001b8c  54000000	nop; delay slot nop
 1040  00001b90          	L53_LF2:
 1041  00001b90          	L51_LF2:
 1042  00001b90  8fc2fff4	lw	r2,-12(r30)
 1043  00001b94  20410001	addi	r1,r2,#1
 1044  00001b98  00011020	add	r2,r0,r1
 1045  00001b9c  afc2fff4	sw	-12(r30),r2
 1046  00001ba0  0bffffa8	j	L49_LF2
 1047  00001ba4  54000000	nop; delay slot nop
 1048  00001ba8          	L50_LF2:
 1049  00001ba8  0bffff7c	j	L46_LF2
 1050  00001bac  54000000	nop; delay slot nop
 1051  00001bb0          	L47_LF2:
 1052  00001bb0  20010000	addi	r1,r0,#0
 1053  00001bb4  08000004	j	L45_LF2
 1054  00001bb8  54000000	nop; delay slot nop
 1055  00001bbc          	L45_LF2:
 1056  00001bbc  8fa20000	lw	r2,0(r29)
 1057  00001bc0  8fdffff8	lw	r31,-8(r30)
 1058  00001bc4  001ee820	add	r29,r0,r30
 1059  00001bc8  8fdefffc	lw	r30,-4(r30)
 1060  00001bcc  4be00000	jr	r31
 1061  00001bd0  54000000	nop
 1062  00001bd4          	.endproc _dmindex
 1063  00001bd4          	.align 2
 1064  00001bd4          	.proc _dindex
 1065  00001bd4          	.global _dindex
 1066  00001bd4          	_dindex:
 1067                      ;  Function 'dindex'; 0 bytes of locals, 1 regs to save.
 1068  00001bd4  afbefffc	sw	-4(r29),r30; push fp
 1069  00001bd8  001df020	add	r30,r0,r29; fp = sp
 1070  00001bdc  afbffff8	sw	-8(r29),r31; push ret addr
 1071  00001be0  2fbd0010	subui	r29,r29,#16; alloc local storage
 1072  00001be4  afa20000	sw	0(r29),r2
 1073  00001be8  54000000	nop
 1074  00001bec          	L55_LF2:
 1075  00001bec  8fc10000	lw	r1,(r30)
 1076  00001bf0  90220000	lbu	r2,(r1)
 1077  00001bf4  64410000	snei	r1,r2,#0
 1078  00001bf8  1420000c	bnez	r1,L57_LF2
 1079  00001bfc  54000000	nop; delay slot nop
 1080  00001c00  08000040	j	L56_LF2
 1081  00001c04  54000000	nop; delay slot nop
 1082  00001c08          	L57_LF2:
 1083  00001c08  8fc10000	lw	r1,(r30)
 1084  00001c0c  90220000	lbu	r2,(r1)
 1085  00001c10  8fc10004	lw	r1,4(r30)
 1086  00001c14  00411028	seq	r2,r2,r1
 1087  00001c18  10400010	beqz	r2,L58_LF2
 1088  00001c1c  54000000	nop; delay slot nop
 1089  00001c20  8fc10000	lw	r1,(r30)
 1090  00001c24  08000028	j	L54_LF2
 1091  00001c28  54000000	nop; delay slot nop
 1092  00001c2c          	L58_LF2:
 1093  00001c2c  8fc20000	lw	r2,(r30)
 1094  00001c30  20410001	addi	r1,r2,#1
 1095  00001c34  00011020	add	r2,r0,r1
 1096  00001c38  afc20000	sw	(r30),r2
 1097  00001c3c  0bffffac	j	L55_LF2
 1098  00001c40  54000000	nop; delay slot nop
 1099  00001c44          	L56_LF2:
 1100  00001c44  20010000	addi	r1,r0,#0
 1101  00001c48  08000004	j	L54_LF2
 1102  00001c4c  54000000	nop; delay slot nop
 1103  00001c50          	L54_LF2:
 1104  00001c50  8fa20000	lw	r2,0(r29)
 1105  00001c54  8fdffff8	lw	r31,-8(r30)
 1106  00001c58  001ee820	add	r29,r0,r30
 1107  00001c5c  8fdefffc	lw	r30,-4(r30)
 1108  00001c60  4be00000	jr	r31
 1109  00001c64  54000000	nop
 1110  00001c68          	.endproc _dindex
 1111  00001c68          	.align 2
 1112  00001c68          	.proc _ditoa
 1113  00001c68          	.global _ditoa
 1114  00001c68          	_ditoa:
 1115                      ;  Function 'ditoa'; 8 bytes of locals, 2 regs to save.
 1116  00001c68  afbefffc	sw	-4(r29),r30; push fp
 1117  00001c6c  001df020	add	r30,r0,r29; fp = sp
 1118  00001c70  afbffff8	sw	-8(r29),r31; push ret addr
 1119  00001c74  2fbd0018	subui	r29,r29,#24; alloc local storage
 1120  00001c78  afa20000	sw	0(r29),r2
 1121  00001c7c  afa30004	sw	4(r29),r3
 1122  00001c80  8fc10000	lw	r1,(r30)
 1123  00001c84  68220000	slti	r2,r1,#0
 1124  00001c88  1040002c	beqz	r2,L60_LF2
 1125  00001c8c  54000000	nop; delay slot nop
 1126  00001c90  8fc10004	lw	r1,4(r30)
 1127  00001c94  20220001	addi	r2,r1,#1
 1128  00001c98  afc20004	sw	4(r30),r2
 1129  00001c9c  2002002d	addi	r2,r0,(#0x2d)&0xff
 1130  00001ca0  a0220000	sb	(r1),r2
 1131  00001ca4  8fc10000	lw	r1,(r30)
 1132  00001ca8  00011022	sub	r2,r0,r1
 1133  00001cac  afc20000	sw	(r30),r2
 1134  00001cb0  08000118	j	L61_LF2
 1135  00001cb4  54000000	nop; delay slot nop
 1136  00001cb8          	L60_LF2:
 1137  00001cb8  8fc10000	lw	r1,(r30)
 1138  00001cbc  64220000	snei	r2,r1,#0
 1139  00001cc0  14400020	bnez	r2,L62_LF2
 1140  00001cc4  54000000	nop; delay slot nop
 1141  00001cc8  8fc10004	lw	r1,4(r30)
 1142  00001ccc  20220001	addi	r2,r1,#1
 1143  00001cd0  afc20004	sw	4(r30),r2
 1144  00001cd4  20020030	addi	r2,r0,(#0x30)&0xff
 1145  00001cd8  a0220000	sb	(r1),r2
 1146  00001cdc  080000ec	j	L61_LF2
 1147  00001ce0  54000000	nop; delay slot nop
 1148  00001ce4          	L62_LF2:
 1149  00001ce4  20010001	addi	r1,r0,#1
 1150  00001ce8  afc1fff4	sw	-12(r30),r1
 1151  00001cec          	L64_LF2:
 1152  00001cec  8fc1fff4	lw	r1,-12(r30)
 1153  00001cf0  8fc20000	lw	r2,(r30)
 1154  00001cf4  0022082c	sle	r1,r1,r2
 1155  00001cf8  1420000c	bnez	r1,L66_LF2
 1156  00001cfc  54000000	nop; delay slot nop
 1157  00001d00  08000024	j	L65_LF2
 1158  00001d04  54000000	nop; delay slot nop
 1159  00001d08          	L67_LF2:
 1160  00001d08          	L66_LF2:
 1161  00001d08  8fc1fff4	lw	r1,-12(r30)
 1162  00001d0c  00011820	add	r3,r0,r1
 1163  00001d10  50620002	slli	r2,r3,#0x2
 1164  00001d14  00411020	add	r2,r2,r1
 1165  00001d18  50410001	slli	r1,r2,#0x1
 1166  00001d1c  afc1fff4	sw	-12(r30),r1
 1167  00001d20  0bffffc8	j	L64_LF2
 1168  00001d24  54000000	nop; delay slot nop
 1169  00001d28          	L65_LF2:
 1170  00001d28  54000000	nop
 1171  00001d2c          	L68_LF2:
 1172  00001d2c  8fc1fff4	lw	r1,-12(r30)
 1173  00001d30  2002000a	addi	r2,r0,#10
 1174  00001d34  00200035	movi2fp	f0,r1
 1175  00001d38  00400835	movi2fp	f1,r2
 1176  00001d3c  0401000f	div	f0,f0,f1
 1177  00001d40  00000834	movfp2i	r1,f0
 1178  00001d44  afc1fff4	sw	-12(r30),r1
 1179  00001d48  8fc10004	lw	r1,4(r30)
 1180  00001d4c  20220001	addi	r2,r1,#1
 1181  00001d50  afc20004	sw	4(r30),r2
 1182  00001d54  8fc20000	lw	r2,(r30)
 1183  00001d58  8fc3fff4	lw	r3,-12(r30)
 1184  00001d5c  00400035	movi2fp	f0,r2
 1185  00001d60  00600835	movi2fp	f1,r3
 1186  00001d64  0401000f	div	f0,f0,f1
 1187  00001d68  00001034	movfp2i	r2,f0
 1188  00001d6c  00021820	add	r3,r0,r2
 1189  00001d70  20620030	addi	r2,r3,#48
 1190  00001d74  a0220000	sb	(r1),r2
 1191  00001d78  8fc10000	lw	r1,(r30)
 1192  00001d7c  8fc3fff4	lw	r3,-12(r30)
 1193  00001d80  00200035	movi2fp	f0,r1
 1194  00001d84  00600835	movi2fp	f1,r3
 1195  00001d88  0401000f	div	f0,f0,f1
 1196  00001d8c  00001034	movfp2i	r2,f0
 1197  00001d90  8fc3fff4	lw	r3,-12(r30)
 1198  00001d94  00400035	movi2fp	f0,r2
 1199  00001d98  00600835	movi2fp	f1,r3
 1200  00001d9c  0401000e	mult	f0,f0,f1
 1201  00001da0  00001034	movfp2i	r2,f0
 1202  00001da4  00220822	sub	r1,r1,r2
 1203  00001da8  afc10000	sw	(r30),r1
 1204  00001dac          	L70_LF2:
 1205  00001dac  8fc1fff4	lw	r1,-12(r30)
 1206  00001db0  6c220001	sgti	r2,r1,#1
 1207  00001db4  1440000c	bnez	r2,L71_LF2
 1208  00001db8  54000000	nop; delay slot nop
 1209  00001dbc  0800000c	j	L61_LF2
 1210  00001dc0  54000000	nop; delay slot nop
 1211  00001dc4          	L71_LF2:
 1212  00001dc4  0bffff64	j	L68_LF2
 1213  00001dc8  54000000	nop; delay slot nop
 1214  00001dcc          	L69_LF2:
 1215  00001dcc          	L63_LF2:
 1216  00001dcc          	L61_LF2:
 1217  00001dcc  8fc10004	lw	r1,4(r30)
 1218  00001dd0  20020000	addi	r2,r0,(#0x0)&0xff
 1219  00001dd4  a0220000	sb	(r1),r2
 1220  00001dd8          	L59_LF2:
 1221  00001dd8  8fa20000	lw	r2,0(r29)
 1222  00001ddc  8fa30004	lw	r3,4(r29)
 1223  00001de0  8fdffff8	lw	r31,-8(r30)
 1224  00001de4  001ee820	add	r29,r0,r30
 1225  00001de8  8fdefffc	lw	r30,-4(r30)
 1226  00001dec  4be00000	jr	r31
 1227  00001df0  54000000	nop
 1228  00001df4          	.endproc _ditoa
 1229  00001df4          	.align 2
 1230  00001df4          	.proc _dstrtol
 1231  00001df4          	.global _dstrtol
 1232  00001df4          	_dstrtol:
 1233                      ;  Function 'dstrtol'; 16 bytes of locals, 1 regs to save.
 1234  00001df4  afbefffc	sw	-4(r29),r30; push fp
 1235  00001df8  001df020	add	r30,r0,r29; fp = sp
 1236  00001dfc  afbffff8	sw	-8(r29),r31; push ret addr
 1237  00001e00  2fbd0020	subui	r29,r29,#32; alloc local storage
 1238  00001e04  afa20000	sw	0(r29),r2
 1239  00001e08  20010000	addi	r1,r0,#0
 1240  00001e0c  afc1fff4	sw	-12(r30),r1
 1241  00001e10          	L73_LF2:
 1242  00001e10  8fc10000	lw	r1,(r30)
 1243  00001e14  90220000	lbu	r2,(r1)
 1244  00001e18  60410020	seqi	r1,r2,#32
 1245  00001e1c  14200034	bnez	r1,L75_LF2
 1246  00001e20  54000000	nop; delay slot nop
 1247  00001e24  8fc10000	lw	r1,(r30)
 1248  00001e28  90220000	lbu	r2,(r1)
 1249  00001e2c  60410009	seqi	r1,r2,#9
 1250  00001e30  14200020	bnez	r1,L75_LF2
 1251  00001e34  54000000	nop; delay slot nop
 1252  00001e38  8fc10000	lw	r1,(r30)
 1253  00001e3c  90220000	lbu	r2,(r1)
 1254  00001e40  6041000a	seqi	r1,r2,#10
 1255  00001e44  1420000c	bnez	r1,L75_LF2
 1256  00001e48  54000000	nop; delay slot nop
 1257  00001e4c  0800001c	j	L74_LF2
 1258  00001e50  54000000	nop; delay slot nop
 1259  00001e54          	L75_LF2:
 1260  00001e54  8fc20000	lw	r2,(r30)
 1261  00001e58  20410001	addi	r1,r2,#1
 1262  00001e5c  00011020	add	r2,r0,r1
 1263  00001e60  afc20000	sw	(r30),r2
 1264  00001e64  0bffffa8	j	L73_LF2
 1265  00001e68  54000000	nop; delay slot nop
 1266  00001e6c          	L74_LF2:
 1267  00001e6c  8fc10004	lw	r1,4(r30)
 1268  00001e70  64220000	snei	r2,r1,#0
 1269  00001e74  10400010	beqz	r2,L76_LF2
 1270  00001e78  54000000	nop; delay slot nop
 1271  00001e7c  8fc10004	lw	r1,4(r30)
 1272  00001e80  8fc20000	lw	r2,(r30)
 1273  00001e84  ac220000	sw	(r1),r2
 1274  00001e88          	L76_LF2:
 1275  00001e88  8fc10000	lw	r1,(r30)
 1276  00001e8c  90220000	lbu	r2,(r1)
 1277  00001e90  64410000	snei	r1,r2,#0
 1278  00001e94  14200010	bnez	r1,L77_LF2
 1279  00001e98  54000000	nop; delay slot nop
 1280  00001e9c  8fc1fff4	lw	r1,-12(r30)
 1281  00001ea0  08000294	j	L72_LF2
 1282  00001ea4  54000000	nop; delay slot nop
 1283  00001ea8          	L77_LF2:
 1284  00001ea8  8fc10000	lw	r1,(r30)
 1285  00001eac  90220000	lbu	r2,(r1)
 1286  00001eb0  6041002d	seqi	r1,r2,#45
 1287  00001eb4  10200024	beqz	r1,L78_LF2
 1288  00001eb8  54000000	nop; delay slot nop
 1289  00001ebc  2001ffff	addi	r1,r0,#-1
 1290  00001ec0  afc1ffec	sw	-20(r30),r1
 1291  00001ec4  8fc20000	lw	r2,(r30)
 1292  00001ec8  20410001	addi	r1,r2,#1
 1293  00001ecc  00011020	add	r2,r0,r1
 1294  00001ed0  afc20000	sw	(r30),r2
 1295  00001ed4  0800000c	j	L79_LF2
 1296  00001ed8  54000000	nop; delay slot nop
 1297  00001edc          	L78_LF2:
 1298  00001edc  20010001	addi	r1,r0,#1
 1299  00001ee0  afc1ffec	sw	-20(r30),r1
 1300  00001ee4          	L79_LF2:
 1301  00001ee4  8fc10008	lw	r1,8(r30)
 1302  00001ee8  64220000	snei	r2,r1,#0
 1303  00001eec  14400090	bnez	r2,L80_LF2
 1304  00001ef0  54000000	nop; delay slot nop
 1305  00001ef4  8fc10000	lw	r1,(r30)
 1306  00001ef8  90220000	lbu	r2,(r1)
 1307  00001efc  60410030	seqi	r1,r2,#48
 1308  00001f00  10200074	beqz	r1,L81_LF2
 1309  00001f04  54000000	nop; delay slot nop
 1310  00001f08  8fc20000	lw	r2,(r30)
 1311  00001f0c  20410001	addi	r1,r2,#1
 1312  00001f10  00011020	add	r2,r0,r1
 1313  00001f14  afc20000	sw	(r30),r2
 1314  00001f18  8fc10000	lw	r1,(r30)
 1315  00001f1c  90220000	lbu	r2,(r1)
 1316  00001f20  60410078	seqi	r1,r2,#120
 1317  00001f24  14200020	bnez	r1,L83_LF2
 1318  00001f28  54000000	nop; delay slot nop
 1319  00001f2c  8fc10000	lw	r1,(r30)
 1320  00001f30  90220000	lbu	r2,(r1)
 1321  00001f34  60410058	seqi	r1,r2,#88
 1322  00001f38  1420000c	bnez	r1,L83_LF2
 1323  00001f3c  54000000	nop; delay slot nop
 1324  00001f40  08000024	j	L82_LF2
 1325  00001f44  54000000	nop; delay slot nop
 1326  00001f48          	L83_LF2:
 1327  00001f48  20010010	addi	r1,r0,#16
 1328  00001f4c  afc10008	sw	8(r30),r1
 1329  00001f50  8fc20000	lw	r2,(r30)
 1330  00001f54  20410001	addi	r1,r2,#1
 1331  00001f58  00011020	add	r2,r0,r1
 1332  00001f5c  afc20000	sw	(r30),r2
 1333  00001f60  0800000c	j	L84_LF2
 1334  00001f64  54000000	nop; delay slot nop
 1335  00001f68          	L82_LF2:
 1336  00001f68  20010008	addi	r1,r0,#8
 1337  00001f6c  afc10008	sw	8(r30),r1
 1338  00001f70          	L84_LF2:
 1339  00001f70  0800000c	j	L80_LF2
 1340  00001f74  54000000	nop; delay slot nop
 1341  00001f78          	L81_LF2:
 1342  00001f78  2001000a	addi	r1,r0,#10
 1343  00001f7c  afc10008	sw	8(r30),r1
 1344  00001f80          	L85_LF2:
 1345  00001f80          	L80_LF2:
 1346  00001f80  8fc10008	lw	r1,8(r30)
 1347  00001f84  70220000	slei	r2,r1,#0
 1348  00001f88  1440001c	bnez	r2,L87_LF2
 1349  00001f8c  54000000	nop; delay slot nop
 1350  00001f90  8fc10008	lw	r1,8(r30)
 1351  00001f94  6c220010	sgti	r2,r1,#16
 1352  00001f98  1440000c	bnez	r2,L87_LF2
 1353  00001f9c  54000000	nop; delay slot nop
 1354  00001fa0  08000010	j	L86_LF2
 1355  00001fa4  54000000	nop; delay slot nop
 1356  00001fa8          	L87_LF2:
 1357  00001fa8  8fc1fff4	lw	r1,-12(r30)
 1358  00001fac  08000188	j	L72_LF2
 1359  00001fb0  54000000	nop; delay slot nop
 1360  00001fb4          	L86_LF2:
 1361  00001fb4  54000000	nop
 1362  00001fb8          	L88_LF2:
 1363  00001fb8  8fc10000	lw	r1,(r30)
 1364  00001fbc  90220000	lbu	r2,(r1)
 1365  00001fc0  6c41002f	sgtui	r1,r2,#47
 1366  00001fc4  10200030	beqz	r1,L91_LF2
 1367  00001fc8  54000000	nop; delay slot nop
 1368  00001fcc  8fc10000	lw	r1,(r30)
 1369  00001fd0  90220000	lbu	r2,(r1)
 1370  00001fd4  70410039	sleui	r1,r2,#57
 1371  00001fd8  1020001c	beqz	r1,L91_LF2
 1372  00001fdc  54000000	nop; delay slot nop
 1373  00001fe0  8fc10000	lw	r1,(r30)
 1374  00001fe4  90220000	lbu	r2,(r1)
 1375  00001fe8  2041ffd0	addi	r1,r2,#-48
 1376  00001fec  afc1fff0	sw	-16(r30),r1
 1377  00001ff0  0800008c	j	L92_LF2
 1378  00001ff4  54000000	nop; delay slot nop
 1379  00001ff8          	L91_LF2:
 1380  00001ff8  8fc10000	lw	r1,(r30)
 1381  00001ffc  90220000	lbu	r2,(r1)
 1382  00002000  6c410060	sgtui	r1,r2,#96
 1383  00002004  10200030	beqz	r1,L93_LF2
 1384  00002008  54000000	nop; delay slot nop
 1385  0000200c  8fc10000	lw	r1,(r30)
 1386  00002010  90220000	lbu	r2,(r1)
 1387  00002014  7041007a	sleui	r1,r2,#122
 1388  00002018  1020001c	beqz	r1,L93_LF2
 1389  0000201c  54000000	nop; delay slot nop
 1390  00002020  8fc10000	lw	r1,(r30)
 1391  00002024  90220000	lbu	r2,(r1)
 1392  00002028  2041ffa9	addi	r1,r2,#-87
 1393  0000202c  afc1fff0	sw	-16(r30),r1
 1394  00002030  0800004c	j	L92_LF2
 1395  00002034  54000000	nop; delay slot nop
 1396  00002038          	L93_LF2:
 1397  00002038  8fc10000	lw	r1,(r30)
 1398  0000203c  90220000	lbu	r2,(r1)
 1399  00002040  6c410040	sgtui	r1,r2,#64
 1400  00002044  10200030	beqz	r1,L95_LF2
 1401  00002048  54000000	nop; delay slot nop
 1402  0000204c  8fc10000	lw	r1,(r30)
 1403  00002050  90220000	lbu	r2,(r1)
 1404  00002054  7041005a	sleui	r1,r2,#90
 1405  00002058  1020001c	beqz	r1,L95_LF2
 1406  0000205c  54000000	nop; delay slot nop
 1407  00002060  8fc10000	lw	r1,(r30)
 1408  00002064  90220000	lbu	r2,(r1)
 1409  00002068  2041ffc9	addi	r1,r2,#-55
 1410  0000206c  afc1fff0	sw	-16(r30),r1
 1411  00002070  0800000c	j	L92_LF2
 1412  00002074  54000000	nop; delay slot nop
 1413  00002078          	L95_LF2:
 1414  00002078  200103e8	addi	r1,r0,#1000
 1415  0000207c  afc1fff0	sw	-16(r30),r1
 1416  00002080          	L96_LF2:
 1417  00002080          	L94_LF2:
 1418  00002080          	L92_LF2:
 1419  00002080  8fc1fff0	lw	r1,-16(r30)
 1420  00002084  8fc20008	lw	r2,8(r30)
 1421  00002088  0022082a	slt	r1,r1,r2
 1422  0000208c  10200040	beqz	r1,L90_LF2
 1423  00002090  54000000	nop; delay slot nop
 1424  00002094  8fc1fff4	lw	r1,-12(r30)
 1425  00002098  8fc20008	lw	r2,8(r30)
 1426  0000209c  00200035	movi2fp	f0,r1
 1427  000020a0  00400835	movi2fp	f1,r2
 1428  000020a4  0401000e	mult	f0,f0,f1
 1429  000020a8  00000834	movfp2i	r1,f0
 1430  000020ac  afc1fff4	sw	-12(r30),r1
 1431  000020b0  8fc1fff4	lw	r1,-12(r30)
 1432  000020b4  8fc2fff0	lw	r2,-16(r30)
 1433  000020b8  00220820	add	r1,r1,r2
 1434  000020bc  afc1fff4	sw	-12(r30),r1
 1435  000020c0  8fc20000	lw	r2,(r30)
 1436  000020c4  20410001	addi	r1,r2,#1
 1437  000020c8  00011020	add	r2,r0,r1
 1438  000020cc  afc20000	sw	(r30),r2
 1439  000020d0          	L97_LF2:
 1440  000020d0          	L90_LF2:
 1441  000020d0  8fc1fff0	lw	r1,-16(r30)
 1442  000020d4  8fc20008	lw	r2,8(r30)
 1443  000020d8  0022082a	slt	r1,r1,r2
 1444  000020dc  1420000c	bnez	r1,L98_LF2
 1445  000020e0  54000000	nop; delay slot nop
 1446  000020e4  0800000c	j	L89_LF2
 1447  000020e8  54000000	nop; delay slot nop
 1448  000020ec          	L98_LF2:
 1449  000020ec  0bfffec8	j	L88_LF2
 1450  000020f0  54000000	nop; delay slot nop
 1451  000020f4          	L89_LF2:
 1452  000020f4  8fc10004	lw	r1,4(r30)
 1453  000020f8  64220000	snei	r2,r1,#0
 1454  000020fc  10400010	beqz	r2,L99_LF2
 1455  00002100  54000000	nop; delay slot nop
 1456  00002104  8fc10004	lw	r1,4(r30)
 1457  00002108  8fc20000	lw	r2,(r30)
 1458  0000210c  ac220000	sw	(r1),r2
 1459  00002110          	L99_LF2:
 1460  00002110  8fc1fff4	lw	r1,-12(r30)
 1461  00002114  8fc2ffec	lw	r2,-20(r30)
 1462  00002118  00200035	movi2fp	f0,r1
 1463  0000211c  00400835	movi2fp	f1,r2
 1464  00002120  0401000e	mult	f0,f0,f1
 1465  00002124  00000834	movfp2i	r1,f0
 1466  00002128  afc1fff4	sw	-12(r30),r1
 1467  0000212c  8fc1fff4	lw	r1,-12(r30)
 1468  00002130  08000004	j	L72_LF2
 1469  00002134  54000000	nop; delay slot nop
 1470  00002138          	L72_LF2:
 1471  00002138  8fa20000	lw	r2,0(r29)
 1472  0000213c  8fdffff8	lw	r31,-8(r30)
 1473  00002140  001ee820	add	r29,r0,r30
 1474  00002144  8fdefffc	lw	r30,-4(r30)
 1475  00002148  4be00000	jr	r31
 1476  0000214c  54000000	nop
 1477  00002150          	.endproc _dstrtol
 1478  00002150          	.align 2
 1479  00002150          	.proc _bcopy
 1480  00002150          	.global _bcopy
 1481  00002150          	_bcopy:
 1482                      ;  Function 'bcopy'; 0 bytes of locals, 2 regs to save.
 1483  00002150  afbefffc	sw	-4(r29),r30; push fp
 1484  00002154  001df020	add	r30,r0,r29; fp = sp
 1485  00002158  afbffff8	sw	-8(r29),r31; push ret addr
 1486  0000215c  2fbd0010	subui	r29,r29,#16; alloc local storage
 1487  00002160  afa20000	sw	0(r29),r2
 1488  00002164  afa30004	sw	4(r29),r3
 1489  00002168  54000000	nop
 1490  0000216c          	L101_LF2:
 1491  0000216c  8fc10008	lw	r1,8(r30)
 1492  00002170  2022ffff	addi	r2,r1,#-1
 1493  00002174  afc20008	sw	8(r30),r2
 1494  00002178  6c210000	sgti	r1,r1,#0
 1495  0000217c  1420000c	bnez	r1,L103_LF2
 1496  00002180  54000000	nop; delay slot nop
 1497  00002184  0800002c	j	L102_LF2
 1498  00002188  54000000	nop; delay slot nop
 1499  0000218c          	L103_LF2:
 1500  0000218c  8fc10004	lw	r1,4(r30)
 1501  00002190  20220001	addi	r2,r1,#1
 1502  00002194  afc20004	sw	4(r30),r2
 1503  00002198  8fc20000	lw	r2,(r30)
 1504  0000219c  20430001	addi	r3,r2,#1
 1505  000021a0  afc30000	sw	(r30),r3
 1506  000021a4  80420000	lb	r2,(r2)
 1507  000021a8  a0220000	sb	(r1),r2
 1508  000021ac  0bffffbc	j	L101_LF2
 1509  000021b0  54000000	nop; delay slot nop
 1510  000021b4          	L102_LF2:
 1511  000021b4          	L100_LF2:
 1512  000021b4  8fa20000	lw	r2,0(r29)
 1513  000021b8  8fa30004	lw	r3,4(r29)
 1514  000021bc  8fdffff8	lw	r31,-8(r30)
 1515  000021c0  001ee820	add	r29,r0,r30
 1516  000021c4  8fdefffc	lw	r30,-4(r30)
 1517  000021c8  4be00000	jr	r31
 1518  000021cc  54000000	nop
 1519  000021d0          	.endproc _bcopy
 1520  000021d0          	.align 2
 1521  000021d0          	.proc _bzero
 1522  000021d0          	.global _bzero
 1523  000021d0          	_bzero:
 1524                      ;  Function 'bzero'; 0 bytes of locals, 1 regs to save.
 1525  000021d0  afbefffc	sw	-4(r29),r30; push fp
 1526  000021d4  001df020	add	r30,r0,r29; fp = sp
 1527  000021d8  afbffff8	sw	-8(r29),r31; push ret addr
 1528  000021dc  2fbd0010	subui	r29,r29,#16; alloc local storage
 1529  000021e0  afa20000	sw	0(r29),r2
 1530  000021e4  54000000	nop
 1531  000021e8          	L105_LF2:
 1532  000021e8  8fc10004	lw	r1,4(r30)
 1533  000021ec  2022ffff	addi	r2,r1,#-1
 1534  000021f0  afc20004	sw	4(r30),r2
 1535  000021f4  6c210000	sgti	r1,r1,#0
 1536  000021f8  1420000c	bnez	r1,L107_LF2
 1537  000021fc  54000000	nop; delay slot nop
 1538  00002200  08000020	j	L106_LF2
 1539  00002204  54000000	nop; delay slot nop
 1540  00002208          	L107_LF2:
 1541  00002208  8fc10000	lw	r1,(r30)
 1542  0000220c  20220001	addi	r2,r1,#1
 1543  00002210  afc20000	sw	(r30),r2
 1544  00002214  20020000	addi	r2,r0,(#0x0)&0xff
 1545  00002218  a0220000	sb	(r1),r2
 1546  0000221c  0bffffc8	j	L105_LF2
 1547  00002220  54000000	nop; delay slot nop
 1548  00002224          	L106_LF2:
 1549  00002224          	L104_LF2:
 1550  00002224  8fa20000	lw	r2,0(r29)
 1551  00002228  8fdffff8	lw	r31,-8(r30)
 1552  0000222c  001ee820	add	r29,r0,r30
 1553  00002230  8fdefffc	lw	r30,-4(r30)
 1554  00002234  4be00000	jr	r31
 1555  00002238  54000000	nop
 1556  0000223c          	.endproc _bzero
 1557  0000223c          	.align 2
 1558  0000223c          	.proc _min
 1559  0000223c          	.global _min
 1560  0000223c          	_min:
 1561                      ;  Function 'min'; 0 bytes of locals, 2 regs to save.
 1562  0000223c  afbefffc	sw	-4(r29),r30; push fp
 1563  00002240  001df020	add	r30,r0,r29; fp = sp
 1564  00002244  afbffff8	sw	-8(r29),r31; push ret addr
 1565  00002248  2fbd0010	subui	r29,r29,#16; alloc local storage
 1566  0000224c  afa20000	sw	0(r29),r2
 1567  00002250  afa30004	sw	4(r29),r3
 1568  00002254  8fc10000	lw	r1,(r30)
 1569  00002258  8fc20004	lw	r2,4(r30)
 1570  0000225c  0022182c	sle	r3,r1,r2
 1571  00002260  14600008	bnez	r3,L109_LF2
 1572  00002264  54000000	nop; delay slot nop
 1573  00002268  8fc10004	lw	r1,4(r30)
 1574  0000226c          	L109_LF2:
 1575  0000226c  08000004	j	L108_LF2
 1576  00002270  54000000	nop; delay slot nop
 1577  00002274          	L108_LF2:
 1578  00002274  8fa20000	lw	r2,0(r29)
 1579  00002278  8fa30004	lw	r3,4(r29)
 1580  0000227c  8fdffff8	lw	r31,-8(r30)
 1581  00002280  001ee820	add	r29,r0,r30
 1582  00002284  8fdefffc	lw	r30,-4(r30)
 1583  00002288  4be00000	jr	r31
 1584  0000228c  54000000	nop
 1585  00002290          	.endproc _min
 1586                      ;;; Ethan L. Miller, 1999.  Released to the public domain
 1587                      ;;;
 1588                      ;;; Most of the traps are called in files from libtraps.
 1591  00002290          	.align 2
 1592  00002290          	.proc _exit
 1593  00002290          	.global _exit
 1594  00002290          	_exit:
 1595  00002290  44000300	trap	#0x300
 1596  00002294  4be00000	jr	r31
 1597  00002298  54000000	nop
 1598  0000229c          	.endproc _exit
 1600                      ; for the benefit of gcc.
 1601  0000229c          	.proc ___main
 1602  0000229c          	.global ___main
 1603  0000229c          	___main:
 1604  0000229c  4be00000	jr	r31
 1605  000022a0  54000000	nop
 1606  000022a4          	.endproc ___main
 1607  000022a4          	.text
 1608  000022a4          	.global _etext
 1609  000022a4          	_etext:
 1610  000022a4          	.align 3
 1611  000022a8          	.data
 1612  00003115          	.global _edata
 1613  00003115          	_edata:
