 line   address	contents
    1                      ; Linked by DLX-LD.
    2                      ; MemSize 24576
    3                      ; Data size: 257
    4                      ; Text size: 4880
    5                      ; Stack size: 8192
    6  00000000          	.text 0x1000
    7  00001000          	.data 0x3000
    8                      ; Compiled by GCC
    9  00003000          	.text
   10  00001000          	.align 2
   11  00001000          	.proc _isspace
   12  00001000          	.global _isspace
   13  00001000          	_isspace:
   14                      ;  Function 'isspace'; 0 bytes of locals, 1 regs to save.
   15  00001000  afbefffc	sw	-4(r29),r30; push fp
   16  00001004  001df020	add	r30,r0,r29; fp = sp
   17  00001008  afbffff8	sw	-8(r29),r31; push ret addr
   18  0000100c  2fbd0010	subui	r29,r29,#16; alloc local storage
   19  00001010  afa20000	sw	0(r29),r2
   20  00001014  83c20003	lb	r2,3(r30)
   21  00001018  201f0000	addi	r31,r0,#0
   22  0000101c  304100ff	andi	r1,r2,#0x00ff
   23  00001020  60210020	seqi	r1,r1,#32
   24  00001024  14200018	bnez	r1,L6_LF0
   25  00001028  54000000	nop; not filled.
   26  0000102c  2041fff7	addi	r1,r2,#-9
   27  00001030  302100ff	andi	r1,r1,#0x00ff
   28  00001034  70210001	sleui	r1,r1,#1
   29  00001038  10200008	beqz	r1,L5_LF0
   30  0000103c  54000000	nop; not filled.
   31  00001040          	L6_LF0:
   32  00001040  201f0001	addi	r31,r0,#1
   33  00001044          	L5_LF0:
   34  00001044  001f0820	add	r1,r0,r31
   35  00001048  8fa20000	lw	r2,0(r29)
   36  0000104c  8fdffff8	lw	r31,-8(r30)
   37  00001050  001ee820	add	r29,r0,r30
   38  00001054  8fdefffc	lw	r30,-4(r30)
   39  00001058  4be00000	jr	r31
   40  0000105c  54000000	nop
   41  00001060          	.endproc _isspace
   42  00001060          	.align 2
   43  00001060          	.proc _isxdigit
   44  00001060          	.global _isxdigit
   45  00001060          	_isxdigit:
   46                      ;  Function 'isxdigit'; 0 bytes of locals, 1 regs to save.
   47  00001060  afbefffc	sw	-4(r29),r30; push fp
   48  00001064  001df020	add	r30,r0,r29; fp = sp
   49  00001068  afbffff8	sw	-8(r29),r31; push ret addr
   50  0000106c  2fbd0010	subui	r29,r29,#16; alloc local storage
   51  00001070  afa20000	sw	0(r29),r2
   52  00001074  83df0003	lb	r31,3(r30)
   53  00001078  20020000	addi	r2,r0,#0
   54  0000107c  23e1ffd0	addi	r1,r31,#-48
   55  00001080  302100ff	andi	r1,r1,#0x00ff
   56  00001084  70210009	sleui	r1,r1,#9
   57  00001088  14200028	bnez	r1,L12_LF0
   58  0000108c  54000000	nop; not filled.
   59  00001090  23e1ff9f	addi	r1,r31,#-97
   60  00001094  302100ff	andi	r1,r1,#0x00ff
   61  00001098  70210005	sleui	r1,r1,#5
   62  0000109c  14200014	bnez	r1,L12_LF0
   63  000010a0  54000000	nop; not filled.
   64  000010a4  33e100ff	andi	r1,r31,#0x00ff
   65  000010a8  64210041	snei	r1,r1,#65
   66  000010ac  14200008	bnez	r1,L11_LF0
   67  000010b0  54000000	nop; not filled.
   68  000010b4          	L12_LF0:
   69  000010b4  20020001	addi	r2,r0,#1
   70  000010b8          	L11_LF0:
   71  000010b8  00020820	add	r1,r0,r2
   72  000010bc  8fa20000	lw	r2,0(r29)
   73  000010c0  8fdffff8	lw	r31,-8(r30)
   74  000010c4  001ee820	add	r29,r0,r30
   75  000010c8  8fdefffc	lw	r30,-4(r30)
   76  000010cc  4be00000	jr	r31
   77  000010d0  54000000	nop
   78  000010d4          	.endproc _isxdigit
   79  000010d4          	.data
   80  00003000          	.align 2
   81  00003000          	LC0_LF0:
   82  00003000  48656c6c	.ascii "Hello World\000"
   82  00003004  6f20576f	
   82  00003008  726c6400	
   83  0000300c          	.align 2
   84  0000300c          	LC1_LF0:
   85  0000300c  436f756c	.ascii "Could not map the virtual address to the memory in \000"
   85  00003010  64206e6f	
   85  00003014  74206d61	
   85  00003018  70207468	
   85  0000301c  65207669	
   85  00003020  72747561	
   85  00003024  6c206164	
   85  00003028  64726573	
   85  0000302c  7320746f	
   85  00003030  20746865	
   85  00003034  206d656d	
   85  00003038  6f727920	
   85  0000303c  696e2000	
   86  00003040          	.align 2
   87  00003040          	LC2_LF0:
   88  00003040  2c206578	.ascii ", exiting...\n\000"
   88  00003044  6974696e	
   88  00003048  672e2e2e	
   88  0000304c  0a00    	
   89  0000304e          	.align 2
   90  00003050          	LC3_LF0:
   91  00003050  42616420	.ascii "Bad semaphore s_emptyslots (%d) in \000"
   91  00003054  73656d61	
   91  00003058  70686f72	
   91  0000305c  6520735f	
   91  00003060  656d7074	
   91  00003064  79736c6f	
   91  00003068  74732028	
   91  0000306c  25642920	
   91  00003070  696e2000	
   92  00003074          	.align 2
   93  00003074          	LC4_LF0:
   94  00003074  50726f64	.ascii "Producer %d \000"
   94  00003078  75636572	
   94  0000307c  20256420	
   94  00003080  00      	
   95  00003081          	.align 2
   96  00003084          	LC5_LF0:
   97  00003084  696e7365	.ascii "inserted: %c\n\000"
   97  00003088  72746564	
   97  0000308c  3a202563	
   97  00003090  0a00    	
   98  00003092          	.align 2
   99  00003094          	LC6_LF0:
  100  00003094  42616420	.ascii "Bad semaphore s_fullslots (%d) in \000"
  100  00003098  73656d61	
  100  0000309c  70686f72	
  100  000030a0  6520735f	
  100  000030a4  66756c6c	
  100  000030a8  736c6f74	
  100  000030ac  73202825	
  100  000030b0  64292069	
  100  000030b4  6e2000  	
  101  000030b7          	.align 2
  102  000030b8          	LC7_LF0:
  103  000030b8  70726f64	.ascii "producer: PID %d is complete.\n\000"
  103  000030bc  75636572	
  103  000030c0  3a205049	
  103  000030c4  44202564	
  103  000030c8  20697320	
  103  000030cc  636f6d70	
  103  000030d0  6c657465	
  103  000030d4  2e0a00  	
  104  000030d7          	.align 2
  105  000030d8          	LC8_LF0:
  106  000030d8  42616420	.ascii "Bad semaphore s_procs_completed (%d) in \000"
  106  000030dc  73656d61	
  106  000030e0  70686f72	
  106  000030e4  6520735f	
  106  000030e8  70726f63	
  106  000030ec  735f636f	
  106  000030f0  6d706c65	
  106  000030f4  74656420	
  106  000030f8  28256429	
  106  000030fc  20696e20	
  106  00003100  00      	
  107  00003101          	.text
  108  000010d4          	.align 2
  109  000010d4          	.proc _main
  110  000010d4          	.global _main
  111  000010d4          	_main:
  112                      ;  Function 'main'; 16 bytes of locals, 0 regs to save.
  113  000010d4  afbefffc	sw	-4(r29),r30; push fp
  114  000010d8  001df020	add	r30,r0,r29; fp = sp
  115  000010dc  afbffff8	sw	-8(r29),r31; push ret addr
  116  000010e0  2fbd0018	subui	r29,r29,#24; alloc local storage
  117  000010e4  8fc80004	lw	r8,4(r30)
  118  000010e8  0c00121c	jal	___main
  119  000010ec  54000000	nop; not filled.
  120  000010f0  3c010000	lhi	r1,((LC0_LF0)>>16)&0xffff
  121  000010f4  24213000	addui	r1,r1,(LC0_LF0)&0xffff
  122  000010f8  802c0000	lb	r12,(r1)
  123  000010fc  a3ccffe8	sb	-24(r30),r12
  124  00001100  802c0001	lb	r12,1(r1)
  125  00001104  a3ccffe9	sb	-23(r30),r12
  126  00001108  802c0002	lb	r12,2(r1)
  127  0000110c  a3ccffea	sb	-22(r30),r12
  128  00001110  802c0003	lb	r12,3(r1)
  129  00001114  a3ccffeb	sb	-21(r30),r12
  130  00001118  802c0004	lb	r12,4(r1)
  131  0000111c  a3ccffec	sb	-20(r30),r12
  132  00001120  802c0005	lb	r12,5(r1)
  133  00001124  a3ccffed	sb	-19(r30),r12
  134  00001128  802c0006	lb	r12,6(r1)
  135  0000112c  a3ccffee	sb	-18(r30),r12
  136  00001130  802c0007	lb	r12,7(r1)
  137  00001134  a3ccffef	sb	-17(r30),r12
  138  00001138  802c0008	lb	r12,8(r1)
  139  0000113c  a3ccfff0	sb	-16(r30),r12
  140  00001140  802c0009	lb	r12,9(r1)
  141  00001144  a3ccfff1	sb	-15(r30),r12
  142  00001148  802c000a	lb	r12,10(r1)
  143  0000114c  a3ccfff2	sb	-14(r30),r12
  144  00001150  8021000b	lb	r1,11(r1)
  145  00001154  a3c1fff3	sb	-13(r30),r1
  146  00001158  23bdfff0	addi	r29,r29,#-16
  147  0000115c  8d0c0004	lw	r12,4(r8)
  148  00001160  afac0000	sw	(r29),r12
  149  00001164  200c0000	addi	r12,r0,#0
  150  00001168  afac0004	sw	4(r29),r12
  151  0000116c  200c000a	addi	r12,r0,#10
  152  00001170  afac0008	sw	8(r29),r12
  153  00001174  0c000ce8	jal	_dstrtol
  154  00001178  54000000	nop; not filled.
  155  0000117c  00011020	add	r2,r0,r1
  156  00001180  8d0c0008	lw	r12,8(r8)
  157  00001184  afac0000	sw	(r29),r12
  158  00001188  200c0000	addi	r12,r0,#0
  159  0000118c  afac0004	sw	4(r29),r12
  160  00001190  200c000a	addi	r12,r0,#10
  161  00001194  afac0008	sw	8(r29),r12
  162  00001198  0c000cc4	jal	_dstrtol
  163  0000119c  54000000	nop; not filled.
  164  000011a0  00015820	add	r11,r0,r1
  165  000011a4  8d0c000c	lw	r12,12(r8)
  166  000011a8  afac0000	sw	(r29),r12
  167  000011ac  200c0000	addi	r12,r0,#0
  168  000011b0  afac0004	sw	4(r29),r12
  169  000011b4  200c000a	addi	r12,r0,#10
  170  000011b8  afac0008	sw	8(r29),r12
  171  000011bc  0c000ca0	jal	_dstrtol
  172  000011c0  54000000	nop; not filled.
  173  000011c4  00013820	add	r7,r0,r1
  174  000011c8  8d0c0010	lw	r12,16(r8)
  175  000011cc  afac0000	sw	(r29),r12
  176  000011d0  200c0000	addi	r12,r0,#0
  177  000011d4  afac0004	sw	4(r29),r12
  178  000011d8  200c000a	addi	r12,r0,#10
  179  000011dc  afac0008	sw	8(r29),r12
  180  000011e0  0c000c7c	jal	_dstrtol
  181  000011e4  54000000	nop; not filled.
  182  000011e8  00015020	add	r10,r0,r1
  183  000011ec  8d0c0014	lw	r12,20(r8)
  184  000011f0  afac0000	sw	(r29),r12
  185  000011f4  200c0000	addi	r12,r0,#0
  186  000011f8  afac0004	sw	4(r29),r12
  187  000011fc  200c000a	addi	r12,r0,#10
  188  00001200  afac0008	sw	8(r29),r12
  189  00001204  0c000c58	jal	_dstrtol
  190  00001208  54000000	nop; not filled.
  191  0000120c  00014820	add	r9,r0,r1
  192  00001210  afa20000	sw	(r29),r2
  193  00001214  0c000318	jal	_shmat
  194  00001218  54000000	nop; not filled.
  195  0000121c  00013020	add	r6,r0,r1
  196  00001220  23bd0010	addi	r29,r29,#16
  197  00001224  64c10000	snei	r1,r6,#0
  198  00001228  1420004c	bnez	r1,L14_LF0
  199  0000122c  54000000	nop; not filled.
  200  00001230  23bdfff8	addi	r29,r29,#-8
  201  00001234  3c0c0000	lhi	r12,((LC1_LF0)>>16)&0xffff
  202  00001238  258c300c	addui	r12,r12,(LC1_LF0)&0xffff
  203  0000123c  afac0000	sw	(r29),r12
  204  00001240  0c0002bc	jal	_Printf
  205  00001244  54000000	nop; not filled.
  206  00001248  8d0c0000	lw	r12,(r8)
  207  0000124c  afac0000	sw	(r29),r12
  208  00001250  0c0002ac	jal	_Printf
  209  00001254  54000000	nop; not filled.
  210  00001258  3c0c0000	lhi	r12,((LC2_LF0)>>16)&0xffff
  211  0000125c  258c3040	addui	r12,r12,(LC2_LF0)&0xffff
  212  00001260  afac0000	sw	(r29),r12
  213  00001264  0c000298	jal	_Printf
  214  00001268  54000000	nop; not filled.
  215  0000126c  0c000344	jal	_Exit
  216  00001270  54000000	nop; not filled.
  217  00001274  23bd0008	addi	r29,r29,#8
  218  00001278          	L14_LF0:
  219  00001278  20050000	addi	r5,r0,#0
  220  0000127c          	L18_LF0:
  221  0000127c  23bdfff8	addi	r29,r29,#-8
  222  00001280  afaa0000	sw	(r29),r10
  223  00001284  0c0002c0	jal	_sem_wait
  224  00001288  54000000	nop; not filled.
  225  0000128c  23bd0008	addi	r29,r29,#8
  226  00001290  64210001	snei	r1,r1,#1
  227  00001294  10200050	beqz	r1,L20_LF0
  228  00001298  54000000	nop; not filled.
  229  0000129c  23bdfff8	addi	r29,r29,#-8
  230  000012a0  3c0c0000	lhi	r12,((LC3_LF0)>>16)&0xffff
  231  000012a4  258c3050	addui	r12,r12,(LC3_LF0)&0xffff
  232  000012a8  afac0000	sw	(r29),r12
  233  000012ac  afaa0004	sw	4(r29),r10
  234  000012b0  0c00024c	jal	_Printf
  235  000012b4  54000000	nop; not filled.
  236  000012b8  8d0c0000	lw	r12,(r8)
  237  000012bc  afac0000	sw	(r29),r12
  238  000012c0  0c00023c	jal	_Printf
  239  000012c4  54000000	nop; not filled.
  240  000012c8  3c0c0000	lhi	r12,((LC2_LF0)>>16)&0xffff
  241  000012cc  258c3040	addui	r12,r12,(LC2_LF0)&0xffff
  242  000012d0  afac0000	sw	(r29),r12
  243  000012d4  0c000228	jal	_Printf
  244  000012d8  54000000	nop; not filled.
  245  000012dc  0c0002d4	jal	_Exit
  246  000012e0  54000000	nop; not filled.
  247  000012e4  23bd0008	addi	r29,r29,#8
  248  000012e8          	L20_LF0:
  249  000012e8  23bdfff8	addi	r29,r29,#-8
  250  000012ec  afa70000	sw	(r29),r7
  251  000012f0  0c000278	jal	_lock_acquire
  252  000012f4  54000000	nop; not filled.
  253  000012f8  23bd0008	addi	r29,r29,#8
  254  000012fc  64210001	snei	r1,r1,#1
  255  00001300  1420ffe4	bnez	r1,L20_LF0
  256  00001304  54000000	nop; not filled.
  257  00001308  8cc10004	lw	r1,4(r6)
  258  0000130c  00c11020	add	r2,r6,r1
  259  00001310  23c1ffe8	addi	r1,r30,#-24
  260  00001314  00252020	add	r4,r1,r5
  261  00001318  808c0000	lb	r12,(r4)
  262  0000131c  a04c0008	sb	8(r2),r12
  263  00001320  8cc10004	lw	r1,4(r6)
  264  00001324  20230001	addi	r3,r1,#1
  265  00001328  20010007	addi	r1,r0,#7
  266  0000132c  00600035	movi2fp	f0,r3
  267  00001330  00200835	movi2fp	f1,r1
  268  00001334  0401000f	div	f0,f0,f1
  269  00001338  00001034	movfp2i	r2,f0
  270  0000133c  50410003	slli	r1,r2,#0x3
  271  00001340  00220822	sub	r1,r1,r2
  272  00001344  00610822	sub	r1,r3,r1
  273  00001348  acc10004	sw	4(r6),r1
  274  0000134c  0c0001bc	jal	_getpid
  275  00001350  54000000	nop; not filled.
  276  00001354  23bdfff8	addi	r29,r29,#-8
  277  00001358  3c0c0000	lhi	r12,((LC4_LF0)>>16)&0xffff
  278  0000135c  258c3074	addui	r12,r12,(LC4_LF0)&0xffff
  279  00001360  afac0000	sw	(r29),r12
  280  00001364  afa10004	sw	4(r29),r1
  281  00001368  0c000194	jal	_Printf
  282  0000136c  54000000	nop; not filled.
  283  00001370  3c0c0000	lhi	r12,((LC5_LF0)>>16)&0xffff
  284  00001374  258c3084	addui	r12,r12,(LC5_LF0)&0xffff
  285  00001378  afac0000	sw	(r29),r12
  286  0000137c  90810000	lbu	r1,(r4)
  287  00001380  afa10004	sw	4(r29),r1
  288  00001384  0c000178	jal	_Printf
  289  00001388  54000000	nop; not filled.
  290  0000138c  afa90000	sw	(r29),r9
  291  00001390  0c0001c0	jal	_sem_signal
  292  00001394  54000000	nop; not filled.
  293  00001398  23bd0008	addi	r29,r29,#8
  294  0000139c  64210001	snei	r1,r1,#1
  295  000013a0  10200050	beqz	r1,L24_LF0
  296  000013a4  54000000	nop; not filled.
  297  000013a8  23bdfff8	addi	r29,r29,#-8
  298  000013ac  3c0c0000	lhi	r12,((LC6_LF0)>>16)&0xffff
  299  000013b0  258c3094	addui	r12,r12,(LC6_LF0)&0xffff
  300  000013b4  afac0000	sw	(r29),r12
  301  000013b8  afa90004	sw	4(r29),r9
  302  000013bc  0c000140	jal	_Printf
  303  000013c0  54000000	nop; not filled.
  304  000013c4  8d0c0000	lw	r12,(r8)
  305  000013c8  afac0000	sw	(r29),r12
  306  000013cc  0c000130	jal	_Printf
  307  000013d0  54000000	nop; not filled.
  308  000013d4  3c0c0000	lhi	r12,((LC2_LF0)>>16)&0xffff
  309  000013d8  258c3040	addui	r12,r12,(LC2_LF0)&0xffff
  310  000013dc  afac0000	sw	(r29),r12
  311  000013e0  0c00011c	jal	_Printf
  312  000013e4  54000000	nop; not filled.
  313  000013e8  0c0001c8	jal	_Exit
  314  000013ec  54000000	nop; not filled.
  315  000013f0  23bd0008	addi	r29,r29,#8
  316  000013f4          	L24_LF0:
  317  000013f4  23bdfff8	addi	r29,r29,#-8
  318  000013f8  afa70000	sw	(r29),r7
  319  000013fc  0c000178	jal	_lock_release
  320  00001400  54000000	nop; not filled.
  321  00001404  23bd0008	addi	r29,r29,#8
  322  00001408  64210001	snei	r1,r1,#1
  323  0000140c  1420ffe4	bnez	r1,L24_LF0
  324  00001410  54000000	nop; not filled.
  325  00001414  20a50001	addi	r5,r5,#1
  326  00001418  70a1000a	slei	r1,r5,#10
  327  0000141c  1420fe5c	bnez	r1,L18_LF0
  328  00001420  54000000	nop; not filled.
  329  00001424  0c0000e4	jal	_getpid
  330  00001428  54000000	nop; not filled.
  331  0000142c  23bdfff8	addi	r29,r29,#-8
  332  00001430  3c0c0000	lhi	r12,((LC7_LF0)>>16)&0xffff
  333  00001434  258c30b8	addui	r12,r12,(LC7_LF0)&0xffff
  334  00001438  afac0000	sw	(r29),r12
  335  0000143c  afa10004	sw	4(r29),r1
  336  00001440  0c0000bc	jal	_Printf
  337  00001444  54000000	nop; not filled.
  338  00001448  afab0000	sw	(r29),r11
  339  0000144c  0c000104	jal	_sem_signal
  340  00001450  54000000	nop; not filled.
  341  00001454  23bd0008	addi	r29,r29,#8
  342  00001458  64210001	snei	r1,r1,#1
  343  0000145c  10200050	beqz	r1,L28_LF0
  344  00001460  54000000	nop; not filled.
  345  00001464  23bdfff8	addi	r29,r29,#-8
  346  00001468  3c0c0000	lhi	r12,((LC8_LF0)>>16)&0xffff
  347  0000146c  258c30d8	addui	r12,r12,(LC8_LF0)&0xffff
  348  00001470  afac0000	sw	(r29),r12
  349  00001474  afab0004	sw	4(r29),r11
  350  00001478  0c000084	jal	_Printf
  351  0000147c  54000000	nop; not filled.
  352  00001480  8d080000	lw	r8,(r8)
  353  00001484  afa80000	sw	(r29),r8
  354  00001488  0c000074	jal	_Printf
  355  0000148c  54000000	nop; not filled.
  356  00001490  3c0c0000	lhi	r12,((LC2_LF0)>>16)&0xffff
  357  00001494  258c3040	addui	r12,r12,(LC2_LF0)&0xffff
  358  00001498  afac0000	sw	(r29),r12
  359  0000149c  0c000060	jal	_Printf
  360  000014a0  54000000	nop; not filled.
  361  000014a4  0c00010c	jal	_Exit
  362  000014a8  54000000	nop; not filled.
  363  000014ac  23bd0008	addi	r29,r29,#8
  364  000014b0          	L28_LF0:
  365  000014b0  0c000e48	jal	_exit
  366  000014b4  54000000	nop
  367  000014b8          	.endproc _main
  368                      ;;;
  369                      ;;; Stub functions for DLX traps.
  370                      ;;;
  371                      ;;; Ethan L. Miller, 1999.  Released to the public domain.
  372                      ;;;
  373                      ;;; The traps such as Open and Close
  374                      ;;; (note the capital letters) are for use by user programs.  The traps
  375                      ;;; with names such as open and close (lower case) are for use by the OS.
  376                      ;;;
  379  000014b8          	.align 2
  381                      ;;; The following are the traps to be used by user-level programs
  382                      ;;;
  384  000014b8          	.align 2
  385  000014b8          	.proc _Open
  386  000014b8          	.global _Open
  387  000014b8          	_Open:
  388                      ;;; Note that trap #0x213 actually causes a trap vector in the OS of
  389                      ;;; 0x1213.  The same is true for other user traps.  Thus, a user trap
  390                      ;;; with trap #0x240 will result in a trap vector of 0x1240 in the OS.
  391  000014b8  44000213	trap	#0x213
  392  000014bc  4be00000	jr	r31
  393  000014c0  54000000	nop
  394  000014c4          	.endproc _Open
  396  000014c4          	.proc _Close
  397  000014c4          	.global _Close
  398  000014c4          	_Close:
  399  000014c4  44000214	trap	#0x214
  400  000014c8  4be00000	jr	r31
  401  000014cc  54000000	nop
  402  000014d0          	.endproc _Close
  404  000014d0          	.proc _Read
  405  000014d0          	.global _Read
  406  000014d0          	_Read:
  407  000014d0  44000210	trap	#0x210
  408  000014d4  4be00000	jr	r31
  409  000014d8  54000000	nop
  410  000014dc          	.endproc _Read
  412  000014dc          	.proc _Write
  413  000014dc          	.global _Write
  414  000014dc          	_Write:
  415  000014dc  44000211	trap	#0x211
  416  000014e0  4be00000	jr	r31
  417  000014e4  54000000	nop
  418  000014e8          	.endproc _Write
  420  000014e8          	.proc _Lseek
  421  000014e8          	.global _Lseek
  422  000014e8          	_Lseek:
  423  000014e8  44000212	trap	#0x212
  424  000014ec  4be00000	jr	r31
  425  000014f0  54000000	nop
  426  000014f4          	.endproc _Lseek
  428  000014f4          	.proc _Putchar
  429  000014f4          	.global _Putchar
  430  000014f4          	_Putchar:
  431  000014f4  44000280	trap	#0x280
  432  000014f8  4be00000	jr	r31
  433  000014fc  54000000	nop
  434  00001500          	.endproc _Putchar
  436  00001500          	.proc _Printf
  437  00001500          	.global _Printf
  438  00001500          	_Printf:
  439  00001500  44000201	trap	#0x201
  440  00001504  4be00000	jr	r31
  441  00001508  54000000	nop
  442  0000150c          	.endproc _Printf
  444  0000150c          	.proc _getpid
  445  0000150c          	.global _getpid
  446  0000150c          	_getpid:
  447  0000150c  44000431	trap	#0x431
  448  00001510  4be00000	jr	r31
  449  00001514  54000000	nop
  450  00001518          	.endproc _getpid
  452  00001518          	.proc _process_create
  453  00001518          	.global _process_create
  454  00001518          	_process_create:
  455  00001518  44000432	trap	#0x432
  456  0000151c  4be00000	jr	r31
  457  00001520  54000000	nop
  458  00001524          	.endproc _process_create
  460  00001524          	.proc _shmget
  461  00001524          	.global _shmget
  462  00001524          	_shmget:
  463  00001524  44000440	trap	#0x440
  464  00001528  4be00000	jr	r31
  465  0000152c  54000000	nop
  466  00001530          	.endproc _shmget
  468  00001530          	.proc _shmat
  469  00001530          	.global _shmat
  470  00001530          	_shmat:
  471  00001530  44000441	trap	#0x441
  472  00001534  4be00000	jr	r31
  473  00001538  54000000	nop
  474  0000153c          	.endproc _shmat
  476  0000153c          	.proc _sem_create
  477  0000153c          	.global _sem_create
  478  0000153c          	_sem_create:
  479  0000153c  44000450	trap	#0x450
  480  00001540  4be00000	jr	r31
  481  00001544  54000000	nop
  482  00001548          	.endproc _sem_create
  484  00001548          	.proc _sem_wait
  485  00001548          	.global _sem_wait
  486  00001548          	_sem_wait:
  487  00001548  44000451	trap	#0x451
  488  0000154c  4be00000	jr	r31
  489  00001550  54000000	nop
  490  00001554          	.endproc _sem_wait
  492  00001554          	.proc _sem_signal
  493  00001554          	.global _sem_signal
  494  00001554          	_sem_signal:
  495  00001554  44000452	trap	#0x452
  496  00001558  4be00000	jr	r31
  497  0000155c  54000000	nop
  498  00001560          	.endproc _sem_signal
  500  00001560          	.proc _lock_create
  501  00001560          	.global _lock_create
  502  00001560          	_lock_create:
  503  00001560  44000453	trap	#0x453
  504  00001564  4be00000	jr	r31
  505  00001568  54000000	nop
  506  0000156c          	.endproc _lock_create
  508  0000156c          	.proc _lock_acquire
  509  0000156c          	.global _lock_acquire
  510  0000156c          	_lock_acquire:
  511  0000156c  44000454	trap	#0x454
  512  00001570  4be00000	jr	r31
  513  00001574  54000000	nop
  514  00001578          	.endproc _lock_acquire
  516  00001578          	.proc _lock_release
  517  00001578          	.global _lock_release
  518  00001578          	_lock_release:
  519  00001578  44000455	trap	#0x455
  520  0000157c  4be00000	jr	r31
  521  00001580  54000000	nop
  522  00001584          	.endproc _lock_release
  524  00001584          	.proc _cond_create
  525  00001584          	.global _cond_create
  526  00001584          	_cond_create:
  527  00001584  44000456	trap	#0x456
  528  00001588  4be00000	jr	r31
  529  0000158c  54000000	nop
  530  00001590          	.endproc _cond_create
  532  00001590          	.proc _cond_wait
  533  00001590          	.global _cond_wait
  534  00001590          	_cond_wait:
  535  00001590  44000457	trap	#0x457
  536  00001594  4be00000	jr	r31
  537  00001598  54000000	nop
  538  0000159c          	.endproc _cond_wait
  540  0000159c          	.proc _cond_signal
  541  0000159c          	.global _cond_signal
  542  0000159c          	_cond_signal:
  543  0000159c  44000458	trap	#0x458
  544  000015a0  4be00000	jr	r31
  545  000015a4  54000000	nop
  546  000015a8          	.endproc _cond_signal
  548  000015a8          	.proc _cond_broadcast
  549  000015a8          	.global _cond_broadcast
  550  000015a8          	_cond_broadcast:
  551  000015a8  44000455	trap	#0x455
  552  000015ac  4be00000	jr	r31
  553  000015b0  54000000	nop
  554  000015b4          	.endproc _cond_broadcast
  556  000015b4          	.proc _Exit
  557  000015b4          	.global _Exit
  558  000015b4          	_Exit:
  559  000015b4  44000500	trap	#0x500
  560  000015b8  4be00000	jr	r31
  561  000015bc  54000000	nop
  562  000015c0          	.endproc _Exit
  563                      ; Compiled by GCC
  565  000015c0          	.align 2
  566  000015c0          	.proc _isspace
  567  000015c0          	.global _isspace
  568  000015c0          	_isspace:
  569                      ;  Function 'isspace'; 0 bytes of locals, 3 regs to save.
  570  000015c0  afbefffc	sw	-4(r29),r30; push fp
  571  000015c4  001df020	add	r30,r0,r29; fp = sp
  572  000015c8  afbffff8	sw	-8(r29),r31; push ret addr
  573  000015cc  2fbd0018	subui	r29,r29,#24; alloc local storage
  574  000015d0  afa20000	sw	0(r29),r2
  575  000015d4  afa30004	sw	4(r29),r3
  576  000015d8  afa40008	sw	8(r29),r4
  577  000015dc  83c20003	lb	r2,3(r30)
  578  000015e0  20010000	addi	r1,r0,#0
  579  000015e4  304300ff	andi	r3,r2,#0x00ff
  580  000015e8  60640020	seqi	r4,r3,#32
  581  000015ec  1480002c	bnez	r4,L3_LF2
  582  000015f0  54000000	nop; delay slot nop
  583  000015f4  304300ff	andi	r3,r2,#0x00ff
  584  000015f8  60640009	seqi	r4,r3,#9
  585  000015fc  1480001c	bnez	r4,L3_LF2
  586  00001600  54000000	nop; delay slot nop
  587  00001604  304300ff	andi	r3,r2,#0x00ff
  588  00001608  6064000a	seqi	r4,r3,#10
  589  0000160c  1480000c	bnez	r4,L3_LF2
  590  00001610  54000000	nop; delay slot nop
  591  00001614  08000008	j	L2_LF2
  592  00001618  54000000	nop; delay slot nop
  593  0000161c          	L3_LF2:
  594  0000161c  20010001	addi	r1,r0,#1
  595  00001620          	L2_LF2:
  596  00001620  08000004	j	L1_LF2
  597  00001624  54000000	nop; delay slot nop
  598  00001628          	L1_LF2:
  599  00001628  8fa20000	lw	r2,0(r29)
  600  0000162c  8fa30004	lw	r3,4(r29)
  601  00001630  8fa40008	lw	r4,8(r29)
  602  00001634  8fdffff8	lw	r31,-8(r30)
  603  00001638  001ee820	add	r29,r0,r30
  604  0000163c  8fdefffc	lw	r30,-4(r30)
  605  00001640  4be00000	jr	r31
  606  00001644  54000000	nop
  607  00001648          	.endproc _isspace
  608  00001648          	.align 2
  609  00001648          	.proc _isxdigit
  610  00001648          	.global _isxdigit
  611  00001648          	_isxdigit:
  612                      ;  Function 'isxdigit'; 0 bytes of locals, 3 regs to save.
  613  00001648  afbefffc	sw	-4(r29),r30; push fp
  614  0000164c  001df020	add	r30,r0,r29; fp = sp
  615  00001650  afbffff8	sw	-8(r29),r31; push ret addr
  616  00001654  2fbd0018	subui	r29,r29,#24; alloc local storage
  617  00001658  afa20000	sw	0(r29),r2
  618  0000165c  afa30004	sw	4(r29),r3
  619  00001660  afa40008	sw	8(r29),r4
  620  00001664  83c20003	lb	r2,3(r30)
  621  00001668  20010000	addi	r1,r0,#0
  622  0000166c  304300ff	andi	r3,r2,#0x00ff
  623  00001670  6c64002f	sgtui	r4,r3,#47
  624  00001674  1080001c	beqz	r4,L7_LF2
  625  00001678  54000000	nop; delay slot nop
  626  0000167c  304300ff	andi	r3,r2,#0x00ff
  627  00001680  70640039	sleui	r4,r3,#57
  628  00001684  1480005c	bnez	r4,L6_LF2
  629  00001688  54000000	nop; delay slot nop
  630  0000168c  08000004	j	L7_LF2
  631  00001690  54000000	nop; delay slot nop
  632  00001694          	L7_LF2:
  633  00001694  304300ff	andi	r3,r2,#0x00ff
  634  00001698  6c640060	sgtui	r4,r3,#96
  635  0000169c  1080001c	beqz	r4,L8_LF2
  636  000016a0  54000000	nop; delay slot nop
  637  000016a4  304300ff	andi	r3,r2,#0x00ff
  638  000016a8  70640066	sleui	r4,r3,#102
  639  000016ac  14800034	bnez	r4,L6_LF2
  640  000016b0  54000000	nop; delay slot nop
  641  000016b4  08000004	j	L8_LF2
  642  000016b8  54000000	nop; delay slot nop
  643  000016bc          	L8_LF2:
  644  000016bc  304300ff	andi	r3,r2,#0x00ff
  645  000016c0  6c640040	sgtui	r4,r3,#64
  646  000016c4  10800020	beqz	r4,L5_LF2
  647  000016c8  54000000	nop; delay slot nop
  648  000016cc  304300ff	andi	r3,r2,#0x00ff
  649  000016d0  70640041	sleui	r4,r3,#65
  650  000016d4  1480000c	bnez	r4,L6_LF2
  651  000016d8  54000000	nop; delay slot nop
  652  000016dc  08000008	j	L5_LF2
  653  000016e0  54000000	nop; delay slot nop
  654  000016e4          	L6_LF2:
  655  000016e4  20010001	addi	r1,r0,#1
  656  000016e8          	L5_LF2:
  657  000016e8  08000004	j	L4_LF2
  658  000016ec  54000000	nop; delay slot nop
  659  000016f0          	L4_LF2:
  660  000016f0  8fa20000	lw	r2,0(r29)
  661  000016f4  8fa30004	lw	r3,4(r29)
  662  000016f8  8fa40008	lw	r4,8(r29)
  663  000016fc  8fdffff8	lw	r31,-8(r30)
  664  00001700  001ee820	add	r29,r0,r30
  665  00001704  8fdefffc	lw	r30,-4(r30)
  666  00001708  4be00000	jr	r31
  667  0000170c  54000000	nop
  668  00001710          	.endproc _isxdigit
  669  00001710          	.align 2
  670  00001710          	.proc _dstrcpy
  671  00001710          	.global _dstrcpy
  672  00001710          	_dstrcpy:
  673                      ;  Function 'dstrcpy'; 8 bytes of locals, 2 regs to save.
  674  00001710  afbefffc	sw	-4(r29),r30; push fp
  675  00001714  001df020	add	r30,r0,r29; fp = sp
  676  00001718  afbffff8	sw	-8(r29),r31; push ret addr
  677  0000171c  2fbd0018	subui	r29,r29,#24; alloc local storage
  678  00001720  afa20000	sw	0(r29),r2
  679  00001724  afa30004	sw	4(r29),r3
  680  00001728  8fc10000	lw	r1,(r30)
  681  0000172c  afc1fff4	sw	-12(r30),r1
  682  00001730          	L10_LF2:
  683  00001730  8fc10000	lw	r1,(r30)
  684  00001734  20220001	addi	r2,r1,#1
  685  00001738  afc20000	sw	(r30),r2
  686  0000173c  8fc20004	lw	r2,4(r30)
  687  00001740  20430001	addi	r3,r2,#1
  688  00001744  afc30004	sw	4(r30),r3
  689  00001748  80420000	lb	r2,(r2)
  690  0000174c  a0220000	sb	(r1),r2
  691  00001750  a3c2fff3	sb	-13(r30),r2
  692  00001754          	L12_LF2:
  693  00001754  93c1fff3	lbu	r1,-13(r30)
  694  00001758  64220000	snei	r2,r1,#0
  695  0000175c  1440000c	bnez	r2,L13_LF2
  696  00001760  54000000	nop; delay slot nop
  697  00001764  0800000c	j	L11_LF2
  698  00001768  54000000	nop; delay slot nop
  699  0000176c          	L13_LF2:
  700  0000176c  0bffffc0	j	L10_LF2
  701  00001770  54000000	nop; delay slot nop
  702  00001774          	L11_LF2:
  703  00001774  8fc1fff4	lw	r1,-12(r30)
  704  00001778  08000004	j	L9_LF2
  705  0000177c  54000000	nop; delay slot nop
  706  00001780          	L9_LF2:
  707  00001780  8fa20000	lw	r2,0(r29)
  708  00001784  8fa30004	lw	r3,4(r29)
  709  00001788  8fdffff8	lw	r31,-8(r30)
  710  0000178c  001ee820	add	r29,r0,r30
  711  00001790  8fdefffc	lw	r30,-4(r30)
  712  00001794  4be00000	jr	r31
  713  00001798  54000000	nop
  714  0000179c          	.endproc _dstrcpy
  715  0000179c          	.align 2
  716  0000179c          	.proc _dstrncpy
  717  0000179c          	.global _dstrncpy
  718  0000179c          	_dstrncpy:
  719                      ;  Function 'dstrncpy'; 8 bytes of locals, 2 regs to save.
  720  0000179c  afbefffc	sw	-4(r29),r30; push fp
  721  000017a0  001df020	add	r30,r0,r29; fp = sp
  722  000017a4  afbffff8	sw	-8(r29),r31; push ret addr
  723  000017a8  2fbd0018	subui	r29,r29,#24; alloc local storage
  724  000017ac  afa20000	sw	0(r29),r2
  725  000017b0  afa30004	sw	4(r29),r3
  726  000017b4  8fc10000	lw	r1,(r30)
  727  000017b8  afc1fff4	sw	-12(r30),r1
  728  000017bc          	L15_LF2:
  729  000017bc  8fc10008	lw	r1,8(r30)
  730  000017c0  2022ffff	addi	r2,r1,#-1
  731  000017c4  afc20008	sw	8(r30),r2
  732  000017c8  70210000	slei	r1,r1,#0
  733  000017cc  1020000c	beqz	r1,L18_LF2
  734  000017d0  54000000	nop; delay slot nop
  735  000017d4  08000048	j	L16_LF2
  736  000017d8  54000000	nop; delay slot nop
  737  000017dc          	L18_LF2:
  738  000017dc  8fc10000	lw	r1,(r30)
  739  000017e0  20220001	addi	r2,r1,#1
  740  000017e4  afc20000	sw	(r30),r2
  741  000017e8  8fc20004	lw	r2,4(r30)
  742  000017ec  20430001	addi	r3,r2,#1
  743  000017f0  afc30004	sw	4(r30),r3
  744  000017f4  80420000	lb	r2,(r2)
  745  000017f8  a0220000	sb	(r1),r2
  746  000017fc  a3c2fff3	sb	-13(r30),r2
  747  00001800          	L17_LF2:
  748  00001800  93c1fff3	lbu	r1,-13(r30)
  749  00001804  64220000	snei	r2,r1,#0
  750  00001808  1440000c	bnez	r2,L19_LF2
  751  0000180c  54000000	nop; delay slot nop
  752  00001810  0800000c	j	L16_LF2
  753  00001814  54000000	nop; delay slot nop
  754  00001818          	L19_LF2:
  755  00001818  0bffffa0	j	L15_LF2
  756  0000181c  54000000	nop; delay slot nop
  757  00001820          	L16_LF2:
  758  00001820  8fc1fff4	lw	r1,-12(r30)
  759  00001824  08000004	j	L14_LF2
  760  00001828  54000000	nop; delay slot nop
  761  0000182c          	L14_LF2:
  762  0000182c  8fa20000	lw	r2,0(r29)
  763  00001830  8fa30004	lw	r3,4(r29)
  764  00001834  8fdffff8	lw	r31,-8(r30)
  765  00001838  001ee820	add	r29,r0,r30
  766  0000183c  8fdefffc	lw	r30,-4(r30)
  767  00001840  4be00000	jr	r31
  768  00001844  54000000	nop
  769  00001848          	.endproc _dstrncpy
  770  00001848          	.align 2
  771  00001848          	.proc _dstrcat
  772  00001848          	.global _dstrcat
  773  00001848          	_dstrcat:
  774                      ;  Function 'dstrcat'; 8 bytes of locals, 1 regs to save.
  775  00001848  afbefffc	sw	-4(r29),r30; push fp
  776  0000184c  001df020	add	r30,r0,r29; fp = sp
  777  00001850  afbffff8	sw	-8(r29),r31; push ret addr
  778  00001854  2fbd0018	subui	r29,r29,#24; alloc local storage
  779  00001858  afa20000	sw	0(r29),r2
  780  0000185c  8fc10000	lw	r1,(r30)
  781  00001860  afc1fff4	sw	-12(r30),r1
  782  00001864          	L21_LF2:
  783  00001864  8fc10000	lw	r1,(r30)
  784  00001868  90220000	lbu	r2,(r1)
  785  0000186c  64410000	snei	r1,r2,#0
  786  00001870  1420000c	bnez	r1,L23_LF2
  787  00001874  54000000	nop; delay slot nop
  788  00001878  0800001c	j	L22_LF2
  789  0000187c  54000000	nop; delay slot nop
  790  00001880          	L23_LF2:
  791  00001880  8fc20000	lw	r2,(r30)
  792  00001884  20410001	addi	r1,r2,#1
  793  00001888  00011020	add	r2,r0,r1
  794  0000188c  afc20000	sw	(r30),r2
  795  00001890  0bffffd0	j	L21_LF2
  796  00001894  54000000	nop; delay slot nop
  797  00001898          	L22_LF2:
  798  00001898  23bdfff8	addi	r29,r29,#-8
  799  0000189c  001d0820	add	r1,r0,r29
  800  000018a0  8fc20000	lw	r2,(r30)
  801  000018a4  ac220000	sw	(r1),r2
  802  000018a8  8fc20004	lw	r2,4(r30)
  803  000018ac  ac220004	sw	4(r1),r2
  804  000018b0  0ffffe5c	jal	_dstrcpy
  805  000018b4  54000000	nop; delay slot nop
  806  000018b8  23bd0008	addi	r29,r29,#8
  807  000018bc  8fc1fff4	lw	r1,-12(r30)
  808  000018c0  08000004	j	L20_LF2
  809  000018c4  54000000	nop; delay slot nop
  810  000018c8          	L20_LF2:
  811  000018c8  8fa20000	lw	r2,0(r29)
  812  000018cc  8fdffff8	lw	r31,-8(r30)
  813  000018d0  001ee820	add	r29,r0,r30
  814  000018d4  8fdefffc	lw	r30,-4(r30)
  815  000018d8  4be00000	jr	r31
  816  000018dc  54000000	nop
  817  000018e0          	.endproc _dstrcat
  818  000018e0          	.align 2
  819  000018e0          	.proc _dstrncmp
  820  000018e0          	.global _dstrncmp
  821  000018e0          	_dstrncmp:
  822                      ;  Function 'dstrncmp'; 8 bytes of locals, 2 regs to save.
  823  000018e0  afbefffc	sw	-4(r29),r30; push fp
  824  000018e4  001df020	add	r30,r0,r29; fp = sp
  825  000018e8  afbffff8	sw	-8(r29),r31; push ret addr
  826  000018ec  2fbd0018	subui	r29,r29,#24; alloc local storage
  827  000018f0  afa20000	sw	0(r29),r2
  828  000018f4  afa30004	sw	4(r29),r3
  829  000018f8  54000000	nop
  830  000018fc  20010000	addi	r1,r0,#0
  831  00001900  afc1fff4	sw	-12(r30),r1
  832  00001904          	L25_LF2:
  833  00001904  8fc1fff4	lw	r1,-12(r30)
  834  00001908  8fc20008	lw	r2,8(r30)
  835  0000190c  0022082a	slt	r1,r1,r2
  836  00001910  1420000c	bnez	r1,L28_LF2
  837  00001914  54000000	nop; delay slot nop
  838  00001918  08000088	j	L26_LF2
  839  0000191c  54000000	nop; delay slot nop
  840  00001920          	L28_LF2:
  841  00001920  8fc10004	lw	r1,4(r30)
  842  00001924  90220000	lbu	r2,(r1)
  843  00001928  64410000	snei	r1,r2,#0
  844  0000192c  14200018	bnez	r1,L29_LF2
  845  00001930  54000000	nop; delay slot nop
  846  00001934  20010000	addi	r1,r0,#0
  847  00001938  080000d8	j	L24_LF2
  848  0000193c  54000000	nop; delay slot nop
  849  00001940  08000028	j	L30_LF2
  850  00001944  54000000	nop; delay slot nop
  851  00001948          	L29_LF2:
  852  00001948  8fc10000	lw	r1,(r30)
  853  0000194c  8fc20004	lw	r2,4(r30)
  854  00001950  90210000	lbu	r1,(r1)
  855  00001954  90420000	lbu	r2,(r2)
  856  00001958  00220829	sne	r1,r1,r2
  857  0000195c  1020000c	beqz	r1,L30_LF2
  858  00001960  54000000	nop; delay slot nop
  859  00001964  0800003c	j	L26_LF2
  860  00001968  54000000	nop; delay slot nop
  861  0000196c          	L31_LF2:
  862  0000196c          	L30_LF2:
  863  0000196c  8fc20000	lw	r2,(r30)
  864  00001970  20410001	addi	r1,r2,#1
  865  00001974  00011020	add	r2,r0,r1
  866  00001978  afc20000	sw	(r30),r2
  867  0000197c  8fc20004	lw	r2,4(r30)
  868  00001980  20410001	addi	r1,r2,#1
  869  00001984  00011020	add	r2,r0,r1
  870  00001988  afc20004	sw	4(r30),r2
  871  0000198c          	L27_LF2:
  872  0000198c  8fc2fff4	lw	r2,-12(r30)
  873  00001990  20410001	addi	r1,r2,#1
  874  00001994  00011020	add	r2,r0,r1
  875  00001998  afc2fff4	sw	-12(r30),r2
  876  0000199c  0bffff64	j	L25_LF2
  877  000019a0  54000000	nop; delay slot nop
  878  000019a4          	L26_LF2:
  879  000019a4  8fc1fff4	lw	r1,-12(r30)
  880  000019a8  8fc20008	lw	r2,8(r30)
  881  000019ac  00220828	seq	r1,r1,r2
  882  000019b0  10200018	beqz	r1,L32_LF2
  883  000019b4  54000000	nop; delay slot nop
  884  000019b8  20010000	addi	r1,r0,#0
  885  000019bc  08000054	j	L24_LF2
  886  000019c0  54000000	nop; delay slot nop
  887  000019c4  0800004c	j	L33_LF2
  888  000019c8  54000000	nop; delay slot nop
  889  000019cc          	L32_LF2:
  890  000019cc  8fc20000	lw	r2,(r30)
  891  000019d0  90410000	lbu	r1,(r2)
  892  000019d4  8fc20004	lw	r2,4(r30)
  893  000019d8  90430000	lbu	r3,(r2)
  894  000019dc  00230822	sub	r1,r1,r3
  895  000019e0  74220000	sgei	r2,r1,#0
  896  000019e4  10400020	beqz	r2,L34_LF2
  897  000019e8  54000000	nop; delay slot nop
  898  000019ec  8fc10000	lw	r1,(r30)
  899  000019f0  8fc20004	lw	r2,4(r30)
  900  000019f4  90210000	lbu	r1,(r1)
  901  000019f8  90420000	lbu	r2,(r2)
  902  000019fc  00220829	sne	r1,r1,r2
  903  00001a00  08000008	j	L35_LF2
  904  00001a04  54000000	nop; delay slot nop
  905  00001a08          	L34_LF2:
  906  00001a08  2001ffff	addi	r1,r0,#-1
  907  00001a0c          	L35_LF2:
  908  00001a0c  08000004	j	L24_LF2
  909  00001a10  54000000	nop; delay slot nop
  910  00001a14          	L33_LF2:
  911  00001a14          	L24_LF2:
  912  00001a14  8fa20000	lw	r2,0(r29)
  913  00001a18  8fa30004	lw	r3,4(r29)
  914  00001a1c  8fdffff8	lw	r31,-8(r30)
  915  00001a20  001ee820	add	r29,r0,r30
  916  00001a24  8fdefffc	lw	r30,-4(r30)
  917  00001a28  4be00000	jr	r31
  918  00001a2c  54000000	nop
  919  00001a30          	.endproc _dstrncmp
  920  00001a30          	.align 2
  921  00001a30          	.proc _dstrlen
  922  00001a30          	.global _dstrlen
  923  00001a30          	_dstrlen:
  924                      ;  Function 'dstrlen'; 8 bytes of locals, 1 regs to save.
  925  00001a30  afbefffc	sw	-4(r29),r30; push fp
  926  00001a34  001df020	add	r30,r0,r29; fp = sp
  927  00001a38  afbffff8	sw	-8(r29),r31; push ret addr
  928  00001a3c  2fbd0018	subui	r29,r29,#24; alloc local storage
  929  00001a40  afa20000	sw	0(r29),r2
  930  00001a44  20010000	addi	r1,r0,#0
  931  00001a48  afc1fff4	sw	-12(r30),r1
  932  00001a4c          	L37_LF2:
  933  00001a4c  8fc10000	lw	r1,(r30)
  934  00001a50  20220001	addi	r2,r1,#1
  935  00001a54  afc20000	sw	(r30),r2
  936  00001a58  90210000	lbu	r1,(r1)
  937  00001a5c  64220000	snei	r2,r1,#0
  938  00001a60  1440000c	bnez	r2,L39_LF2
  939  00001a64  54000000	nop; delay slot nop
  940  00001a68  0800001c	j	L38_LF2
  941  00001a6c  54000000	nop; delay slot nop
  942  00001a70          	L39_LF2:
  943  00001a70  8fc2fff4	lw	r2,-12(r30)
  944  00001a74  20410001	addi	r1,r2,#1
  945  00001a78  00011020	add	r2,r0,r1
  946  00001a7c  afc2fff4	sw	-12(r30),r2
  947  00001a80  0bffffc8	j	L37_LF2
  948  00001a84  54000000	nop; delay slot nop
  949  00001a88          	L38_LF2:
  950  00001a88  8fc1fff4	lw	r1,-12(r30)
  951  00001a8c  08000004	j	L36_LF2
  952  00001a90  54000000	nop; delay slot nop
  953  00001a94          	L36_LF2:
  954  00001a94  8fa20000	lw	r2,0(r29)
  955  00001a98  8fdffff8	lw	r31,-8(r30)
  956  00001a9c  001ee820	add	r29,r0,r30
  957  00001aa0  8fdefffc	lw	r30,-4(r30)
  958  00001aa4  4be00000	jr	r31
  959  00001aa8  54000000	nop
  960  00001aac          	.endproc _dstrlen
  961  00001aac          	.align 2
  962  00001aac          	.proc _dstrstr
  963  00001aac          	.global _dstrstr
  964  00001aac          	_dstrstr:
  965                      ;  Function 'dstrstr'; 8 bytes of locals, 1 regs to save.
  966  00001aac  afbefffc	sw	-4(r29),r30; push fp
  967  00001ab0  001df020	add	r30,r0,r29; fp = sp
  968  00001ab4  afbffff8	sw	-8(r29),r31; push ret addr
  969  00001ab8  2fbd0018	subui	r29,r29,#24; alloc local storage
  970  00001abc  afa20000	sw	0(r29),r2
  971  00001ac0  23bdfff8	addi	r29,r29,#-8
  972  00001ac4  001d0820	add	r1,r0,r29
  973  00001ac8  8fc20004	lw	r2,4(r30)
  974  00001acc  ac220000	sw	(r1),r2
  975  00001ad0  0fffff5c	jal	_dstrlen
  976  00001ad4  54000000	nop; delay slot nop
  977  00001ad8  23bd0008	addi	r29,r29,#8
  978  00001adc  afc1fff4	sw	-12(r30),r1
  979  00001ae0          	L41_LF2:
  980  00001ae0  8fc10000	lw	r1,(r30)
  981  00001ae4  90220000	lbu	r2,(r1)
  982  00001ae8  64410000	snei	r1,r2,#0
  983  00001aec  1420000c	bnez	r1,L43_LF2
  984  00001af0  54000000	nop; delay slot nop
  985  00001af4  08000060	j	L42_LF2
  986  00001af8  54000000	nop; delay slot nop
  987  00001afc          	L43_LF2:
  988  00001afc  23bdfff0	addi	r29,r29,#-16
  989  00001b00  001d0820	add	r1,r0,r29
  990  00001b04  8fc20000	lw	r2,(r30)
  991  00001b08  ac220000	sw	(r1),r2
  992  00001b0c  8fc20004	lw	r2,4(r30)
  993  00001b10  ac220004	sw	4(r1),r2
  994  00001b14  8fc2fff4	lw	r2,-12(r30)
  995  00001b18  ac220008	sw	8(r1),r2
  996  00001b1c  0ffffdc0	jal	_dstrncmp
  997  00001b20  54000000	nop; delay slot nop
  998  00001b24  23bd0010	addi	r29,r29,#16
  999  00001b28  64220000	snei	r2,r1,#0
 1000  00001b2c  14400010	bnez	r2,L44_LF2
 1001  00001b30  54000000	nop; delay slot nop
 1002  00001b34  8fc10000	lw	r1,(r30)
 1003  00001b38  08000028	j	L40_LF2
 1004  00001b3c  54000000	nop; delay slot nop
 1005  00001b40          	L44_LF2:
 1006  00001b40  8fc20000	lw	r2,(r30)
 1007  00001b44  20410001	addi	r1,r2,#1
 1008  00001b48  00011020	add	r2,r0,r1
 1009  00001b4c  afc20000	sw	(r30),r2
 1010  00001b50  0bffff8c	j	L41_LF2
 1011  00001b54  54000000	nop; delay slot nop
 1012  00001b58          	L42_LF2:
 1013  00001b58  20010000	addi	r1,r0,#0
 1014  00001b5c  08000004	j	L40_LF2
 1015  00001b60  54000000	nop; delay slot nop
 1016  00001b64          	L40_LF2:
 1017  00001b64  8fa20000	lw	r2,0(r29)
 1018  00001b68  8fdffff8	lw	r31,-8(r30)
 1019  00001b6c  001ee820	add	r29,r0,r30
 1020  00001b70  8fdefffc	lw	r30,-4(r30)
 1021  00001b74  4be00000	jr	r31
 1022  00001b78  54000000	nop
 1023  00001b7c          	.endproc _dstrstr
 1024  00001b7c          	.align 2
 1025  00001b7c          	.proc _dmindex
 1026  00001b7c          	.global _dmindex
 1027  00001b7c          	_dmindex:
 1028                      ;  Function 'dmindex'; 8 bytes of locals, 1 regs to save.
 1029  00001b7c  afbefffc	sw	-4(r29),r30; push fp
 1030  00001b80  001df020	add	r30,r0,r29; fp = sp
 1031  00001b84  afbffff8	sw	-8(r29),r31; push ret addr
 1032  00001b88  2fbd0018	subui	r29,r29,#24; alloc local storage
 1033  00001b8c  afa20000	sw	0(r29),r2
 1034  00001b90  54000000	nop
 1035  00001b94          	L46_LF2:
 1036  00001b94  8fc10000	lw	r1,(r30)
 1037  00001b98  90220000	lbu	r2,(r1)
 1038  00001b9c  64410000	snei	r1,r2,#0
 1039  00001ba0  1420000c	bnez	r1,L48_LF2
 1040  00001ba4  54000000	nop; delay slot nop
 1041  00001ba8  08000070	j	L47_LF2
 1042  00001bac  54000000	nop; delay slot nop
 1043  00001bb0          	L48_LF2:
 1044  00001bb0  8fc10004	lw	r1,4(r30)
 1045  00001bb4  afc1fff4	sw	-12(r30),r1
 1046  00001bb8          	L49_LF2:
 1047  00001bb8  8fc1fff4	lw	r1,-12(r30)
 1048  00001bbc  90220000	lbu	r2,(r1)
 1049  00001bc0  64410000	snei	r1,r2,#0
 1050  00001bc4  1420000c	bnez	r1,L52_LF2
 1051  00001bc8  54000000	nop; delay slot nop
 1052  00001bcc  08000044	j	L50_LF2
 1053  00001bd0  54000000	nop; delay slot nop
 1054  00001bd4          	L52_LF2:
 1055  00001bd4  8fc10000	lw	r1,(r30)
 1056  00001bd8  8fc2fff4	lw	r2,-12(r30)
 1057  00001bdc  90210000	lbu	r1,(r1)
 1058  00001be0  90420000	lbu	r2,(r2)
 1059  00001be4  00220828	seq	r1,r1,r2
 1060  00001be8  10200010	beqz	r1,L51_LF2
 1061  00001bec  54000000	nop; delay slot nop
 1062  00001bf0  8fc10000	lw	r1,(r30)
 1063  00001bf4  08000030	j	L45_LF2
 1064  00001bf8  54000000	nop; delay slot nop
 1065  00001bfc          	L53_LF2:
 1066  00001bfc          	L51_LF2:
 1067  00001bfc  8fc2fff4	lw	r2,-12(r30)
 1068  00001c00  20410001	addi	r1,r2,#1
 1069  00001c04  00011020	add	r2,r0,r1
 1070  00001c08  afc2fff4	sw	-12(r30),r2
 1071  00001c0c  0bffffa8	j	L49_LF2
 1072  00001c10  54000000	nop; delay slot nop
 1073  00001c14          	L50_LF2:
 1074  00001c14  0bffff7c	j	L46_LF2
 1075  00001c18  54000000	nop; delay slot nop
 1076  00001c1c          	L47_LF2:
 1077  00001c1c  20010000	addi	r1,r0,#0
 1078  00001c20  08000004	j	L45_LF2
 1079  00001c24  54000000	nop; delay slot nop
 1080  00001c28          	L45_LF2:
 1081  00001c28  8fa20000	lw	r2,0(r29)
 1082  00001c2c  8fdffff8	lw	r31,-8(r30)
 1083  00001c30  001ee820	add	r29,r0,r30
 1084  00001c34  8fdefffc	lw	r30,-4(r30)
 1085  00001c38  4be00000	jr	r31
 1086  00001c3c  54000000	nop
 1087  00001c40          	.endproc _dmindex
 1088  00001c40          	.align 2
 1089  00001c40          	.proc _dindex
 1090  00001c40          	.global _dindex
 1091  00001c40          	_dindex:
 1092                      ;  Function 'dindex'; 0 bytes of locals, 1 regs to save.
 1093  00001c40  afbefffc	sw	-4(r29),r30; push fp
 1094  00001c44  001df020	add	r30,r0,r29; fp = sp
 1095  00001c48  afbffff8	sw	-8(r29),r31; push ret addr
 1096  00001c4c  2fbd0010	subui	r29,r29,#16; alloc local storage
 1097  00001c50  afa20000	sw	0(r29),r2
 1098  00001c54  54000000	nop
 1099  00001c58          	L55_LF2:
 1100  00001c58  8fc10000	lw	r1,(r30)
 1101  00001c5c  90220000	lbu	r2,(r1)
 1102  00001c60  64410000	snei	r1,r2,#0
 1103  00001c64  1420000c	bnez	r1,L57_LF2
 1104  00001c68  54000000	nop; delay slot nop
 1105  00001c6c  08000040	j	L56_LF2
 1106  00001c70  54000000	nop; delay slot nop
 1107  00001c74          	L57_LF2:
 1108  00001c74  8fc10000	lw	r1,(r30)
 1109  00001c78  90220000	lbu	r2,(r1)
 1110  00001c7c  8fc10004	lw	r1,4(r30)
 1111  00001c80  00411028	seq	r2,r2,r1
 1112  00001c84  10400010	beqz	r2,L58_LF2
 1113  00001c88  54000000	nop; delay slot nop
 1114  00001c8c  8fc10000	lw	r1,(r30)
 1115  00001c90  08000028	j	L54_LF2
 1116  00001c94  54000000	nop; delay slot nop
 1117  00001c98          	L58_LF2:
 1118  00001c98  8fc20000	lw	r2,(r30)
 1119  00001c9c  20410001	addi	r1,r2,#1
 1120  00001ca0  00011020	add	r2,r0,r1
 1121  00001ca4  afc20000	sw	(r30),r2
 1122  00001ca8  0bffffac	j	L55_LF2
 1123  00001cac  54000000	nop; delay slot nop
 1124  00001cb0          	L56_LF2:
 1125  00001cb0  20010000	addi	r1,r0,#0
 1126  00001cb4  08000004	j	L54_LF2
 1127  00001cb8  54000000	nop; delay slot nop
 1128  00001cbc          	L54_LF2:
 1129  00001cbc  8fa20000	lw	r2,0(r29)
 1130  00001cc0  8fdffff8	lw	r31,-8(r30)
 1131  00001cc4  001ee820	add	r29,r0,r30
 1132  00001cc8  8fdefffc	lw	r30,-4(r30)
 1133  00001ccc  4be00000	jr	r31
 1134  00001cd0  54000000	nop
 1135  00001cd4          	.endproc _dindex
 1136  00001cd4          	.align 2
 1137  00001cd4          	.proc _ditoa
 1138  00001cd4          	.global _ditoa
 1139  00001cd4          	_ditoa:
 1140                      ;  Function 'ditoa'; 8 bytes of locals, 2 regs to save.
 1141  00001cd4  afbefffc	sw	-4(r29),r30; push fp
 1142  00001cd8  001df020	add	r30,r0,r29; fp = sp
 1143  00001cdc  afbffff8	sw	-8(r29),r31; push ret addr
 1144  00001ce0  2fbd0018	subui	r29,r29,#24; alloc local storage
 1145  00001ce4  afa20000	sw	0(r29),r2
 1146  00001ce8  afa30004	sw	4(r29),r3
 1147  00001cec  8fc10000	lw	r1,(r30)
 1148  00001cf0  68220000	slti	r2,r1,#0
 1149  00001cf4  1040002c	beqz	r2,L60_LF2
 1150  00001cf8  54000000	nop; delay slot nop
 1151  00001cfc  8fc10004	lw	r1,4(r30)
 1152  00001d00  20220001	addi	r2,r1,#1
 1153  00001d04  afc20004	sw	4(r30),r2
 1154  00001d08  2002002d	addi	r2,r0,(#0x2d)&0xff
 1155  00001d0c  a0220000	sb	(r1),r2
 1156  00001d10  8fc10000	lw	r1,(r30)
 1157  00001d14  00011022	sub	r2,r0,r1
 1158  00001d18  afc20000	sw	(r30),r2
 1159  00001d1c  08000118	j	L61_LF2
 1160  00001d20  54000000	nop; delay slot nop
 1161  00001d24          	L60_LF2:
 1162  00001d24  8fc10000	lw	r1,(r30)
 1163  00001d28  64220000	snei	r2,r1,#0
 1164  00001d2c  14400020	bnez	r2,L62_LF2
 1165  00001d30  54000000	nop; delay slot nop
 1166  00001d34  8fc10004	lw	r1,4(r30)
 1167  00001d38  20220001	addi	r2,r1,#1
 1168  00001d3c  afc20004	sw	4(r30),r2
 1169  00001d40  20020030	addi	r2,r0,(#0x30)&0xff
 1170  00001d44  a0220000	sb	(r1),r2
 1171  00001d48  080000ec	j	L61_LF2
 1172  00001d4c  54000000	nop; delay slot nop
 1173  00001d50          	L62_LF2:
 1174  00001d50  20010001	addi	r1,r0,#1
 1175  00001d54  afc1fff4	sw	-12(r30),r1
 1176  00001d58          	L64_LF2:
 1177  00001d58  8fc1fff4	lw	r1,-12(r30)
 1178  00001d5c  8fc20000	lw	r2,(r30)
 1179  00001d60  0022082c	sle	r1,r1,r2
 1180  00001d64  1420000c	bnez	r1,L66_LF2
 1181  00001d68  54000000	nop; delay slot nop
 1182  00001d6c  08000024	j	L65_LF2
 1183  00001d70  54000000	nop; delay slot nop
 1184  00001d74          	L67_LF2:
 1185  00001d74          	L66_LF2:
 1186  00001d74  8fc1fff4	lw	r1,-12(r30)
 1187  00001d78  00011820	add	r3,r0,r1
 1188  00001d7c  50620002	slli	r2,r3,#0x2
 1189  00001d80  00411020	add	r2,r2,r1
 1190  00001d84  50410001	slli	r1,r2,#0x1
 1191  00001d88  afc1fff4	sw	-12(r30),r1
 1192  00001d8c  0bffffc8	j	L64_LF2
 1193  00001d90  54000000	nop; delay slot nop
 1194  00001d94          	L65_LF2:
 1195  00001d94  54000000	nop
 1196  00001d98          	L68_LF2:
 1197  00001d98  8fc1fff4	lw	r1,-12(r30)
 1198  00001d9c  2002000a	addi	r2,r0,#10
 1199  00001da0  00200035	movi2fp	f0,r1
 1200  00001da4  00400835	movi2fp	f1,r2
 1201  00001da8  0401000f	div	f0,f0,f1
 1202  00001dac  00000834	movfp2i	r1,f0
 1203  00001db0  afc1fff4	sw	-12(r30),r1
 1204  00001db4  8fc10004	lw	r1,4(r30)
 1205  00001db8  20220001	addi	r2,r1,#1
 1206  00001dbc  afc20004	sw	4(r30),r2
 1207  00001dc0  8fc20000	lw	r2,(r30)
 1208  00001dc4  8fc3fff4	lw	r3,-12(r30)
 1209  00001dc8  00400035	movi2fp	f0,r2
 1210  00001dcc  00600835	movi2fp	f1,r3
 1211  00001dd0  0401000f	div	f0,f0,f1
 1212  00001dd4  00001034	movfp2i	r2,f0
 1213  00001dd8  00021820	add	r3,r0,r2
 1214  00001ddc  20620030	addi	r2,r3,#48
 1215  00001de0  a0220000	sb	(r1),r2
 1216  00001de4  8fc10000	lw	r1,(r30)
 1217  00001de8  8fc3fff4	lw	r3,-12(r30)
 1218  00001dec  00200035	movi2fp	f0,r1
 1219  00001df0  00600835	movi2fp	f1,r3
 1220  00001df4  0401000f	div	f0,f0,f1
 1221  00001df8  00001034	movfp2i	r2,f0
 1222  00001dfc  8fc3fff4	lw	r3,-12(r30)
 1223  00001e00  00400035	movi2fp	f0,r2
 1224  00001e04  00600835	movi2fp	f1,r3
 1225  00001e08  0401000e	mult	f0,f0,f1
 1226  00001e0c  00001034	movfp2i	r2,f0
 1227  00001e10  00220822	sub	r1,r1,r2
 1228  00001e14  afc10000	sw	(r30),r1
 1229  00001e18          	L70_LF2:
 1230  00001e18  8fc1fff4	lw	r1,-12(r30)
 1231  00001e1c  6c220001	sgti	r2,r1,#1
 1232  00001e20  1440000c	bnez	r2,L71_LF2
 1233  00001e24  54000000	nop; delay slot nop
 1234  00001e28  0800000c	j	L61_LF2
 1235  00001e2c  54000000	nop; delay slot nop
 1236  00001e30          	L71_LF2:
 1237  00001e30  0bffff64	j	L68_LF2
 1238  00001e34  54000000	nop; delay slot nop
 1239  00001e38          	L69_LF2:
 1240  00001e38          	L63_LF2:
 1241  00001e38          	L61_LF2:
 1242  00001e38  8fc10004	lw	r1,4(r30)
 1243  00001e3c  20020000	addi	r2,r0,(#0x0)&0xff
 1244  00001e40  a0220000	sb	(r1),r2
 1245  00001e44          	L59_LF2:
 1246  00001e44  8fa20000	lw	r2,0(r29)
 1247  00001e48  8fa30004	lw	r3,4(r29)
 1248  00001e4c  8fdffff8	lw	r31,-8(r30)
 1249  00001e50  001ee820	add	r29,r0,r30
 1250  00001e54  8fdefffc	lw	r30,-4(r30)
 1251  00001e58  4be00000	jr	r31
 1252  00001e5c  54000000	nop
 1253  00001e60          	.endproc _ditoa
 1254  00001e60          	.align 2
 1255  00001e60          	.proc _dstrtol
 1256  00001e60          	.global _dstrtol
 1257  00001e60          	_dstrtol:
 1258                      ;  Function 'dstrtol'; 16 bytes of locals, 1 regs to save.
 1259  00001e60  afbefffc	sw	-4(r29),r30; push fp
 1260  00001e64  001df020	add	r30,r0,r29; fp = sp
 1261  00001e68  afbffff8	sw	-8(r29),r31; push ret addr
 1262  00001e6c  2fbd0020	subui	r29,r29,#32; alloc local storage
 1263  00001e70  afa20000	sw	0(r29),r2
 1264  00001e74  20010000	addi	r1,r0,#0
 1265  00001e78  afc1fff4	sw	-12(r30),r1
 1266  00001e7c          	L73_LF2:
 1267  00001e7c  8fc10000	lw	r1,(r30)
 1268  00001e80  90220000	lbu	r2,(r1)
 1269  00001e84  60410020	seqi	r1,r2,#32
 1270  00001e88  14200034	bnez	r1,L75_LF2
 1271  00001e8c  54000000	nop; delay slot nop
 1272  00001e90  8fc10000	lw	r1,(r30)
 1273  00001e94  90220000	lbu	r2,(r1)
 1274  00001e98  60410009	seqi	r1,r2,#9
 1275  00001e9c  14200020	bnez	r1,L75_LF2
 1276  00001ea0  54000000	nop; delay slot nop
 1277  00001ea4  8fc10000	lw	r1,(r30)
 1278  00001ea8  90220000	lbu	r2,(r1)
 1279  00001eac  6041000a	seqi	r1,r2,#10
 1280  00001eb0  1420000c	bnez	r1,L75_LF2
 1281  00001eb4  54000000	nop; delay slot nop
 1282  00001eb8  0800001c	j	L74_LF2
 1283  00001ebc  54000000	nop; delay slot nop
 1284  00001ec0          	L75_LF2:
 1285  00001ec0  8fc20000	lw	r2,(r30)
 1286  00001ec4  20410001	addi	r1,r2,#1
 1287  00001ec8  00011020	add	r2,r0,r1
 1288  00001ecc  afc20000	sw	(r30),r2
 1289  00001ed0  0bffffa8	j	L73_LF2
 1290  00001ed4  54000000	nop; delay slot nop
 1291  00001ed8          	L74_LF2:
 1292  00001ed8  8fc10004	lw	r1,4(r30)
 1293  00001edc  64220000	snei	r2,r1,#0
 1294  00001ee0  10400010	beqz	r2,L76_LF2
 1295  00001ee4  54000000	nop; delay slot nop
 1296  00001ee8  8fc10004	lw	r1,4(r30)
 1297  00001eec  8fc20000	lw	r2,(r30)
 1298  00001ef0  ac220000	sw	(r1),r2
 1299  00001ef4          	L76_LF2:
 1300  00001ef4  8fc10000	lw	r1,(r30)
 1301  00001ef8  90220000	lbu	r2,(r1)
 1302  00001efc  64410000	snei	r1,r2,#0
 1303  00001f00  14200010	bnez	r1,L77_LF2
 1304  00001f04  54000000	nop; delay slot nop
 1305  00001f08  8fc1fff4	lw	r1,-12(r30)
 1306  00001f0c  08000294	j	L72_LF2
 1307  00001f10  54000000	nop; delay slot nop
 1308  00001f14          	L77_LF2:
 1309  00001f14  8fc10000	lw	r1,(r30)
 1310  00001f18  90220000	lbu	r2,(r1)
 1311  00001f1c  6041002d	seqi	r1,r2,#45
 1312  00001f20  10200024	beqz	r1,L78_LF2
 1313  00001f24  54000000	nop; delay slot nop
 1314  00001f28  2001ffff	addi	r1,r0,#-1
 1315  00001f2c  afc1ffec	sw	-20(r30),r1
 1316  00001f30  8fc20000	lw	r2,(r30)
 1317  00001f34  20410001	addi	r1,r2,#1
 1318  00001f38  00011020	add	r2,r0,r1
 1319  00001f3c  afc20000	sw	(r30),r2
 1320  00001f40  0800000c	j	L79_LF2
 1321  00001f44  54000000	nop; delay slot nop
 1322  00001f48          	L78_LF2:
 1323  00001f48  20010001	addi	r1,r0,#1
 1324  00001f4c  afc1ffec	sw	-20(r30),r1
 1325  00001f50          	L79_LF2:
 1326  00001f50  8fc10008	lw	r1,8(r30)
 1327  00001f54  64220000	snei	r2,r1,#0
 1328  00001f58  14400090	bnez	r2,L80_LF2
 1329  00001f5c  54000000	nop; delay slot nop
 1330  00001f60  8fc10000	lw	r1,(r30)
 1331  00001f64  90220000	lbu	r2,(r1)
 1332  00001f68  60410030	seqi	r1,r2,#48
 1333  00001f6c  10200074	beqz	r1,L81_LF2
 1334  00001f70  54000000	nop; delay slot nop
 1335  00001f74  8fc20000	lw	r2,(r30)
 1336  00001f78  20410001	addi	r1,r2,#1
 1337  00001f7c  00011020	add	r2,r0,r1
 1338  00001f80  afc20000	sw	(r30),r2
 1339  00001f84  8fc10000	lw	r1,(r30)
 1340  00001f88  90220000	lbu	r2,(r1)
 1341  00001f8c  60410078	seqi	r1,r2,#120
 1342  00001f90  14200020	bnez	r1,L83_LF2
 1343  00001f94  54000000	nop; delay slot nop
 1344  00001f98  8fc10000	lw	r1,(r30)
 1345  00001f9c  90220000	lbu	r2,(r1)
 1346  00001fa0  60410058	seqi	r1,r2,#88
 1347  00001fa4  1420000c	bnez	r1,L83_LF2
 1348  00001fa8  54000000	nop; delay slot nop
 1349  00001fac  08000024	j	L82_LF2
 1350  00001fb0  54000000	nop; delay slot nop
 1351  00001fb4          	L83_LF2:
 1352  00001fb4  20010010	addi	r1,r0,#16
 1353  00001fb8  afc10008	sw	8(r30),r1
 1354  00001fbc  8fc20000	lw	r2,(r30)
 1355  00001fc0  20410001	addi	r1,r2,#1
 1356  00001fc4  00011020	add	r2,r0,r1
 1357  00001fc8  afc20000	sw	(r30),r2
 1358  00001fcc  0800000c	j	L84_LF2
 1359  00001fd0  54000000	nop; delay slot nop
 1360  00001fd4          	L82_LF2:
 1361  00001fd4  20010008	addi	r1,r0,#8
 1362  00001fd8  afc10008	sw	8(r30),r1
 1363  00001fdc          	L84_LF2:
 1364  00001fdc  0800000c	j	L80_LF2
 1365  00001fe0  54000000	nop; delay slot nop
 1366  00001fe4          	L81_LF2:
 1367  00001fe4  2001000a	addi	r1,r0,#10
 1368  00001fe8  afc10008	sw	8(r30),r1
 1369  00001fec          	L85_LF2:
 1370  00001fec          	L80_LF2:
 1371  00001fec  8fc10008	lw	r1,8(r30)
 1372  00001ff0  70220000	slei	r2,r1,#0
 1373  00001ff4  1440001c	bnez	r2,L87_LF2
 1374  00001ff8  54000000	nop; delay slot nop
 1375  00001ffc  8fc10008	lw	r1,8(r30)
 1376  00002000  6c220010	sgti	r2,r1,#16
 1377  00002004  1440000c	bnez	r2,L87_LF2
 1378  00002008  54000000	nop; delay slot nop
 1379  0000200c  08000010	j	L86_LF2
 1380  00002010  54000000	nop; delay slot nop
 1381  00002014          	L87_LF2:
 1382  00002014  8fc1fff4	lw	r1,-12(r30)
 1383  00002018  08000188	j	L72_LF2
 1384  0000201c  54000000	nop; delay slot nop
 1385  00002020          	L86_LF2:
 1386  00002020  54000000	nop
 1387  00002024          	L88_LF2:
 1388  00002024  8fc10000	lw	r1,(r30)
 1389  00002028  90220000	lbu	r2,(r1)
 1390  0000202c  6c41002f	sgtui	r1,r2,#47
 1391  00002030  10200030	beqz	r1,L91_LF2
 1392  00002034  54000000	nop; delay slot nop
 1393  00002038  8fc10000	lw	r1,(r30)
 1394  0000203c  90220000	lbu	r2,(r1)
 1395  00002040  70410039	sleui	r1,r2,#57
 1396  00002044  1020001c	beqz	r1,L91_LF2
 1397  00002048  54000000	nop; delay slot nop
 1398  0000204c  8fc10000	lw	r1,(r30)
 1399  00002050  90220000	lbu	r2,(r1)
 1400  00002054  2041ffd0	addi	r1,r2,#-48
 1401  00002058  afc1fff0	sw	-16(r30),r1
 1402  0000205c  0800008c	j	L92_LF2
 1403  00002060  54000000	nop; delay slot nop
 1404  00002064          	L91_LF2:
 1405  00002064  8fc10000	lw	r1,(r30)
 1406  00002068  90220000	lbu	r2,(r1)
 1407  0000206c  6c410060	sgtui	r1,r2,#96
 1408  00002070  10200030	beqz	r1,L93_LF2
 1409  00002074  54000000	nop; delay slot nop
 1410  00002078  8fc10000	lw	r1,(r30)
 1411  0000207c  90220000	lbu	r2,(r1)
 1412  00002080  7041007a	sleui	r1,r2,#122
 1413  00002084  1020001c	beqz	r1,L93_LF2
 1414  00002088  54000000	nop; delay slot nop
 1415  0000208c  8fc10000	lw	r1,(r30)
 1416  00002090  90220000	lbu	r2,(r1)
 1417  00002094  2041ffa9	addi	r1,r2,#-87
 1418  00002098  afc1fff0	sw	-16(r30),r1
 1419  0000209c  0800004c	j	L92_LF2
 1420  000020a0  54000000	nop; delay slot nop
 1421  000020a4          	L93_LF2:
 1422  000020a4  8fc10000	lw	r1,(r30)
 1423  000020a8  90220000	lbu	r2,(r1)
 1424  000020ac  6c410040	sgtui	r1,r2,#64
 1425  000020b0  10200030	beqz	r1,L95_LF2
 1426  000020b4  54000000	nop; delay slot nop
 1427  000020b8  8fc10000	lw	r1,(r30)
 1428  000020bc  90220000	lbu	r2,(r1)
 1429  000020c0  7041005a	sleui	r1,r2,#90
 1430  000020c4  1020001c	beqz	r1,L95_LF2
 1431  000020c8  54000000	nop; delay slot nop
 1432  000020cc  8fc10000	lw	r1,(r30)
 1433  000020d0  90220000	lbu	r2,(r1)
 1434  000020d4  2041ffc9	addi	r1,r2,#-55
 1435  000020d8  afc1fff0	sw	-16(r30),r1
 1436  000020dc  0800000c	j	L92_LF2
 1437  000020e0  54000000	nop; delay slot nop
 1438  000020e4          	L95_LF2:
 1439  000020e4  200103e8	addi	r1,r0,#1000
 1440  000020e8  afc1fff0	sw	-16(r30),r1
 1441  000020ec          	L96_LF2:
 1442  000020ec          	L94_LF2:
 1443  000020ec          	L92_LF2:
 1444  000020ec  8fc1fff0	lw	r1,-16(r30)
 1445  000020f0  8fc20008	lw	r2,8(r30)
 1446  000020f4  0022082a	slt	r1,r1,r2
 1447  000020f8  10200040	beqz	r1,L90_LF2
 1448  000020fc  54000000	nop; delay slot nop
 1449  00002100  8fc1fff4	lw	r1,-12(r30)
 1450  00002104  8fc20008	lw	r2,8(r30)
 1451  00002108  00200035	movi2fp	f0,r1
 1452  0000210c  00400835	movi2fp	f1,r2
 1453  00002110  0401000e	mult	f0,f0,f1
 1454  00002114  00000834	movfp2i	r1,f0
 1455  00002118  afc1fff4	sw	-12(r30),r1
 1456  0000211c  8fc1fff4	lw	r1,-12(r30)
 1457  00002120  8fc2fff0	lw	r2,-16(r30)
 1458  00002124  00220820	add	r1,r1,r2
 1459  00002128  afc1fff4	sw	-12(r30),r1
 1460  0000212c  8fc20000	lw	r2,(r30)
 1461  00002130  20410001	addi	r1,r2,#1
 1462  00002134  00011020	add	r2,r0,r1
 1463  00002138  afc20000	sw	(r30),r2
 1464  0000213c          	L97_LF2:
 1465  0000213c          	L90_LF2:
 1466  0000213c  8fc1fff0	lw	r1,-16(r30)
 1467  00002140  8fc20008	lw	r2,8(r30)
 1468  00002144  0022082a	slt	r1,r1,r2
 1469  00002148  1420000c	bnez	r1,L98_LF2
 1470  0000214c  54000000	nop; delay slot nop
 1471  00002150  0800000c	j	L89_LF2
 1472  00002154  54000000	nop; delay slot nop
 1473  00002158          	L98_LF2:
 1474  00002158  0bfffec8	j	L88_LF2
 1475  0000215c  54000000	nop; delay slot nop
 1476  00002160          	L89_LF2:
 1477  00002160  8fc10004	lw	r1,4(r30)
 1478  00002164  64220000	snei	r2,r1,#0
 1479  00002168  10400010	beqz	r2,L99_LF2
 1480  0000216c  54000000	nop; delay slot nop
 1481  00002170  8fc10004	lw	r1,4(r30)
 1482  00002174  8fc20000	lw	r2,(r30)
 1483  00002178  ac220000	sw	(r1),r2
 1484  0000217c          	L99_LF2:
 1485  0000217c  8fc1fff4	lw	r1,-12(r30)
 1486  00002180  8fc2ffec	lw	r2,-20(r30)
 1487  00002184  00200035	movi2fp	f0,r1
 1488  00002188  00400835	movi2fp	f1,r2
 1489  0000218c  0401000e	mult	f0,f0,f1
 1490  00002190  00000834	movfp2i	r1,f0
 1491  00002194  afc1fff4	sw	-12(r30),r1
 1492  00002198  8fc1fff4	lw	r1,-12(r30)
 1493  0000219c  08000004	j	L72_LF2
 1494  000021a0  54000000	nop; delay slot nop
 1495  000021a4          	L72_LF2:
 1496  000021a4  8fa20000	lw	r2,0(r29)
 1497  000021a8  8fdffff8	lw	r31,-8(r30)
 1498  000021ac  001ee820	add	r29,r0,r30
 1499  000021b0  8fdefffc	lw	r30,-4(r30)
 1500  000021b4  4be00000	jr	r31
 1501  000021b8  54000000	nop
 1502  000021bc          	.endproc _dstrtol
 1503  000021bc          	.align 2
 1504  000021bc          	.proc _bcopy
 1505  000021bc          	.global _bcopy
 1506  000021bc          	_bcopy:
 1507                      ;  Function 'bcopy'; 0 bytes of locals, 2 regs to save.
 1508  000021bc  afbefffc	sw	-4(r29),r30; push fp
 1509  000021c0  001df020	add	r30,r0,r29; fp = sp
 1510  000021c4  afbffff8	sw	-8(r29),r31; push ret addr
 1511  000021c8  2fbd0010	subui	r29,r29,#16; alloc local storage
 1512  000021cc  afa20000	sw	0(r29),r2
 1513  000021d0  afa30004	sw	4(r29),r3
 1514  000021d4  54000000	nop
 1515  000021d8          	L101_LF2:
 1516  000021d8  8fc10008	lw	r1,8(r30)
 1517  000021dc  2022ffff	addi	r2,r1,#-1
 1518  000021e0  afc20008	sw	8(r30),r2
 1519  000021e4  6c210000	sgti	r1,r1,#0
 1520  000021e8  1420000c	bnez	r1,L103_LF2
 1521  000021ec  54000000	nop; delay slot nop
 1522  000021f0  0800002c	j	L102_LF2
 1523  000021f4  54000000	nop; delay slot nop
 1524  000021f8          	L103_LF2:
 1525  000021f8  8fc10004	lw	r1,4(r30)
 1526  000021fc  20220001	addi	r2,r1,#1
 1527  00002200  afc20004	sw	4(r30),r2
 1528  00002204  8fc20000	lw	r2,(r30)
 1529  00002208  20430001	addi	r3,r2,#1
 1530  0000220c  afc30000	sw	(r30),r3
 1531  00002210  80420000	lb	r2,(r2)
 1532  00002214  a0220000	sb	(r1),r2
 1533  00002218  0bffffbc	j	L101_LF2
 1534  0000221c  54000000	nop; delay slot nop
 1535  00002220          	L102_LF2:
 1536  00002220          	L100_LF2:
 1537  00002220  8fa20000	lw	r2,0(r29)
 1538  00002224  8fa30004	lw	r3,4(r29)
 1539  00002228  8fdffff8	lw	r31,-8(r30)
 1540  0000222c  001ee820	add	r29,r0,r30
 1541  00002230  8fdefffc	lw	r30,-4(r30)
 1542  00002234  4be00000	jr	r31
 1543  00002238  54000000	nop
 1544  0000223c          	.endproc _bcopy
 1545  0000223c          	.align 2
 1546  0000223c          	.proc _bzero
 1547  0000223c          	.global _bzero
 1548  0000223c          	_bzero:
 1549                      ;  Function 'bzero'; 0 bytes of locals, 1 regs to save.
 1550  0000223c  afbefffc	sw	-4(r29),r30; push fp
 1551  00002240  001df020	add	r30,r0,r29; fp = sp
 1552  00002244  afbffff8	sw	-8(r29),r31; push ret addr
 1553  00002248  2fbd0010	subui	r29,r29,#16; alloc local storage
 1554  0000224c  afa20000	sw	0(r29),r2
 1555  00002250  54000000	nop
 1556  00002254          	L105_LF2:
 1557  00002254  8fc10004	lw	r1,4(r30)
 1558  00002258  2022ffff	addi	r2,r1,#-1
 1559  0000225c  afc20004	sw	4(r30),r2
 1560  00002260  6c210000	sgti	r1,r1,#0
 1561  00002264  1420000c	bnez	r1,L107_LF2
 1562  00002268  54000000	nop; delay slot nop
 1563  0000226c  08000020	j	L106_LF2
 1564  00002270  54000000	nop; delay slot nop
 1565  00002274          	L107_LF2:
 1566  00002274  8fc10000	lw	r1,(r30)
 1567  00002278  20220001	addi	r2,r1,#1
 1568  0000227c  afc20000	sw	(r30),r2
 1569  00002280  20020000	addi	r2,r0,(#0x0)&0xff
 1570  00002284  a0220000	sb	(r1),r2
 1571  00002288  0bffffc8	j	L105_LF2
 1572  0000228c  54000000	nop; delay slot nop
 1573  00002290          	L106_LF2:
 1574  00002290          	L104_LF2:
 1575  00002290  8fa20000	lw	r2,0(r29)
 1576  00002294  8fdffff8	lw	r31,-8(r30)
 1577  00002298  001ee820	add	r29,r0,r30
 1578  0000229c  8fdefffc	lw	r30,-4(r30)
 1579  000022a0  4be00000	jr	r31
 1580  000022a4  54000000	nop
 1581  000022a8          	.endproc _bzero
 1582  000022a8          	.align 2
 1583  000022a8          	.proc _min
 1584  000022a8          	.global _min
 1585  000022a8          	_min:
 1586                      ;  Function 'min'; 0 bytes of locals, 2 regs to save.
 1587  000022a8  afbefffc	sw	-4(r29),r30; push fp
 1588  000022ac  001df020	add	r30,r0,r29; fp = sp
 1589  000022b0  afbffff8	sw	-8(r29),r31; push ret addr
 1590  000022b4  2fbd0010	subui	r29,r29,#16; alloc local storage
 1591  000022b8  afa20000	sw	0(r29),r2
 1592  000022bc  afa30004	sw	4(r29),r3
 1593  000022c0  8fc10000	lw	r1,(r30)
 1594  000022c4  8fc20004	lw	r2,4(r30)
 1595  000022c8  0022182c	sle	r3,r1,r2
 1596  000022cc  14600008	bnez	r3,L109_LF2
 1597  000022d0  54000000	nop; delay slot nop
 1598  000022d4  8fc10004	lw	r1,4(r30)
 1599  000022d8          	L109_LF2:
 1600  000022d8  08000004	j	L108_LF2
 1601  000022dc  54000000	nop; delay slot nop
 1602  000022e0          	L108_LF2:
 1603  000022e0  8fa20000	lw	r2,0(r29)
 1604  000022e4  8fa30004	lw	r3,4(r29)
 1605  000022e8  8fdffff8	lw	r31,-8(r30)
 1606  000022ec  001ee820	add	r29,r0,r30
 1607  000022f0  8fdefffc	lw	r30,-4(r30)
 1608  000022f4  4be00000	jr	r31
 1609  000022f8  54000000	nop
 1610  000022fc          	.endproc _min
 1611                      ;;; Ethan L. Miller, 1999.  Released to the public domain
 1612                      ;;;
 1613                      ;;; Most of the traps are called in files from libtraps.
 1616  000022fc          	.align 2
 1617  000022fc          	.proc _exit
 1618  000022fc          	.global _exit
 1619  000022fc          	_exit:
 1620  000022fc  44000300	trap	#0x300
 1621  00002300  4be00000	jr	r31
 1622  00002304  54000000	nop
 1623  00002308          	.endproc _exit
 1625                      ; for the benefit of gcc.
 1626  00002308          	.proc ___main
 1627  00002308          	.global ___main
 1628  00002308          	___main:
 1629  00002308  4be00000	jr	r31
 1630  0000230c  54000000	nop
 1631  00002310          	.endproc ___main
 1632  00002310          	.text
 1633  00002310          	.global _etext
 1634  00002310          	_etext:
 1635  00002310          	.align 3
 1636  00002310          	.data
 1637  00003101          	.global _edata
 1638  00003101          	_edata:
