 line   address	contents
    1                      ; Linked by DLX-LD.
    2                      ; MemSize 24576
    3                      ; Data size: 410
    4                      ; Text size: 5116
    5                      ; Stack size: 8192
    6  00000000          	.text 0x1000
    7  00001000          	.data 0x3000
    8                      ; Compiled by GCC
    9  00003000          	.text
   10  00001000          	.align 2
   11  00001000          	.proc _isspace
   12  00001000          	.global _isspace
   13  00001000          	_isspace:
   14                      ;  Function 'isspace'; 0 bytes of locals, 1 regs to save.
   15  00001000  afbefffc	sw	-4(r29),r30; push fp
   16  00001004  001df020	add	r30,r0,r29; fp = sp
   17  00001008  afbffff8	sw	-8(r29),r31; push ret addr
   18  0000100c  2fbd0010	subui	r29,r29,#16; alloc local storage
   19  00001010  afa20000	sw	0(r29),r2
   20  00001014  83c20003	lb	r2,3(r30)
   21  00001018  201f0000	addi	r31,r0,#0
   22  0000101c  304100ff	andi	r1,r2,#0x00ff
   23  00001020  60210020	seqi	r1,r1,#32
   24  00001024  14200018	bnez	r1,L6_LF0
   25  00001028  54000000	nop; not filled.
   26  0000102c  2041fff7	addi	r1,r2,#-9
   27  00001030  302100ff	andi	r1,r1,#0x00ff
   28  00001034  70210001	sleui	r1,r1,#1
   29  00001038  10200008	beqz	r1,L5_LF0
   30  0000103c  54000000	nop; not filled.
   31  00001040          	L6_LF0:
   32  00001040  201f0001	addi	r31,r0,#1
   33  00001044          	L5_LF0:
   34  00001044  001f0820	add	r1,r0,r31
   35  00001048  8fa20000	lw	r2,0(r29)
   36  0000104c  8fdffff8	lw	r31,-8(r30)
   37  00001050  001ee820	add	r29,r0,r30
   38  00001054  8fdefffc	lw	r30,-4(r30)
   39  00001058  4be00000	jr	r31
   40  0000105c  54000000	nop
   41  00001060          	.endproc _isspace
   42  00001060          	.align 2
   43  00001060          	.proc _isxdigit
   44  00001060          	.global _isxdigit
   45  00001060          	_isxdigit:
   46                      ;  Function 'isxdigit'; 0 bytes of locals, 1 regs to save.
   47  00001060  afbefffc	sw	-4(r29),r30; push fp
   48  00001064  001df020	add	r30,r0,r29; fp = sp
   49  00001068  afbffff8	sw	-8(r29),r31; push ret addr
   50  0000106c  2fbd0010	subui	r29,r29,#16; alloc local storage
   51  00001070  afa20000	sw	0(r29),r2
   52  00001074  83df0003	lb	r31,3(r30)
   53  00001078  20020000	addi	r2,r0,#0
   54  0000107c  23e1ffd0	addi	r1,r31,#-48
   55  00001080  302100ff	andi	r1,r1,#0x00ff
   56  00001084  70210009	sleui	r1,r1,#9
   57  00001088  14200028	bnez	r1,L12_LF0
   58  0000108c  54000000	nop; not filled.
   59  00001090  23e1ff9f	addi	r1,r31,#-97
   60  00001094  302100ff	andi	r1,r1,#0x00ff
   61  00001098  70210005	sleui	r1,r1,#5
   62  0000109c  14200014	bnez	r1,L12_LF0
   63  000010a0  54000000	nop; not filled.
   64  000010a4  33e100ff	andi	r1,r31,#0x00ff
   65  000010a8  64210041	snei	r1,r1,#65
   66  000010ac  14200008	bnez	r1,L11_LF0
   67  000010b0  54000000	nop; not filled.
   68  000010b4          	L12_LF0:
   69  000010b4  20020001	addi	r2,r0,#1
   70  000010b8          	L11_LF0:
   71  000010b8  00020820	add	r1,r0,r2
   72  000010bc  8fa20000	lw	r2,0(r29)
   73  000010c0  8fdffff8	lw	r31,-8(r30)
   74  000010c4  001ee820	add	r29,r0,r30
   75  000010c8  8fdefffc	lw	r30,-4(r30)
   76  000010cc  4be00000	jr	r31
   77  000010d0  54000000	nop
   78  000010d4          	.endproc _isxdigit
   79  000010d4          	.data
   80  00003000          	.align 2
   81  00003000          	LC0_LF0:
   82  00003000  55736167	.ascii "Usage: \000"
   82  00003004  653a2000	
   83  00003008          	.align 2
   84  00003008          	LC1_LF0:
   85  00003008  203c6e75	.ascii " <number of processes to create>\n\000"
   85  0000300c  6d626572	
   85  00003010  206f6620	
   85  00003014  70726f63	
   85  00003018  65737365	
   85  0000301c  7320746f	
   85  00003020  20637265	
   85  00003024  6174653e	
   85  00003028  0a00    	
   86  0000302a          	.align 2
   87  0000302c          	LC2_LF0:
   88  0000302c  43726561	.ascii "Creating %d processes\n\000"
   88  00003030  74696e67	
   88  00003034  20256420	
   88  00003038  70726f63	
   88  0000303c  65737365	
   88  00003040  730a00  	
   89  00003043          	.align 2
   90  00003044          	LC3_LF0:
   91  00003044  4552524f	.ascii "ERROR: could not allocate shared memory page in \000"
   91  00003048  523a2063	
   91  0000304c  6f756c64	
   91  00003050  206e6f74	
   91  00003054  20616c6c	
   91  00003058  6f636174	
   91  0000305c  65207368	
   91  00003060  61726564	
   91  00003064  206d656d	
   91  00003068  6f727920	
   91  0000306c  70616765	
   91  00003070  20696e20	
   91  00003074  00      	
   92  00003075          	.align 2
   93  00003078          	LC4_LF0:
   94  00003078  2c206578	.ascii ", exiting...\n\000"
   94  0000307c  6974696e	
   94  00003080  672e2e2e	
   94  00003084  0a00    	
   95  00003086          	.align 2
   96  00003088          	LC5_LF0:
   97  00003088  436f756c	.ascii "Could not map the shared page to virtual address in \000"
   97  0000308c  64206e6f	
   97  00003090  74206d61	
   97  00003094  70207468	
   97  00003098  65207368	
   97  0000309c  61726564	
   97  000030a0  20706167	
   97  000030a4  6520746f	
   97  000030a8  20766972	
   97  000030ac  7475616c	
   97  000030b0  20616464	
   97  000030b4  72657373	
   97  000030b8  20696e20	
   97  000030bc  00      	
   98  000030bd          	.align 2
   99  000030c0          	LC6_LF0:
  100  000030c0  2c206578	.ascii ", exiting..\n\000"
  100  000030c4  6974696e	
  100  000030c8  672e2e0a	
  100  000030cc  00      	
  101  000030cd          	.align 2
  102  000030d0          	LC7_LF0:
  103  000030d0  42616420	.ascii "Bad sem_create in \000"
  103  000030d4  73656d5f	
  103  000030d8  63726561	
  103  000030dc  74652069	
  103  000030e0  6e2000  	
  104  000030e3          	.align 2
  105  000030e4          	LC8_LF0:
  106  000030e4  0a00    	.ascii "\n\000"
  107  000030e6          	.align 2
  108  000030e8          	LC9_LF0:
  109  000030e8  42616420	.ascii "Bad lock_create in \000"
  109  000030ec  6c6f636b	
  109  000030f0  5f637265	
  109  000030f4  61746520	
  109  000030f8  696e2000	
  110  000030fc          	.align 2
  111  000030fc          	LC10_LF0:
  112  000030fc  636f6e73	.ascii "consumer.dlx.obj\000"
  112  00003100  756d6572	
  112  00003104  2e646c78	
  112  00003108  2e6f626a	
  112  0000310c  00      	
  113  0000310d          	.align 2
  114  00003110          	LC11_LF0:
  115  00003110  70726f64	.ascii "producer.dlx.obj\000"
  115  00003114  75636572	
  115  00003118  2e646c78	
  115  0000311c  2e6f626a	
  115  00003120  00      	
  116  00003121          	.align 2
  117  00003124          	LC12_LF0:
  118  00003124  50726f63	.ascii "Process %d created\n\000"
  118  00003128  65737320	
  118  0000312c  25642063	
  118  00003130  72656174	
  118  00003134  65640a00	
  119  00003138          	.align 2
  120  00003138          	LC13_LF0:
  121  00003138  42616420	.ascii "Bad semaphore s_procs_completed (%d) in \000"
  121  0000313c  73656d61	
  121  00003140  70686f72	
  121  00003144  6520735f	
  121  00003148  70726f63	
  121  0000314c  735f636f	
  121  00003150  6d706c65	
  121  00003154  74656420	
  121  00003158  28256429	
  121  0000315c  20696e20	
  121  00003160  00      	
  122  00003161          	.align 2
  123  00003164          	LC14_LF0:
  124  00003164  416c6c20	.ascii "All other processes completed, exiting main process.\n\000"
  124  00003168  6f746865	
  124  0000316c  72207072	
  124  00003170  6f636573	
  124  00003174  73657320	
  124  00003178  636f6d70	
  124  0000317c  6c657465	
  124  00003180  642c2065	
  124  00003184  78697469	
  124  00003188  6e67206d	
  124  0000318c  61696e20	
  124  00003190  70726f63	
  124  00003194  6573732e	
  124  00003198  0a00    	
  125  0000319a          	.text
  126  000010d4          	.align 2
  127  000010d4          	.proc _main
  128  000010d4          	.global _main
  129  000010d4          	_main:
  130                      ;  Function 'main'; 80 bytes of locals, 0 regs to save.
  131  000010d4  afbefffc	sw	-4(r29),r30; push fp
  132  000010d8  001df020	add	r30,r0,r29; fp = sp
  133  000010dc  afbffff8	sw	-8(r29),r31; push ret addr
  134  000010e0  2fbd0058	subui	r29,r29,#88; alloc local storage
  135  000010e4  8fc20000	lw	r2,(r30)
  136  000010e8  8fcb0004	lw	r11,4(r30)
  137  000010ec  0c001304	jal	___main
  138  000010f0  54000000	nop; not filled.
  139  000010f4  64410002	snei	r1,r2,#2
  140  000010f8  1020004c	beqz	r1,L14_LF0
  141  000010fc  54000000	nop; not filled.
  142  00001100  23bdfff8	addi	r29,r29,#-8
  143  00001104  3c0c0000	lhi	r12,((LC0_LF0)>>16)&0xffff
  144  00001108  258c3000	addui	r12,r12,(LC0_LF0)&0xffff
  145  0000110c  afac0000	sw	(r29),r12
  146  00001110  0c0004d8	jal	_Printf
  147  00001114  54000000	nop; not filled.
  148  00001118  8d6c0000	lw	r12,(r11)
  149  0000111c  afac0000	sw	(r29),r12
  150  00001120  0c0004c8	jal	_Printf
  151  00001124  54000000	nop; not filled.
  152  00001128  3c0c0000	lhi	r12,((LC1_LF0)>>16)&0xffff
  153  0000112c  258c3008	addui	r12,r12,(LC1_LF0)&0xffff
  154  00001130  afac0000	sw	(r29),r12
  155  00001134  0c0004b4	jal	_Printf
  156  00001138  54000000	nop; not filled.
  157  0000113c  0c000560	jal	_Exit
  158  00001140  54000000	nop; not filled.
  159  00001144  23bd0008	addi	r29,r29,#8
  160  00001148          	L14_LF0:
  161  00001148  23bdfff0	addi	r29,r29,#-16
  162  0000114c  8d6c0004	lw	r12,4(r11)
  163  00001150  afac0000	sw	(r29),r12
  164  00001154  200c0000	addi	r12,r0,#0
  165  00001158  afac0004	sw	4(r29),r12
  166  0000115c  200c000a	addi	r12,r0,#10
  167  00001160  afac0008	sw	8(r29),r12
  168  00001164  0c000de4	jal	_dstrtol
  169  00001168  54000000	nop; not filled.
  170  0000116c  00014820	add	r9,r0,r1
  171  00001170  3c0c0000	lhi	r12,((LC2_LF0)>>16)&0xffff
  172  00001174  258c302c	addui	r12,r12,(LC2_LF0)&0xffff
  173  00001178  afac0000	sw	(r29),r12
  174  0000117c  afa90004	sw	4(r29),r9
  175  00001180  0c000468	jal	_Printf
  176  00001184  54000000	nop; not filled.
  177  00001188  0c000484	jal	_shmget
  178  0000118c  54000000	nop; not filled.
  179  00001190  00011820	add	r3,r0,r1
  180  00001194  23bd0010	addi	r29,r29,#16
  181  00001198  64610000	snei	r1,r3,#0
  182  0000119c  1420004c	bnez	r1,L15_LF0
  183  000011a0  54000000	nop; not filled.
  184  000011a4  23bdfff8	addi	r29,r29,#-8
  185  000011a8  3c0c0000	lhi	r12,((LC3_LF0)>>16)&0xffff
  186  000011ac  258c3044	addui	r12,r12,(LC3_LF0)&0xffff
  187  000011b0  afac0000	sw	(r29),r12
  188  000011b4  0c000434	jal	_Printf
  189  000011b8  54000000	nop; not filled.
  190  000011bc  8d6c0000	lw	r12,(r11)
  191  000011c0  afac0000	sw	(r29),r12
  192  000011c4  0c000424	jal	_Printf
  193  000011c8  54000000	nop; not filled.
  194  000011cc  3c0c0000	lhi	r12,((LC4_LF0)>>16)&0xffff
  195  000011d0  258c3078	addui	r12,r12,(LC4_LF0)&0xffff
  196  000011d4  afac0000	sw	(r29),r12
  197  000011d8  0c000410	jal	_Printf
  198  000011dc  54000000	nop; not filled.
  199  000011e0  0c0004bc	jal	_Exit
  200  000011e4  54000000	nop; not filled.
  201  000011e8  23bd0008	addi	r29,r29,#8
  202  000011ec          	L15_LF0:
  203  000011ec  23bdfff8	addi	r29,r29,#-8
  204  000011f0  afa30000	sw	(r29),r3
  205  000011f4  0c000424	jal	_shmat
  206  000011f8  54000000	nop; not filled.
  207  000011fc  00011020	add	r2,r0,r1
  208  00001200  23bd0008	addi	r29,r29,#8
  209  00001204  64410000	snei	r1,r2,#0
  210  00001208  1420004c	bnez	r1,L16_LF0
  211  0000120c  54000000	nop; not filled.
  212  00001210  23bdfff8	addi	r29,r29,#-8
  213  00001214  3c0c0000	lhi	r12,((LC5_LF0)>>16)&0xffff
  214  00001218  258c3088	addui	r12,r12,(LC5_LF0)&0xffff
  215  0000121c  afac0000	sw	(r29),r12
  216  00001220  0c0003c8	jal	_Printf
  217  00001224  54000000	nop; not filled.
  218  00001228  8d6c0000	lw	r12,(r11)
  219  0000122c  afac0000	sw	(r29),r12
  220  00001230  0c0003b8	jal	_Printf
  221  00001234  54000000	nop; not filled.
  222  00001238  3c0c0000	lhi	r12,((LC6_LF0)>>16)&0xffff
  223  0000123c  258c30c0	addui	r12,r12,(LC6_LF0)&0xffff
  224  00001240  afac0000	sw	(r29),r12
  225  00001244  0c0003a4	jal	_Printf
  226  00001248  54000000	nop; not filled.
  227  0000124c  0c000450	jal	_Exit
  228  00001250  54000000	nop; not filled.
  229  00001254  23bd0008	addi	r29,r29,#8
  230  00001258          	L16_LF0:
  231  00001258  200c0000	addi	r12,r0,#0
  232  0000125c  ac4c0000	sw	(r2),r12
  233  00001260  ac4c0004	sw	4(r2),r12
  234  00001264  23bdfff8	addi	r29,r29,#-8
  235  00001268  51220001	slli	r2,r9,#0x1
  236  0000126c  20010001	addi	r1,r0,#1
  237  00001270  00220822	sub	r1,r1,r2
  238  00001274  afa10000	sw	(r29),r1
  239  00001278  0c0003ac	jal	_sem_create
  240  0000127c  54000000	nop; not filled.
  241  00001280  00014020	add	r8,r0,r1
  242  00001284  23bd0008	addi	r29,r29,#8
  243  00001288  6101ffff	seqi	r1,r8,#-1
  244  0000128c  1020004c	beqz	r1,L17_LF0
  245  00001290  54000000	nop; not filled.
  246  00001294  23bdfff8	addi	r29,r29,#-8
  247  00001298  3c0c0000	lhi	r12,((LC7_LF0)>>16)&0xffff
  248  0000129c  258c30d0	addui	r12,r12,(LC7_LF0)&0xffff
  249  000012a0  afac0000	sw	(r29),r12
  250  000012a4  0c000344	jal	_Printf
  251  000012a8  54000000	nop; not filled.
  252  000012ac  8d6c0000	lw	r12,(r11)
  253  000012b0  afac0000	sw	(r29),r12
  254  000012b4  0c000334	jal	_Printf
  255  000012b8  54000000	nop; not filled.
  256  000012bc  3c0c0000	lhi	r12,((LC8_LF0)>>16)&0xffff
  257  000012c0  258c30e4	addui	r12,r12,(LC8_LF0)&0xffff
  258  000012c4  afac0000	sw	(r29),r12
  259  000012c8  0c000320	jal	_Printf
  260  000012cc  54000000	nop; not filled.
  261  000012d0  0c0003cc	jal	_Exit
  262  000012d4  54000000	nop; not filled.
  263  000012d8  23bd0008	addi	r29,r29,#8
  264  000012dc          	L17_LF0:
  265  000012dc  23bdfff8	addi	r29,r29,#-8
  266  000012e0  200c0006	addi	r12,r0,#6
  267  000012e4  afac0000	sw	(r29),r12
  268  000012e8  0c00033c	jal	_sem_create
  269  000012ec  54000000	nop; not filled.
  270  000012f0  00012020	add	r4,r0,r1
  271  000012f4  23bd0008	addi	r29,r29,#8
  272  000012f8  6081ffff	seqi	r1,r4,#-1
  273  000012fc  1020004c	beqz	r1,L18_LF0
  274  00001300  54000000	nop; not filled.
  275  00001304  23bdfff8	addi	r29,r29,#-8
  276  00001308  3c0c0000	lhi	r12,((LC7_LF0)>>16)&0xffff
  277  0000130c  258c30d0	addui	r12,r12,(LC7_LF0)&0xffff
  278  00001310  afac0000	sw	(r29),r12
  279  00001314  0c0002d4	jal	_Printf
  280  00001318  54000000	nop; not filled.
  281  0000131c  8d6c0000	lw	r12,(r11)
  282  00001320  afac0000	sw	(r29),r12
  283  00001324  0c0002c4	jal	_Printf
  284  00001328  54000000	nop; not filled.
  285  0000132c  3c0c0000	lhi	r12,((LC8_LF0)>>16)&0xffff
  286  00001330  258c30e4	addui	r12,r12,(LC8_LF0)&0xffff
  287  00001334  afac0000	sw	(r29),r12
  288  00001338  0c0002b0	jal	_Printf
  289  0000133c  54000000	nop; not filled.
  290  00001340  0c00035c	jal	_Exit
  291  00001344  54000000	nop; not filled.
  292  00001348  23bd0008	addi	r29,r29,#8
  293  0000134c          	L18_LF0:
  294  0000134c  23bdfff8	addi	r29,r29,#-8
  295  00001350  200c0000	addi	r12,r0,#0
  296  00001354  afac0000	sw	(r29),r12
  297  00001358  0c0002cc	jal	_sem_create
  298  0000135c  54000000	nop; not filled.
  299  00001360  00015020	add	r10,r0,r1
  300  00001364  23bd0008	addi	r29,r29,#8
  301  00001368  6141ffff	seqi	r1,r10,#-1
  302  0000136c  1020004c	beqz	r1,L19_LF0
  303  00001370  54000000	nop; not filled.
  304  00001374  23bdfff8	addi	r29,r29,#-8
  305  00001378  3c0c0000	lhi	r12,((LC7_LF0)>>16)&0xffff
  306  0000137c  258c30d0	addui	r12,r12,(LC7_LF0)&0xffff
  307  00001380  afac0000	sw	(r29),r12
  308  00001384  0c000264	jal	_Printf
  309  00001388  54000000	nop; not filled.
  310  0000138c  8d6c0000	lw	r12,(r11)
  311  00001390  afac0000	sw	(r29),r12
  312  00001394  0c000254	jal	_Printf
  313  00001398  54000000	nop; not filled.
  314  0000139c  3c0c0000	lhi	r12,((LC8_LF0)>>16)&0xffff
  315  000013a0  258c30e4	addui	r12,r12,(LC8_LF0)&0xffff
  316  000013a4  afac0000	sw	(r29),r12
  317  000013a8  0c000240	jal	_Printf
  318  000013ac  54000000	nop; not filled.
  319  000013b0  0c0002ec	jal	_Exit
  320  000013b4  54000000	nop; not filled.
  321  000013b8  23bd0008	addi	r29,r29,#8
  322  000013bc          	L19_LF0:
  323  000013bc  0c00028c	jal	_lock_create
  324  000013c0  54000000	nop; not filled.
  325  000013c4  00011020	add	r2,r0,r1
  326  000013c8  6041ffff	seqi	r1,r2,#-1
  327  000013cc  10200028	beqz	r1,L20_LF0
  328  000013d0  54000000	nop; not filled.
  329  000013d4  23bdfff8	addi	r29,r29,#-8
  330  000013d8  3c0c0000	lhi	r12,((LC9_LF0)>>16)&0xffff
  331  000013dc  258c30e8	addui	r12,r12,(LC9_LF0)&0xffff
  332  000013e0  afac0000	sw	(r29),r12
  333  000013e4  0c000204	jal	_Printf
  334  000013e8  54000000	nop; not filled.
  335  000013ec  0c0002b0	jal	_Exit
  336  000013f0  54000000	nop; not filled.
  337  000013f4  23bd0008	addi	r29,r29,#8
  338  000013f8          	L20_LF0:
  339  000013f8  23bdfff8	addi	r29,r29,#-8
  340  000013fc  afa30000	sw	(r29),r3
  341  00001400  23c7ffe8	addi	r7,r30,#-24
  342  00001404  afa70004	sw	4(r29),r7
  343  00001408  0c0009b4	jal	_ditoa
  344  0000140c  54000000	nop; not filled.
  345  00001410  afa80000	sw	(r29),r8
  346  00001414  23c6ffd8	addi	r6,r30,#-40
  347  00001418  afa60004	sw	4(r29),r6
  348  0000141c  0c0009a0	jal	_ditoa
  349  00001420  54000000	nop; not filled.
  350  00001424  afa20000	sw	(r29),r2
  351  00001428  23c5ffc8	addi	r5,r30,#-56
  352  0000142c  afa50004	sw	4(r29),r5
  353  00001430  0c00098c	jal	_ditoa
  354  00001434  54000000	nop; not filled.
  355  00001438  afa40000	sw	(r29),r4
  356  0000143c  23c4ffa8	addi	r4,r30,#-88
  357  00001440  afa40004	sw	4(r29),r4
  358  00001444  0c000978	jal	_ditoa
  359  00001448  54000000	nop; not filled.
  360  0000144c  afaa0000	sw	(r29),r10
  361  00001450  23c3ffb8	addi	r3,r30,#-72
  362  00001454  afa30004	sw	4(r29),r3
  363  00001458  0c000964	jal	_ditoa
  364  0000145c  54000000	nop; not filled.
  365  00001460  20020000	addi	r2,r0,#0
  366  00001464  23bd0008	addi	r29,r29,#8
  367  00001468  0049082a	slt	r1,r2,r9
  368  0000146c  102000a4	beqz	r1,L22_LF0
  369  00001470  54000000	nop; not filled.
  370  00001474          	L24_LF0:
  371  00001474  23bdffe0	addi	r29,r29,#-32
  372  00001478  3c0c0000	lhi	r12,((LC10_LF0)>>16)&0xffff
  373  0000147c  258c30fc	addui	r12,r12,(LC10_LF0)&0xffff
  374  00001480  afac0000	sw	(r29),r12
  375  00001484  afa70004	sw	4(r29),r7
  376  00001488  afa60008	sw	8(r29),r6
  377  0000148c  afa5000c	sw	12(r29),r5
  378  00001490  afa40010	sw	16(r29),r4
  379  00001494  afa30014	sw	20(r29),r3
  380  00001498  200c0000	addi	r12,r0,#0
  381  0000149c  afac0018	sw	24(r29),r12
  382  000014a0  0c000160	jal	_process_create
  383  000014a4  54000000	nop; not filled.
  384  000014a8  23bd0020	addi	r29,r29,#32
  385  000014ac  23bdffe0	addi	r29,r29,#-32
  386  000014b0  3c0c0000	lhi	r12,((LC11_LF0)>>16)&0xffff
  387  000014b4  258c3110	addui	r12,r12,(LC11_LF0)&0xffff
  388  000014b8  afac0000	sw	(r29),r12
  389  000014bc  afa70004	sw	4(r29),r7
  390  000014c0  afa60008	sw	8(r29),r6
  391  000014c4  afa5000c	sw	12(r29),r5
  392  000014c8  afa40010	sw	16(r29),r4
  393  000014cc  afa30014	sw	20(r29),r3
  394  000014d0  200c0000	addi	r12,r0,#0
  395  000014d4  afac0018	sw	24(r29),r12
  396  000014d8  0c000128	jal	_process_create
  397  000014dc  54000000	nop; not filled.
  398  000014e0  23bd0020	addi	r29,r29,#32
  399  000014e4  23bdfff8	addi	r29,r29,#-8
  400  000014e8  3c0c0000	lhi	r12,((LC12_LF0)>>16)&0xffff
  401  000014ec  258c3124	addui	r12,r12,(LC12_LF0)&0xffff
  402  000014f0  afac0000	sw	(r29),r12
  403  000014f4  afa20004	sw	4(r29),r2
  404  000014f8  0c0000f0	jal	_Printf
  405  000014fc  54000000	nop; not filled.
  406  00001500  23bd0008	addi	r29,r29,#8
  407  00001504  20420001	addi	r2,r2,#1
  408  00001508  0049082a	slt	r1,r2,r9
  409  0000150c  1420ff64	bnez	r1,L24_LF0
  410  00001510  54000000	nop; not filled.
  411  00001514          	L22_LF0:
  412  00001514  23bdfff8	addi	r29,r29,#-8
  413  00001518  afa80000	sw	(r29),r8
  414  0000151c  0c000114	jal	_sem_wait
  415  00001520  54000000	nop; not filled.
  416  00001524  23bd0008	addi	r29,r29,#8
  417  00001528  64210001	snei	r1,r1,#1
  418  0000152c  10200050	beqz	r1,L26_LF0
  419  00001530  54000000	nop; not filled.
  420  00001534  23bdfff8	addi	r29,r29,#-8
  421  00001538  3c0c0000	lhi	r12,((LC13_LF0)>>16)&0xffff
  422  0000153c  258c3138	addui	r12,r12,(LC13_LF0)&0xffff
  423  00001540  afac0000	sw	(r29),r12
  424  00001544  afa80004	sw	4(r29),r8
  425  00001548  0c0000a0	jal	_Printf
  426  0000154c  54000000	nop; not filled.
  427  00001550  8d6b0000	lw	r11,(r11)
  428  00001554  afab0000	sw	(r29),r11
  429  00001558  0c000090	jal	_Printf
  430  0000155c  54000000	nop; not filled.
  431  00001560  3c0c0000	lhi	r12,((LC8_LF0)>>16)&0xffff
  432  00001564  258c30e4	addui	r12,r12,(LC8_LF0)&0xffff
  433  00001568  afac0000	sw	(r29),r12
  434  0000156c  0c00007c	jal	_Printf
  435  00001570  54000000	nop; not filled.
  436  00001574  0c000128	jal	_Exit
  437  00001578  54000000	nop; not filled.
  438  0000157c  23bd0008	addi	r29,r29,#8
  439  00001580          	L26_LF0:
  440  00001580  23bdfff8	addi	r29,r29,#-8
  441  00001584  3c0c0000	lhi	r12,((LC14_LF0)>>16)&0xffff
  442  00001588  258c3164	addui	r12,r12,(LC14_LF0)&0xffff
  443  0000158c  afac0000	sw	(r29),r12
  444  00001590  0c000058	jal	_Printf
  445  00001594  54000000	nop; not filled.
  446  00001598  23bd0008	addi	r29,r29,#8
  447  0000159c  0c000e48	jal	_exit
  448  000015a0  54000000	nop
  449  000015a4          	.endproc _main
  450                      ;;;
  451                      ;;; Stub functions for DLX traps.
  452                      ;;;
  453                      ;;; Ethan L. Miller, 1999.  Released to the public domain.
  454                      ;;;
  455                      ;;; The traps such as Open and Close
  456                      ;;; (note the capital letters) are for use by user programs.  The traps
  457                      ;;; with names such as open and close (lower case) are for use by the OS.
  458                      ;;;
  461  000015a4          	.align 2
  463                      ;;; The following are the traps to be used by user-level programs
  464                      ;;;
  466  000015a4          	.align 2
  467  000015a4          	.proc _Open
  468  000015a4          	.global _Open
  469  000015a4          	_Open:
  470                      ;;; Note that trap #0x213 actually causes a trap vector in the OS of
  471                      ;;; 0x1213.  The same is true for other user traps.  Thus, a user trap
  472                      ;;; with trap #0x240 will result in a trap vector of 0x1240 in the OS.
  473  000015a4  44000213	trap	#0x213
  474  000015a8  4be00000	jr	r31
  475  000015ac  54000000	nop
  476  000015b0          	.endproc _Open
  478  000015b0          	.proc _Close
  479  000015b0          	.global _Close
  480  000015b0          	_Close:
  481  000015b0  44000214	trap	#0x214
  482  000015b4  4be00000	jr	r31
  483  000015b8  54000000	nop
  484  000015bc          	.endproc _Close
  486  000015bc          	.proc _Read
  487  000015bc          	.global _Read
  488  000015bc          	_Read:
  489  000015bc  44000210	trap	#0x210
  490  000015c0  4be00000	jr	r31
  491  000015c4  54000000	nop
  492  000015c8          	.endproc _Read
  494  000015c8          	.proc _Write
  495  000015c8          	.global _Write
  496  000015c8          	_Write:
  497  000015c8  44000211	trap	#0x211
  498  000015cc  4be00000	jr	r31
  499  000015d0  54000000	nop
  500  000015d4          	.endproc _Write
  502  000015d4          	.proc _Lseek
  503  000015d4          	.global _Lseek
  504  000015d4          	_Lseek:
  505  000015d4  44000212	trap	#0x212
  506  000015d8  4be00000	jr	r31
  507  000015dc  54000000	nop
  508  000015e0          	.endproc _Lseek
  510  000015e0          	.proc _Putchar
  511  000015e0          	.global _Putchar
  512  000015e0          	_Putchar:
  513  000015e0  44000280	trap	#0x280
  514  000015e4  4be00000	jr	r31
  515  000015e8  54000000	nop
  516  000015ec          	.endproc _Putchar
  518  000015ec          	.proc _Printf
  519  000015ec          	.global _Printf
  520  000015ec          	_Printf:
  521  000015ec  44000201	trap	#0x201
  522  000015f0  4be00000	jr	r31
  523  000015f4  54000000	nop
  524  000015f8          	.endproc _Printf
  526  000015f8          	.proc _getpid
  527  000015f8          	.global _getpid
  528  000015f8          	_getpid:
  529  000015f8  44000431	trap	#0x431
  530  000015fc  4be00000	jr	r31
  531  00001600  54000000	nop
  532  00001604          	.endproc _getpid
  534  00001604          	.proc _process_create
  535  00001604          	.global _process_create
  536  00001604          	_process_create:
  537  00001604  44000432	trap	#0x432
  538  00001608  4be00000	jr	r31
  539  0000160c  54000000	nop
  540  00001610          	.endproc _process_create
  542  00001610          	.proc _shmget
  543  00001610          	.global _shmget
  544  00001610          	_shmget:
  545  00001610  44000440	trap	#0x440
  546  00001614  4be00000	jr	r31
  547  00001618  54000000	nop
  548  0000161c          	.endproc _shmget
  550  0000161c          	.proc _shmat
  551  0000161c          	.global _shmat
  552  0000161c          	_shmat:
  553  0000161c  44000441	trap	#0x441
  554  00001620  4be00000	jr	r31
  555  00001624  54000000	nop
  556  00001628          	.endproc _shmat
  558  00001628          	.proc _sem_create
  559  00001628          	.global _sem_create
  560  00001628          	_sem_create:
  561  00001628  44000450	trap	#0x450
  562  0000162c  4be00000	jr	r31
  563  00001630  54000000	nop
  564  00001634          	.endproc _sem_create
  566  00001634          	.proc _sem_wait
  567  00001634          	.global _sem_wait
  568  00001634          	_sem_wait:
  569  00001634  44000451	trap	#0x451
  570  00001638  4be00000	jr	r31
  571  0000163c  54000000	nop
  572  00001640          	.endproc _sem_wait
  574  00001640          	.proc _sem_signal
  575  00001640          	.global _sem_signal
  576  00001640          	_sem_signal:
  577  00001640  44000452	trap	#0x452
  578  00001644  4be00000	jr	r31
  579  00001648  54000000	nop
  580  0000164c          	.endproc _sem_signal
  582  0000164c          	.proc _lock_create
  583  0000164c          	.global _lock_create
  584  0000164c          	_lock_create:
  585  0000164c  44000453	trap	#0x453
  586  00001650  4be00000	jr	r31
  587  00001654  54000000	nop
  588  00001658          	.endproc _lock_create
  590  00001658          	.proc _lock_acquire
  591  00001658          	.global _lock_acquire
  592  00001658          	_lock_acquire:
  593  00001658  44000454	trap	#0x454
  594  0000165c  4be00000	jr	r31
  595  00001660  54000000	nop
  596  00001664          	.endproc _lock_acquire
  598  00001664          	.proc _lock_release
  599  00001664          	.global _lock_release
  600  00001664          	_lock_release:
  601  00001664  44000455	trap	#0x455
  602  00001668  4be00000	jr	r31
  603  0000166c  54000000	nop
  604  00001670          	.endproc _lock_release
  606  00001670          	.proc _cond_create
  607  00001670          	.global _cond_create
  608  00001670          	_cond_create:
  609  00001670  44000456	trap	#0x456
  610  00001674  4be00000	jr	r31
  611  00001678  54000000	nop
  612  0000167c          	.endproc _cond_create
  614  0000167c          	.proc _cond_wait
  615  0000167c          	.global _cond_wait
  616  0000167c          	_cond_wait:
  617  0000167c  44000457	trap	#0x457
  618  00001680  4be00000	jr	r31
  619  00001684  54000000	nop
  620  00001688          	.endproc _cond_wait
  622  00001688          	.proc _cond_signal
  623  00001688          	.global _cond_signal
  624  00001688          	_cond_signal:
  625  00001688  44000458	trap	#0x458
  626  0000168c  4be00000	jr	r31
  627  00001690  54000000	nop
  628  00001694          	.endproc _cond_signal
  630  00001694          	.proc _cond_broadcast
  631  00001694          	.global _cond_broadcast
  632  00001694          	_cond_broadcast:
  633  00001694  44000455	trap	#0x455
  634  00001698  4be00000	jr	r31
  635  0000169c  54000000	nop
  636  000016a0          	.endproc _cond_broadcast
  638  000016a0          	.proc _Exit
  639  000016a0          	.global _Exit
  640  000016a0          	_Exit:
  641  000016a0  44000500	trap	#0x500
  642  000016a4  4be00000	jr	r31
  643  000016a8  54000000	nop
  644  000016ac          	.endproc _Exit
  645                      ; Compiled by GCC
  647  000016ac          	.align 2
  648  000016ac          	.proc _isspace
  649  000016ac          	.global _isspace
  650  000016ac          	_isspace:
  651                      ;  Function 'isspace'; 0 bytes of locals, 3 regs to save.
  652  000016ac  afbefffc	sw	-4(r29),r30; push fp
  653  000016b0  001df020	add	r30,r0,r29; fp = sp
  654  000016b4  afbffff8	sw	-8(r29),r31; push ret addr
  655  000016b8  2fbd0018	subui	r29,r29,#24; alloc local storage
  656  000016bc  afa20000	sw	0(r29),r2
  657  000016c0  afa30004	sw	4(r29),r3
  658  000016c4  afa40008	sw	8(r29),r4
  659  000016c8  83c20003	lb	r2,3(r30)
  660  000016cc  20010000	addi	r1,r0,#0
  661  000016d0  304300ff	andi	r3,r2,#0x00ff
  662  000016d4  60640020	seqi	r4,r3,#32
  663  000016d8  1480002c	bnez	r4,L3_LF2
  664  000016dc  54000000	nop; delay slot nop
  665  000016e0  304300ff	andi	r3,r2,#0x00ff
  666  000016e4  60640009	seqi	r4,r3,#9
  667  000016e8  1480001c	bnez	r4,L3_LF2
  668  000016ec  54000000	nop; delay slot nop
  669  000016f0  304300ff	andi	r3,r2,#0x00ff
  670  000016f4  6064000a	seqi	r4,r3,#10
  671  000016f8  1480000c	bnez	r4,L3_LF2
  672  000016fc  54000000	nop; delay slot nop
  673  00001700  08000008	j	L2_LF2
  674  00001704  54000000	nop; delay slot nop
  675  00001708          	L3_LF2:
  676  00001708  20010001	addi	r1,r0,#1
  677  0000170c          	L2_LF2:
  678  0000170c  08000004	j	L1_LF2
  679  00001710  54000000	nop; delay slot nop
  680  00001714          	L1_LF2:
  681  00001714  8fa20000	lw	r2,0(r29)
  682  00001718  8fa30004	lw	r3,4(r29)
  683  0000171c  8fa40008	lw	r4,8(r29)
  684  00001720  8fdffff8	lw	r31,-8(r30)
  685  00001724  001ee820	add	r29,r0,r30
  686  00001728  8fdefffc	lw	r30,-4(r30)
  687  0000172c  4be00000	jr	r31
  688  00001730  54000000	nop
  689  00001734          	.endproc _isspace
  690  00001734          	.align 2
  691  00001734          	.proc _isxdigit
  692  00001734          	.global _isxdigit
  693  00001734          	_isxdigit:
  694                      ;  Function 'isxdigit'; 0 bytes of locals, 3 regs to save.
  695  00001734  afbefffc	sw	-4(r29),r30; push fp
  696  00001738  001df020	add	r30,r0,r29; fp = sp
  697  0000173c  afbffff8	sw	-8(r29),r31; push ret addr
  698  00001740  2fbd0018	subui	r29,r29,#24; alloc local storage
  699  00001744  afa20000	sw	0(r29),r2
  700  00001748  afa30004	sw	4(r29),r3
  701  0000174c  afa40008	sw	8(r29),r4
  702  00001750  83c20003	lb	r2,3(r30)
  703  00001754  20010000	addi	r1,r0,#0
  704  00001758  304300ff	andi	r3,r2,#0x00ff
  705  0000175c  6c64002f	sgtui	r4,r3,#47
  706  00001760  1080001c	beqz	r4,L7_LF2
  707  00001764  54000000	nop; delay slot nop
  708  00001768  304300ff	andi	r3,r2,#0x00ff
  709  0000176c  70640039	sleui	r4,r3,#57
  710  00001770  1480005c	bnez	r4,L6_LF2
  711  00001774  54000000	nop; delay slot nop
  712  00001778  08000004	j	L7_LF2
  713  0000177c  54000000	nop; delay slot nop
  714  00001780          	L7_LF2:
  715  00001780  304300ff	andi	r3,r2,#0x00ff
  716  00001784  6c640060	sgtui	r4,r3,#96
  717  00001788  1080001c	beqz	r4,L8_LF2
  718  0000178c  54000000	nop; delay slot nop
  719  00001790  304300ff	andi	r3,r2,#0x00ff
  720  00001794  70640066	sleui	r4,r3,#102
  721  00001798  14800034	bnez	r4,L6_LF2
  722  0000179c  54000000	nop; delay slot nop
  723  000017a0  08000004	j	L8_LF2
  724  000017a4  54000000	nop; delay slot nop
  725  000017a8          	L8_LF2:
  726  000017a8  304300ff	andi	r3,r2,#0x00ff
  727  000017ac  6c640040	sgtui	r4,r3,#64
  728  000017b0  10800020	beqz	r4,L5_LF2
  729  000017b4  54000000	nop; delay slot nop
  730  000017b8  304300ff	andi	r3,r2,#0x00ff
  731  000017bc  70640041	sleui	r4,r3,#65
  732  000017c0  1480000c	bnez	r4,L6_LF2
  733  000017c4  54000000	nop; delay slot nop
  734  000017c8  08000008	j	L5_LF2
  735  000017cc  54000000	nop; delay slot nop
  736  000017d0          	L6_LF2:
  737  000017d0  20010001	addi	r1,r0,#1
  738  000017d4          	L5_LF2:
  739  000017d4  08000004	j	L4_LF2
  740  000017d8  54000000	nop; delay slot nop
  741  000017dc          	L4_LF2:
  742  000017dc  8fa20000	lw	r2,0(r29)
  743  000017e0  8fa30004	lw	r3,4(r29)
  744  000017e4  8fa40008	lw	r4,8(r29)
  745  000017e8  8fdffff8	lw	r31,-8(r30)
  746  000017ec  001ee820	add	r29,r0,r30
  747  000017f0  8fdefffc	lw	r30,-4(r30)
  748  000017f4  4be00000	jr	r31
  749  000017f8  54000000	nop
  750  000017fc          	.endproc _isxdigit
  751  000017fc          	.align 2
  752  000017fc          	.proc _dstrcpy
  753  000017fc          	.global _dstrcpy
  754  000017fc          	_dstrcpy:
  755                      ;  Function 'dstrcpy'; 8 bytes of locals, 2 regs to save.
  756  000017fc  afbefffc	sw	-4(r29),r30; push fp
  757  00001800  001df020	add	r30,r0,r29; fp = sp
  758  00001804  afbffff8	sw	-8(r29),r31; push ret addr
  759  00001808  2fbd0018	subui	r29,r29,#24; alloc local storage
  760  0000180c  afa20000	sw	0(r29),r2
  761  00001810  afa30004	sw	4(r29),r3
  762  00001814  8fc10000	lw	r1,(r30)
  763  00001818  afc1fff4	sw	-12(r30),r1
  764  0000181c          	L10_LF2:
  765  0000181c  8fc10000	lw	r1,(r30)
  766  00001820  20220001	addi	r2,r1,#1
  767  00001824  afc20000	sw	(r30),r2
  768  00001828  8fc20004	lw	r2,4(r30)
  769  0000182c  20430001	addi	r3,r2,#1
  770  00001830  afc30004	sw	4(r30),r3
  771  00001834  80420000	lb	r2,(r2)
  772  00001838  a0220000	sb	(r1),r2
  773  0000183c  a3c2fff3	sb	-13(r30),r2
  774  00001840          	L12_LF2:
  775  00001840  93c1fff3	lbu	r1,-13(r30)
  776  00001844  64220000	snei	r2,r1,#0
  777  00001848  1440000c	bnez	r2,L13_LF2
  778  0000184c  54000000	nop; delay slot nop
  779  00001850  0800000c	j	L11_LF2
  780  00001854  54000000	nop; delay slot nop
  781  00001858          	L13_LF2:
  782  00001858  0bffffc0	j	L10_LF2
  783  0000185c  54000000	nop; delay slot nop
  784  00001860          	L11_LF2:
  785  00001860  8fc1fff4	lw	r1,-12(r30)
  786  00001864  08000004	j	L9_LF2
  787  00001868  54000000	nop; delay slot nop
  788  0000186c          	L9_LF2:
  789  0000186c  8fa20000	lw	r2,0(r29)
  790  00001870  8fa30004	lw	r3,4(r29)
  791  00001874  8fdffff8	lw	r31,-8(r30)
  792  00001878  001ee820	add	r29,r0,r30
  793  0000187c  8fdefffc	lw	r30,-4(r30)
  794  00001880  4be00000	jr	r31
  795  00001884  54000000	nop
  796  00001888          	.endproc _dstrcpy
  797  00001888          	.align 2
  798  00001888          	.proc _dstrncpy
  799  00001888          	.global _dstrncpy
  800  00001888          	_dstrncpy:
  801                      ;  Function 'dstrncpy'; 8 bytes of locals, 2 regs to save.
  802  00001888  afbefffc	sw	-4(r29),r30; push fp
  803  0000188c  001df020	add	r30,r0,r29; fp = sp
  804  00001890  afbffff8	sw	-8(r29),r31; push ret addr
  805  00001894  2fbd0018	subui	r29,r29,#24; alloc local storage
  806  00001898  afa20000	sw	0(r29),r2
  807  0000189c  afa30004	sw	4(r29),r3
  808  000018a0  8fc10000	lw	r1,(r30)
  809  000018a4  afc1fff4	sw	-12(r30),r1
  810  000018a8          	L15_LF2:
  811  000018a8  8fc10008	lw	r1,8(r30)
  812  000018ac  2022ffff	addi	r2,r1,#-1
  813  000018b0  afc20008	sw	8(r30),r2
  814  000018b4  70210000	slei	r1,r1,#0
  815  000018b8  1020000c	beqz	r1,L18_LF2
  816  000018bc  54000000	nop; delay slot nop
  817  000018c0  08000048	j	L16_LF2
  818  000018c4  54000000	nop; delay slot nop
  819  000018c8          	L18_LF2:
  820  000018c8  8fc10000	lw	r1,(r30)
  821  000018cc  20220001	addi	r2,r1,#1
  822  000018d0  afc20000	sw	(r30),r2
  823  000018d4  8fc20004	lw	r2,4(r30)
  824  000018d8  20430001	addi	r3,r2,#1
  825  000018dc  afc30004	sw	4(r30),r3
  826  000018e0  80420000	lb	r2,(r2)
  827  000018e4  a0220000	sb	(r1),r2
  828  000018e8  a3c2fff3	sb	-13(r30),r2
  829  000018ec          	L17_LF2:
  830  000018ec  93c1fff3	lbu	r1,-13(r30)
  831  000018f0  64220000	snei	r2,r1,#0
  832  000018f4  1440000c	bnez	r2,L19_LF2
  833  000018f8  54000000	nop; delay slot nop
  834  000018fc  0800000c	j	L16_LF2
  835  00001900  54000000	nop; delay slot nop
  836  00001904          	L19_LF2:
  837  00001904  0bffffa0	j	L15_LF2
  838  00001908  54000000	nop; delay slot nop
  839  0000190c          	L16_LF2:
  840  0000190c  8fc1fff4	lw	r1,-12(r30)
  841  00001910  08000004	j	L14_LF2
  842  00001914  54000000	nop; delay slot nop
  843  00001918          	L14_LF2:
  844  00001918  8fa20000	lw	r2,0(r29)
  845  0000191c  8fa30004	lw	r3,4(r29)
  846  00001920  8fdffff8	lw	r31,-8(r30)
  847  00001924  001ee820	add	r29,r0,r30
  848  00001928  8fdefffc	lw	r30,-4(r30)
  849  0000192c  4be00000	jr	r31
  850  00001930  54000000	nop
  851  00001934          	.endproc _dstrncpy
  852  00001934          	.align 2
  853  00001934          	.proc _dstrcat
  854  00001934          	.global _dstrcat
  855  00001934          	_dstrcat:
  856                      ;  Function 'dstrcat'; 8 bytes of locals, 1 regs to save.
  857  00001934  afbefffc	sw	-4(r29),r30; push fp
  858  00001938  001df020	add	r30,r0,r29; fp = sp
  859  0000193c  afbffff8	sw	-8(r29),r31; push ret addr
  860  00001940  2fbd0018	subui	r29,r29,#24; alloc local storage
  861  00001944  afa20000	sw	0(r29),r2
  862  00001948  8fc10000	lw	r1,(r30)
  863  0000194c  afc1fff4	sw	-12(r30),r1
  864  00001950          	L21_LF2:
  865  00001950  8fc10000	lw	r1,(r30)
  866  00001954  90220000	lbu	r2,(r1)
  867  00001958  64410000	snei	r1,r2,#0
  868  0000195c  1420000c	bnez	r1,L23_LF2
  869  00001960  54000000	nop; delay slot nop
  870  00001964  0800001c	j	L22_LF2
  871  00001968  54000000	nop; delay slot nop
  872  0000196c          	L23_LF2:
  873  0000196c  8fc20000	lw	r2,(r30)
  874  00001970  20410001	addi	r1,r2,#1
  875  00001974  00011020	add	r2,r0,r1
  876  00001978  afc20000	sw	(r30),r2
  877  0000197c  0bffffd0	j	L21_LF2
  878  00001980  54000000	nop; delay slot nop
  879  00001984          	L22_LF2:
  880  00001984  23bdfff8	addi	r29,r29,#-8
  881  00001988  001d0820	add	r1,r0,r29
  882  0000198c  8fc20000	lw	r2,(r30)
  883  00001990  ac220000	sw	(r1),r2
  884  00001994  8fc20004	lw	r2,4(r30)
  885  00001998  ac220004	sw	4(r1),r2
  886  0000199c  0ffffe5c	jal	_dstrcpy
  887  000019a0  54000000	nop; delay slot nop
  888  000019a4  23bd0008	addi	r29,r29,#8
  889  000019a8  8fc1fff4	lw	r1,-12(r30)
  890  000019ac  08000004	j	L20_LF2
  891  000019b0  54000000	nop; delay slot nop
  892  000019b4          	L20_LF2:
  893  000019b4  8fa20000	lw	r2,0(r29)
  894  000019b8  8fdffff8	lw	r31,-8(r30)
  895  000019bc  001ee820	add	r29,r0,r30
  896  000019c0  8fdefffc	lw	r30,-4(r30)
  897  000019c4  4be00000	jr	r31
  898  000019c8  54000000	nop
  899  000019cc          	.endproc _dstrcat
  900  000019cc          	.align 2
  901  000019cc          	.proc _dstrncmp
  902  000019cc          	.global _dstrncmp
  903  000019cc          	_dstrncmp:
  904                      ;  Function 'dstrncmp'; 8 bytes of locals, 2 regs to save.
  905  000019cc  afbefffc	sw	-4(r29),r30; push fp
  906  000019d0  001df020	add	r30,r0,r29; fp = sp
  907  000019d4  afbffff8	sw	-8(r29),r31; push ret addr
  908  000019d8  2fbd0018	subui	r29,r29,#24; alloc local storage
  909  000019dc  afa20000	sw	0(r29),r2
  910  000019e0  afa30004	sw	4(r29),r3
  911  000019e4  54000000	nop
  912  000019e8  20010000	addi	r1,r0,#0
  913  000019ec  afc1fff4	sw	-12(r30),r1
  914  000019f0          	L25_LF2:
  915  000019f0  8fc1fff4	lw	r1,-12(r30)
  916  000019f4  8fc20008	lw	r2,8(r30)
  917  000019f8  0022082a	slt	r1,r1,r2
  918  000019fc  1420000c	bnez	r1,L28_LF2
  919  00001a00  54000000	nop; delay slot nop
  920  00001a04  08000088	j	L26_LF2
  921  00001a08  54000000	nop; delay slot nop
  922  00001a0c          	L28_LF2:
  923  00001a0c  8fc10004	lw	r1,4(r30)
  924  00001a10  90220000	lbu	r2,(r1)
  925  00001a14  64410000	snei	r1,r2,#0
  926  00001a18  14200018	bnez	r1,L29_LF2
  927  00001a1c  54000000	nop; delay slot nop
  928  00001a20  20010000	addi	r1,r0,#0
  929  00001a24  080000d8	j	L24_LF2
  930  00001a28  54000000	nop; delay slot nop
  931  00001a2c  08000028	j	L30_LF2
  932  00001a30  54000000	nop; delay slot nop
  933  00001a34          	L29_LF2:
  934  00001a34  8fc10000	lw	r1,(r30)
  935  00001a38  8fc20004	lw	r2,4(r30)
  936  00001a3c  90210000	lbu	r1,(r1)
  937  00001a40  90420000	lbu	r2,(r2)
  938  00001a44  00220829	sne	r1,r1,r2
  939  00001a48  1020000c	beqz	r1,L30_LF2
  940  00001a4c  54000000	nop; delay slot nop
  941  00001a50  0800003c	j	L26_LF2
  942  00001a54  54000000	nop; delay slot nop
  943  00001a58          	L31_LF2:
  944  00001a58          	L30_LF2:
  945  00001a58  8fc20000	lw	r2,(r30)
  946  00001a5c  20410001	addi	r1,r2,#1
  947  00001a60  00011020	add	r2,r0,r1
  948  00001a64  afc20000	sw	(r30),r2
  949  00001a68  8fc20004	lw	r2,4(r30)
  950  00001a6c  20410001	addi	r1,r2,#1
  951  00001a70  00011020	add	r2,r0,r1
  952  00001a74  afc20004	sw	4(r30),r2
  953  00001a78          	L27_LF2:
  954  00001a78  8fc2fff4	lw	r2,-12(r30)
  955  00001a7c  20410001	addi	r1,r2,#1
  956  00001a80  00011020	add	r2,r0,r1
  957  00001a84  afc2fff4	sw	-12(r30),r2
  958  00001a88  0bffff64	j	L25_LF2
  959  00001a8c  54000000	nop; delay slot nop
  960  00001a90          	L26_LF2:
  961  00001a90  8fc1fff4	lw	r1,-12(r30)
  962  00001a94  8fc20008	lw	r2,8(r30)
  963  00001a98  00220828	seq	r1,r1,r2
  964  00001a9c  10200018	beqz	r1,L32_LF2
  965  00001aa0  54000000	nop; delay slot nop
  966  00001aa4  20010000	addi	r1,r0,#0
  967  00001aa8  08000054	j	L24_LF2
  968  00001aac  54000000	nop; delay slot nop
  969  00001ab0  0800004c	j	L33_LF2
  970  00001ab4  54000000	nop; delay slot nop
  971  00001ab8          	L32_LF2:
  972  00001ab8  8fc20000	lw	r2,(r30)
  973  00001abc  90410000	lbu	r1,(r2)
  974  00001ac0  8fc20004	lw	r2,4(r30)
  975  00001ac4  90430000	lbu	r3,(r2)
  976  00001ac8  00230822	sub	r1,r1,r3
  977  00001acc  74220000	sgei	r2,r1,#0
  978  00001ad0  10400020	beqz	r2,L34_LF2
  979  00001ad4  54000000	nop; delay slot nop
  980  00001ad8  8fc10000	lw	r1,(r30)
  981  00001adc  8fc20004	lw	r2,4(r30)
  982  00001ae0  90210000	lbu	r1,(r1)
  983  00001ae4  90420000	lbu	r2,(r2)
  984  00001ae8  00220829	sne	r1,r1,r2
  985  00001aec  08000008	j	L35_LF2
  986  00001af0  54000000	nop; delay slot nop
  987  00001af4          	L34_LF2:
  988  00001af4  2001ffff	addi	r1,r0,#-1
  989  00001af8          	L35_LF2:
  990  00001af8  08000004	j	L24_LF2
  991  00001afc  54000000	nop; delay slot nop
  992  00001b00          	L33_LF2:
  993  00001b00          	L24_LF2:
  994  00001b00  8fa20000	lw	r2,0(r29)
  995  00001b04  8fa30004	lw	r3,4(r29)
  996  00001b08  8fdffff8	lw	r31,-8(r30)
  997  00001b0c  001ee820	add	r29,r0,r30
  998  00001b10  8fdefffc	lw	r30,-4(r30)
  999  00001b14  4be00000	jr	r31
 1000  00001b18  54000000	nop
 1001  00001b1c          	.endproc _dstrncmp
 1002  00001b1c          	.align 2
 1003  00001b1c          	.proc _dstrlen
 1004  00001b1c          	.global _dstrlen
 1005  00001b1c          	_dstrlen:
 1006                      ;  Function 'dstrlen'; 8 bytes of locals, 1 regs to save.
 1007  00001b1c  afbefffc	sw	-4(r29),r30; push fp
 1008  00001b20  001df020	add	r30,r0,r29; fp = sp
 1009  00001b24  afbffff8	sw	-8(r29),r31; push ret addr
 1010  00001b28  2fbd0018	subui	r29,r29,#24; alloc local storage
 1011  00001b2c  afa20000	sw	0(r29),r2
 1012  00001b30  20010000	addi	r1,r0,#0
 1013  00001b34  afc1fff4	sw	-12(r30),r1
 1014  00001b38          	L37_LF2:
 1015  00001b38  8fc10000	lw	r1,(r30)
 1016  00001b3c  20220001	addi	r2,r1,#1
 1017  00001b40  afc20000	sw	(r30),r2
 1018  00001b44  90210000	lbu	r1,(r1)
 1019  00001b48  64220000	snei	r2,r1,#0
 1020  00001b4c  1440000c	bnez	r2,L39_LF2
 1021  00001b50  54000000	nop; delay slot nop
 1022  00001b54  0800001c	j	L38_LF2
 1023  00001b58  54000000	nop; delay slot nop
 1024  00001b5c          	L39_LF2:
 1025  00001b5c  8fc2fff4	lw	r2,-12(r30)
 1026  00001b60  20410001	addi	r1,r2,#1
 1027  00001b64  00011020	add	r2,r0,r1
 1028  00001b68  afc2fff4	sw	-12(r30),r2
 1029  00001b6c  0bffffc8	j	L37_LF2
 1030  00001b70  54000000	nop; delay slot nop
 1031  00001b74          	L38_LF2:
 1032  00001b74  8fc1fff4	lw	r1,-12(r30)
 1033  00001b78  08000004	j	L36_LF2
 1034  00001b7c  54000000	nop; delay slot nop
 1035  00001b80          	L36_LF2:
 1036  00001b80  8fa20000	lw	r2,0(r29)
 1037  00001b84  8fdffff8	lw	r31,-8(r30)
 1038  00001b88  001ee820	add	r29,r0,r30
 1039  00001b8c  8fdefffc	lw	r30,-4(r30)
 1040  00001b90  4be00000	jr	r31
 1041  00001b94  54000000	nop
 1042  00001b98          	.endproc _dstrlen
 1043  00001b98          	.align 2
 1044  00001b98          	.proc _dstrstr
 1045  00001b98          	.global _dstrstr
 1046  00001b98          	_dstrstr:
 1047                      ;  Function 'dstrstr'; 8 bytes of locals, 1 regs to save.
 1048  00001b98  afbefffc	sw	-4(r29),r30; push fp
 1049  00001b9c  001df020	add	r30,r0,r29; fp = sp
 1050  00001ba0  afbffff8	sw	-8(r29),r31; push ret addr
 1051  00001ba4  2fbd0018	subui	r29,r29,#24; alloc local storage
 1052  00001ba8  afa20000	sw	0(r29),r2
 1053  00001bac  23bdfff8	addi	r29,r29,#-8
 1054  00001bb0  001d0820	add	r1,r0,r29
 1055  00001bb4  8fc20004	lw	r2,4(r30)
 1056  00001bb8  ac220000	sw	(r1),r2
 1057  00001bbc  0fffff5c	jal	_dstrlen
 1058  00001bc0  54000000	nop; delay slot nop
 1059  00001bc4  23bd0008	addi	r29,r29,#8
 1060  00001bc8  afc1fff4	sw	-12(r30),r1
 1061  00001bcc          	L41_LF2:
 1062  00001bcc  8fc10000	lw	r1,(r30)
 1063  00001bd0  90220000	lbu	r2,(r1)
 1064  00001bd4  64410000	snei	r1,r2,#0
 1065  00001bd8  1420000c	bnez	r1,L43_LF2
 1066  00001bdc  54000000	nop; delay slot nop
 1067  00001be0  08000060	j	L42_LF2
 1068  00001be4  54000000	nop; delay slot nop
 1069  00001be8          	L43_LF2:
 1070  00001be8  23bdfff0	addi	r29,r29,#-16
 1071  00001bec  001d0820	add	r1,r0,r29
 1072  00001bf0  8fc20000	lw	r2,(r30)
 1073  00001bf4  ac220000	sw	(r1),r2
 1074  00001bf8  8fc20004	lw	r2,4(r30)
 1075  00001bfc  ac220004	sw	4(r1),r2
 1076  00001c00  8fc2fff4	lw	r2,-12(r30)
 1077  00001c04  ac220008	sw	8(r1),r2
 1078  00001c08  0ffffdc0	jal	_dstrncmp
 1079  00001c0c  54000000	nop; delay slot nop
 1080  00001c10  23bd0010	addi	r29,r29,#16
 1081  00001c14  64220000	snei	r2,r1,#0
 1082  00001c18  14400010	bnez	r2,L44_LF2
 1083  00001c1c  54000000	nop; delay slot nop
 1084  00001c20  8fc10000	lw	r1,(r30)
 1085  00001c24  08000028	j	L40_LF2
 1086  00001c28  54000000	nop; delay slot nop
 1087  00001c2c          	L44_LF2:
 1088  00001c2c  8fc20000	lw	r2,(r30)
 1089  00001c30  20410001	addi	r1,r2,#1
 1090  00001c34  00011020	add	r2,r0,r1
 1091  00001c38  afc20000	sw	(r30),r2
 1092  00001c3c  0bffff8c	j	L41_LF2
 1093  00001c40  54000000	nop; delay slot nop
 1094  00001c44          	L42_LF2:
 1095  00001c44  20010000	addi	r1,r0,#0
 1096  00001c48  08000004	j	L40_LF2
 1097  00001c4c  54000000	nop; delay slot nop
 1098  00001c50          	L40_LF2:
 1099  00001c50  8fa20000	lw	r2,0(r29)
 1100  00001c54  8fdffff8	lw	r31,-8(r30)
 1101  00001c58  001ee820	add	r29,r0,r30
 1102  00001c5c  8fdefffc	lw	r30,-4(r30)
 1103  00001c60  4be00000	jr	r31
 1104  00001c64  54000000	nop
 1105  00001c68          	.endproc _dstrstr
 1106  00001c68          	.align 2
 1107  00001c68          	.proc _dmindex
 1108  00001c68          	.global _dmindex
 1109  00001c68          	_dmindex:
 1110                      ;  Function 'dmindex'; 8 bytes of locals, 1 regs to save.
 1111  00001c68  afbefffc	sw	-4(r29),r30; push fp
 1112  00001c6c  001df020	add	r30,r0,r29; fp = sp
 1113  00001c70  afbffff8	sw	-8(r29),r31; push ret addr
 1114  00001c74  2fbd0018	subui	r29,r29,#24; alloc local storage
 1115  00001c78  afa20000	sw	0(r29),r2
 1116  00001c7c  54000000	nop
 1117  00001c80          	L46_LF2:
 1118  00001c80  8fc10000	lw	r1,(r30)
 1119  00001c84  90220000	lbu	r2,(r1)
 1120  00001c88  64410000	snei	r1,r2,#0
 1121  00001c8c  1420000c	bnez	r1,L48_LF2
 1122  00001c90  54000000	nop; delay slot nop
 1123  00001c94  08000070	j	L47_LF2
 1124  00001c98  54000000	nop; delay slot nop
 1125  00001c9c          	L48_LF2:
 1126  00001c9c  8fc10004	lw	r1,4(r30)
 1127  00001ca0  afc1fff4	sw	-12(r30),r1
 1128  00001ca4          	L49_LF2:
 1129  00001ca4  8fc1fff4	lw	r1,-12(r30)
 1130  00001ca8  90220000	lbu	r2,(r1)
 1131  00001cac  64410000	snei	r1,r2,#0
 1132  00001cb0  1420000c	bnez	r1,L52_LF2
 1133  00001cb4  54000000	nop; delay slot nop
 1134  00001cb8  08000044	j	L50_LF2
 1135  00001cbc  54000000	nop; delay slot nop
 1136  00001cc0          	L52_LF2:
 1137  00001cc0  8fc10000	lw	r1,(r30)
 1138  00001cc4  8fc2fff4	lw	r2,-12(r30)
 1139  00001cc8  90210000	lbu	r1,(r1)
 1140  00001ccc  90420000	lbu	r2,(r2)
 1141  00001cd0  00220828	seq	r1,r1,r2
 1142  00001cd4  10200010	beqz	r1,L51_LF2
 1143  00001cd8  54000000	nop; delay slot nop
 1144  00001cdc  8fc10000	lw	r1,(r30)
 1145  00001ce0  08000030	j	L45_LF2
 1146  00001ce4  54000000	nop; delay slot nop
 1147  00001ce8          	L53_LF2:
 1148  00001ce8          	L51_LF2:
 1149  00001ce8  8fc2fff4	lw	r2,-12(r30)
 1150  00001cec  20410001	addi	r1,r2,#1
 1151  00001cf0  00011020	add	r2,r0,r1
 1152  00001cf4  afc2fff4	sw	-12(r30),r2
 1153  00001cf8  0bffffa8	j	L49_LF2
 1154  00001cfc  54000000	nop; delay slot nop
 1155  00001d00          	L50_LF2:
 1156  00001d00  0bffff7c	j	L46_LF2
 1157  00001d04  54000000	nop; delay slot nop
 1158  00001d08          	L47_LF2:
 1159  00001d08  20010000	addi	r1,r0,#0
 1160  00001d0c  08000004	j	L45_LF2
 1161  00001d10  54000000	nop; delay slot nop
 1162  00001d14          	L45_LF2:
 1163  00001d14  8fa20000	lw	r2,0(r29)
 1164  00001d18  8fdffff8	lw	r31,-8(r30)
 1165  00001d1c  001ee820	add	r29,r0,r30
 1166  00001d20  8fdefffc	lw	r30,-4(r30)
 1167  00001d24  4be00000	jr	r31
 1168  00001d28  54000000	nop
 1169  00001d2c          	.endproc _dmindex
 1170  00001d2c          	.align 2
 1171  00001d2c          	.proc _dindex
 1172  00001d2c          	.global _dindex
 1173  00001d2c          	_dindex:
 1174                      ;  Function 'dindex'; 0 bytes of locals, 1 regs to save.
 1175  00001d2c  afbefffc	sw	-4(r29),r30; push fp
 1176  00001d30  001df020	add	r30,r0,r29; fp = sp
 1177  00001d34  afbffff8	sw	-8(r29),r31; push ret addr
 1178  00001d38  2fbd0010	subui	r29,r29,#16; alloc local storage
 1179  00001d3c  afa20000	sw	0(r29),r2
 1180  00001d40  54000000	nop
 1181  00001d44          	L55_LF2:
 1182  00001d44  8fc10000	lw	r1,(r30)
 1183  00001d48  90220000	lbu	r2,(r1)
 1184  00001d4c  64410000	snei	r1,r2,#0
 1185  00001d50  1420000c	bnez	r1,L57_LF2
 1186  00001d54  54000000	nop; delay slot nop
 1187  00001d58  08000040	j	L56_LF2
 1188  00001d5c  54000000	nop; delay slot nop
 1189  00001d60          	L57_LF2:
 1190  00001d60  8fc10000	lw	r1,(r30)
 1191  00001d64  90220000	lbu	r2,(r1)
 1192  00001d68  8fc10004	lw	r1,4(r30)
 1193  00001d6c  00411028	seq	r2,r2,r1
 1194  00001d70  10400010	beqz	r2,L58_LF2
 1195  00001d74  54000000	nop; delay slot nop
 1196  00001d78  8fc10000	lw	r1,(r30)
 1197  00001d7c  08000028	j	L54_LF2
 1198  00001d80  54000000	nop; delay slot nop
 1199  00001d84          	L58_LF2:
 1200  00001d84  8fc20000	lw	r2,(r30)
 1201  00001d88  20410001	addi	r1,r2,#1
 1202  00001d8c  00011020	add	r2,r0,r1
 1203  00001d90  afc20000	sw	(r30),r2
 1204  00001d94  0bffffac	j	L55_LF2
 1205  00001d98  54000000	nop; delay slot nop
 1206  00001d9c          	L56_LF2:
 1207  00001d9c  20010000	addi	r1,r0,#0
 1208  00001da0  08000004	j	L54_LF2
 1209  00001da4  54000000	nop; delay slot nop
 1210  00001da8          	L54_LF2:
 1211  00001da8  8fa20000	lw	r2,0(r29)
 1212  00001dac  8fdffff8	lw	r31,-8(r30)
 1213  00001db0  001ee820	add	r29,r0,r30
 1214  00001db4  8fdefffc	lw	r30,-4(r30)
 1215  00001db8  4be00000	jr	r31
 1216  00001dbc  54000000	nop
 1217  00001dc0          	.endproc _dindex
 1218  00001dc0          	.align 2
 1219  00001dc0          	.proc _ditoa
 1220  00001dc0          	.global _ditoa
 1221  00001dc0          	_ditoa:
 1222                      ;  Function 'ditoa'; 8 bytes of locals, 2 regs to save.
 1223  00001dc0  afbefffc	sw	-4(r29),r30; push fp
 1224  00001dc4  001df020	add	r30,r0,r29; fp = sp
 1225  00001dc8  afbffff8	sw	-8(r29),r31; push ret addr
 1226  00001dcc  2fbd0018	subui	r29,r29,#24; alloc local storage
 1227  00001dd0  afa20000	sw	0(r29),r2
 1228  00001dd4  afa30004	sw	4(r29),r3
 1229  00001dd8  8fc10000	lw	r1,(r30)
 1230  00001ddc  68220000	slti	r2,r1,#0
 1231  00001de0  1040002c	beqz	r2,L60_LF2
 1232  00001de4  54000000	nop; delay slot nop
 1233  00001de8  8fc10004	lw	r1,4(r30)
 1234  00001dec  20220001	addi	r2,r1,#1
 1235  00001df0  afc20004	sw	4(r30),r2
 1236  00001df4  2002002d	addi	r2,r0,(#0x2d)&0xff
 1237  00001df8  a0220000	sb	(r1),r2
 1238  00001dfc  8fc10000	lw	r1,(r30)
 1239  00001e00  00011022	sub	r2,r0,r1
 1240  00001e04  afc20000	sw	(r30),r2
 1241  00001e08  08000118	j	L61_LF2
 1242  00001e0c  54000000	nop; delay slot nop
 1243  00001e10          	L60_LF2:
 1244  00001e10  8fc10000	lw	r1,(r30)
 1245  00001e14  64220000	snei	r2,r1,#0
 1246  00001e18  14400020	bnez	r2,L62_LF2
 1247  00001e1c  54000000	nop; delay slot nop
 1248  00001e20  8fc10004	lw	r1,4(r30)
 1249  00001e24  20220001	addi	r2,r1,#1
 1250  00001e28  afc20004	sw	4(r30),r2
 1251  00001e2c  20020030	addi	r2,r0,(#0x30)&0xff
 1252  00001e30  a0220000	sb	(r1),r2
 1253  00001e34  080000ec	j	L61_LF2
 1254  00001e38  54000000	nop; delay slot nop
 1255  00001e3c          	L62_LF2:
 1256  00001e3c  20010001	addi	r1,r0,#1
 1257  00001e40  afc1fff4	sw	-12(r30),r1
 1258  00001e44          	L64_LF2:
 1259  00001e44  8fc1fff4	lw	r1,-12(r30)
 1260  00001e48  8fc20000	lw	r2,(r30)
 1261  00001e4c  0022082c	sle	r1,r1,r2
 1262  00001e50  1420000c	bnez	r1,L66_LF2
 1263  00001e54  54000000	nop; delay slot nop
 1264  00001e58  08000024	j	L65_LF2
 1265  00001e5c  54000000	nop; delay slot nop
 1266  00001e60          	L67_LF2:
 1267  00001e60          	L66_LF2:
 1268  00001e60  8fc1fff4	lw	r1,-12(r30)
 1269  00001e64  00011820	add	r3,r0,r1
 1270  00001e68  50620002	slli	r2,r3,#0x2
 1271  00001e6c  00411020	add	r2,r2,r1
 1272  00001e70  50410001	slli	r1,r2,#0x1
 1273  00001e74  afc1fff4	sw	-12(r30),r1
 1274  00001e78  0bffffc8	j	L64_LF2
 1275  00001e7c  54000000	nop; delay slot nop
 1276  00001e80          	L65_LF2:
 1277  00001e80  54000000	nop
 1278  00001e84          	L68_LF2:
 1279  00001e84  8fc1fff4	lw	r1,-12(r30)
 1280  00001e88  2002000a	addi	r2,r0,#10
 1281  00001e8c  00200035	movi2fp	f0,r1
 1282  00001e90  00400835	movi2fp	f1,r2
 1283  00001e94  0401000f	div	f0,f0,f1
 1284  00001e98  00000834	movfp2i	r1,f0
 1285  00001e9c  afc1fff4	sw	-12(r30),r1
 1286  00001ea0  8fc10004	lw	r1,4(r30)
 1287  00001ea4  20220001	addi	r2,r1,#1
 1288  00001ea8  afc20004	sw	4(r30),r2
 1289  00001eac  8fc20000	lw	r2,(r30)
 1290  00001eb0  8fc3fff4	lw	r3,-12(r30)
 1291  00001eb4  00400035	movi2fp	f0,r2
 1292  00001eb8  00600835	movi2fp	f1,r3
 1293  00001ebc  0401000f	div	f0,f0,f1
 1294  00001ec0  00001034	movfp2i	r2,f0
 1295  00001ec4  00021820	add	r3,r0,r2
 1296  00001ec8  20620030	addi	r2,r3,#48
 1297  00001ecc  a0220000	sb	(r1),r2
 1298  00001ed0  8fc10000	lw	r1,(r30)
 1299  00001ed4  8fc3fff4	lw	r3,-12(r30)
 1300  00001ed8  00200035	movi2fp	f0,r1
 1301  00001edc  00600835	movi2fp	f1,r3
 1302  00001ee0  0401000f	div	f0,f0,f1
 1303  00001ee4  00001034	movfp2i	r2,f0
 1304  00001ee8  8fc3fff4	lw	r3,-12(r30)
 1305  00001eec  00400035	movi2fp	f0,r2
 1306  00001ef0  00600835	movi2fp	f1,r3
 1307  00001ef4  0401000e	mult	f0,f0,f1
 1308  00001ef8  00001034	movfp2i	r2,f0
 1309  00001efc  00220822	sub	r1,r1,r2
 1310  00001f00  afc10000	sw	(r30),r1
 1311  00001f04          	L70_LF2:
 1312  00001f04  8fc1fff4	lw	r1,-12(r30)
 1313  00001f08  6c220001	sgti	r2,r1,#1
 1314  00001f0c  1440000c	bnez	r2,L71_LF2
 1315  00001f10  54000000	nop; delay slot nop
 1316  00001f14  0800000c	j	L61_LF2
 1317  00001f18  54000000	nop; delay slot nop
 1318  00001f1c          	L71_LF2:
 1319  00001f1c  0bffff64	j	L68_LF2
 1320  00001f20  54000000	nop; delay slot nop
 1321  00001f24          	L69_LF2:
 1322  00001f24          	L63_LF2:
 1323  00001f24          	L61_LF2:
 1324  00001f24  8fc10004	lw	r1,4(r30)
 1325  00001f28  20020000	addi	r2,r0,(#0x0)&0xff
 1326  00001f2c  a0220000	sb	(r1),r2
 1327  00001f30          	L59_LF2:
 1328  00001f30  8fa20000	lw	r2,0(r29)
 1329  00001f34  8fa30004	lw	r3,4(r29)
 1330  00001f38  8fdffff8	lw	r31,-8(r30)
 1331  00001f3c  001ee820	add	r29,r0,r30
 1332  00001f40  8fdefffc	lw	r30,-4(r30)
 1333  00001f44  4be00000	jr	r31
 1334  00001f48  54000000	nop
 1335  00001f4c          	.endproc _ditoa
 1336  00001f4c          	.align 2
 1337  00001f4c          	.proc _dstrtol
 1338  00001f4c          	.global _dstrtol
 1339  00001f4c          	_dstrtol:
 1340                      ;  Function 'dstrtol'; 16 bytes of locals, 1 regs to save.
 1341  00001f4c  afbefffc	sw	-4(r29),r30; push fp
 1342  00001f50  001df020	add	r30,r0,r29; fp = sp
 1343  00001f54  afbffff8	sw	-8(r29),r31; push ret addr
 1344  00001f58  2fbd0020	subui	r29,r29,#32; alloc local storage
 1345  00001f5c  afa20000	sw	0(r29),r2
 1346  00001f60  20010000	addi	r1,r0,#0
 1347  00001f64  afc1fff4	sw	-12(r30),r1
 1348  00001f68          	L73_LF2:
 1349  00001f68  8fc10000	lw	r1,(r30)
 1350  00001f6c  90220000	lbu	r2,(r1)
 1351  00001f70  60410020	seqi	r1,r2,#32
 1352  00001f74  14200034	bnez	r1,L75_LF2
 1353  00001f78  54000000	nop; delay slot nop
 1354  00001f7c  8fc10000	lw	r1,(r30)
 1355  00001f80  90220000	lbu	r2,(r1)
 1356  00001f84  60410009	seqi	r1,r2,#9
 1357  00001f88  14200020	bnez	r1,L75_LF2
 1358  00001f8c  54000000	nop; delay slot nop
 1359  00001f90  8fc10000	lw	r1,(r30)
 1360  00001f94  90220000	lbu	r2,(r1)
 1361  00001f98  6041000a	seqi	r1,r2,#10
 1362  00001f9c  1420000c	bnez	r1,L75_LF2
 1363  00001fa0  54000000	nop; delay slot nop
 1364  00001fa4  0800001c	j	L74_LF2
 1365  00001fa8  54000000	nop; delay slot nop
 1366  00001fac          	L75_LF2:
 1367  00001fac  8fc20000	lw	r2,(r30)
 1368  00001fb0  20410001	addi	r1,r2,#1
 1369  00001fb4  00011020	add	r2,r0,r1
 1370  00001fb8  afc20000	sw	(r30),r2
 1371  00001fbc  0bffffa8	j	L73_LF2
 1372  00001fc0  54000000	nop; delay slot nop
 1373  00001fc4          	L74_LF2:
 1374  00001fc4  8fc10004	lw	r1,4(r30)
 1375  00001fc8  64220000	snei	r2,r1,#0
 1376  00001fcc  10400010	beqz	r2,L76_LF2
 1377  00001fd0  54000000	nop; delay slot nop
 1378  00001fd4  8fc10004	lw	r1,4(r30)
 1379  00001fd8  8fc20000	lw	r2,(r30)
 1380  00001fdc  ac220000	sw	(r1),r2
 1381  00001fe0          	L76_LF2:
 1382  00001fe0  8fc10000	lw	r1,(r30)
 1383  00001fe4  90220000	lbu	r2,(r1)
 1384  00001fe8  64410000	snei	r1,r2,#0
 1385  00001fec  14200010	bnez	r1,L77_LF2
 1386  00001ff0  54000000	nop; delay slot nop
 1387  00001ff4  8fc1fff4	lw	r1,-12(r30)
 1388  00001ff8  08000294	j	L72_LF2
 1389  00001ffc  54000000	nop; delay slot nop
 1390  00002000          	L77_LF2:
 1391  00002000  8fc10000	lw	r1,(r30)
 1392  00002004  90220000	lbu	r2,(r1)
 1393  00002008  6041002d	seqi	r1,r2,#45
 1394  0000200c  10200024	beqz	r1,L78_LF2
 1395  00002010  54000000	nop; delay slot nop
 1396  00002014  2001ffff	addi	r1,r0,#-1
 1397  00002018  afc1ffec	sw	-20(r30),r1
 1398  0000201c  8fc20000	lw	r2,(r30)
 1399  00002020  20410001	addi	r1,r2,#1
 1400  00002024  00011020	add	r2,r0,r1
 1401  00002028  afc20000	sw	(r30),r2
 1402  0000202c  0800000c	j	L79_LF2
 1403  00002030  54000000	nop; delay slot nop
 1404  00002034          	L78_LF2:
 1405  00002034  20010001	addi	r1,r0,#1
 1406  00002038  afc1ffec	sw	-20(r30),r1
 1407  0000203c          	L79_LF2:
 1408  0000203c  8fc10008	lw	r1,8(r30)
 1409  00002040  64220000	snei	r2,r1,#0
 1410  00002044  14400090	bnez	r2,L80_LF2
 1411  00002048  54000000	nop; delay slot nop
 1412  0000204c  8fc10000	lw	r1,(r30)
 1413  00002050  90220000	lbu	r2,(r1)
 1414  00002054  60410030	seqi	r1,r2,#48
 1415  00002058  10200074	beqz	r1,L81_LF2
 1416  0000205c  54000000	nop; delay slot nop
 1417  00002060  8fc20000	lw	r2,(r30)
 1418  00002064  20410001	addi	r1,r2,#1
 1419  00002068  00011020	add	r2,r0,r1
 1420  0000206c  afc20000	sw	(r30),r2
 1421  00002070  8fc10000	lw	r1,(r30)
 1422  00002074  90220000	lbu	r2,(r1)
 1423  00002078  60410078	seqi	r1,r2,#120
 1424  0000207c  14200020	bnez	r1,L83_LF2
 1425  00002080  54000000	nop; delay slot nop
 1426  00002084  8fc10000	lw	r1,(r30)
 1427  00002088  90220000	lbu	r2,(r1)
 1428  0000208c  60410058	seqi	r1,r2,#88
 1429  00002090  1420000c	bnez	r1,L83_LF2
 1430  00002094  54000000	nop; delay slot nop
 1431  00002098  08000024	j	L82_LF2
 1432  0000209c  54000000	nop; delay slot nop
 1433  000020a0          	L83_LF2:
 1434  000020a0  20010010	addi	r1,r0,#16
 1435  000020a4  afc10008	sw	8(r30),r1
 1436  000020a8  8fc20000	lw	r2,(r30)
 1437  000020ac  20410001	addi	r1,r2,#1
 1438  000020b0  00011020	add	r2,r0,r1
 1439  000020b4  afc20000	sw	(r30),r2
 1440  000020b8  0800000c	j	L84_LF2
 1441  000020bc  54000000	nop; delay slot nop
 1442  000020c0          	L82_LF2:
 1443  000020c0  20010008	addi	r1,r0,#8
 1444  000020c4  afc10008	sw	8(r30),r1
 1445  000020c8          	L84_LF2:
 1446  000020c8  0800000c	j	L80_LF2
 1447  000020cc  54000000	nop; delay slot nop
 1448  000020d0          	L81_LF2:
 1449  000020d0  2001000a	addi	r1,r0,#10
 1450  000020d4  afc10008	sw	8(r30),r1
 1451  000020d8          	L85_LF2:
 1452  000020d8          	L80_LF2:
 1453  000020d8  8fc10008	lw	r1,8(r30)
 1454  000020dc  70220000	slei	r2,r1,#0
 1455  000020e0  1440001c	bnez	r2,L87_LF2
 1456  000020e4  54000000	nop; delay slot nop
 1457  000020e8  8fc10008	lw	r1,8(r30)
 1458  000020ec  6c220010	sgti	r2,r1,#16
 1459  000020f0  1440000c	bnez	r2,L87_LF2
 1460  000020f4  54000000	nop; delay slot nop
 1461  000020f8  08000010	j	L86_LF2
 1462  000020fc  54000000	nop; delay slot nop
 1463  00002100          	L87_LF2:
 1464  00002100  8fc1fff4	lw	r1,-12(r30)
 1465  00002104  08000188	j	L72_LF2
 1466  00002108  54000000	nop; delay slot nop
 1467  0000210c          	L86_LF2:
 1468  0000210c  54000000	nop
 1469  00002110          	L88_LF2:
 1470  00002110  8fc10000	lw	r1,(r30)
 1471  00002114  90220000	lbu	r2,(r1)
 1472  00002118  6c41002f	sgtui	r1,r2,#47
 1473  0000211c  10200030	beqz	r1,L91_LF2
 1474  00002120  54000000	nop; delay slot nop
 1475  00002124  8fc10000	lw	r1,(r30)
 1476  00002128  90220000	lbu	r2,(r1)
 1477  0000212c  70410039	sleui	r1,r2,#57
 1478  00002130  1020001c	beqz	r1,L91_LF2
 1479  00002134  54000000	nop; delay slot nop
 1480  00002138  8fc10000	lw	r1,(r30)
 1481  0000213c  90220000	lbu	r2,(r1)
 1482  00002140  2041ffd0	addi	r1,r2,#-48
 1483  00002144  afc1fff0	sw	-16(r30),r1
 1484  00002148  0800008c	j	L92_LF2
 1485  0000214c  54000000	nop; delay slot nop
 1486  00002150          	L91_LF2:
 1487  00002150  8fc10000	lw	r1,(r30)
 1488  00002154  90220000	lbu	r2,(r1)
 1489  00002158  6c410060	sgtui	r1,r2,#96
 1490  0000215c  10200030	beqz	r1,L93_LF2
 1491  00002160  54000000	nop; delay slot nop
 1492  00002164  8fc10000	lw	r1,(r30)
 1493  00002168  90220000	lbu	r2,(r1)
 1494  0000216c  7041007a	sleui	r1,r2,#122
 1495  00002170  1020001c	beqz	r1,L93_LF2
 1496  00002174  54000000	nop; delay slot nop
 1497  00002178  8fc10000	lw	r1,(r30)
 1498  0000217c  90220000	lbu	r2,(r1)
 1499  00002180  2041ffa9	addi	r1,r2,#-87
 1500  00002184  afc1fff0	sw	-16(r30),r1
 1501  00002188  0800004c	j	L92_LF2
 1502  0000218c  54000000	nop; delay slot nop
 1503  00002190          	L93_LF2:
 1504  00002190  8fc10000	lw	r1,(r30)
 1505  00002194  90220000	lbu	r2,(r1)
 1506  00002198  6c410040	sgtui	r1,r2,#64
 1507  0000219c  10200030	beqz	r1,L95_LF2
 1508  000021a0  54000000	nop; delay slot nop
 1509  000021a4  8fc10000	lw	r1,(r30)
 1510  000021a8  90220000	lbu	r2,(r1)
 1511  000021ac  7041005a	sleui	r1,r2,#90
 1512  000021b0  1020001c	beqz	r1,L95_LF2
 1513  000021b4  54000000	nop; delay slot nop
 1514  000021b8  8fc10000	lw	r1,(r30)
 1515  000021bc  90220000	lbu	r2,(r1)
 1516  000021c0  2041ffc9	addi	r1,r2,#-55
 1517  000021c4  afc1fff0	sw	-16(r30),r1
 1518  000021c8  0800000c	j	L92_LF2
 1519  000021cc  54000000	nop; delay slot nop
 1520  000021d0          	L95_LF2:
 1521  000021d0  200103e8	addi	r1,r0,#1000
 1522  000021d4  afc1fff0	sw	-16(r30),r1
 1523  000021d8          	L96_LF2:
 1524  000021d8          	L94_LF2:
 1525  000021d8          	L92_LF2:
 1526  000021d8  8fc1fff0	lw	r1,-16(r30)
 1527  000021dc  8fc20008	lw	r2,8(r30)
 1528  000021e0  0022082a	slt	r1,r1,r2
 1529  000021e4  10200040	beqz	r1,L90_LF2
 1530  000021e8  54000000	nop; delay slot nop
 1531  000021ec  8fc1fff4	lw	r1,-12(r30)
 1532  000021f0  8fc20008	lw	r2,8(r30)
 1533  000021f4  00200035	movi2fp	f0,r1
 1534  000021f8  00400835	movi2fp	f1,r2
 1535  000021fc  0401000e	mult	f0,f0,f1
 1536  00002200  00000834	movfp2i	r1,f0
 1537  00002204  afc1fff4	sw	-12(r30),r1
 1538  00002208  8fc1fff4	lw	r1,-12(r30)
 1539  0000220c  8fc2fff0	lw	r2,-16(r30)
 1540  00002210  00220820	add	r1,r1,r2
 1541  00002214  afc1fff4	sw	-12(r30),r1
 1542  00002218  8fc20000	lw	r2,(r30)
 1543  0000221c  20410001	addi	r1,r2,#1
 1544  00002220  00011020	add	r2,r0,r1
 1545  00002224  afc20000	sw	(r30),r2
 1546  00002228          	L97_LF2:
 1547  00002228          	L90_LF2:
 1548  00002228  8fc1fff0	lw	r1,-16(r30)
 1549  0000222c  8fc20008	lw	r2,8(r30)
 1550  00002230  0022082a	slt	r1,r1,r2
 1551  00002234  1420000c	bnez	r1,L98_LF2
 1552  00002238  54000000	nop; delay slot nop
 1553  0000223c  0800000c	j	L89_LF2
 1554  00002240  54000000	nop; delay slot nop
 1555  00002244          	L98_LF2:
 1556  00002244  0bfffec8	j	L88_LF2
 1557  00002248  54000000	nop; delay slot nop
 1558  0000224c          	L89_LF2:
 1559  0000224c  8fc10004	lw	r1,4(r30)
 1560  00002250  64220000	snei	r2,r1,#0
 1561  00002254  10400010	beqz	r2,L99_LF2
 1562  00002258  54000000	nop; delay slot nop
 1563  0000225c  8fc10004	lw	r1,4(r30)
 1564  00002260  8fc20000	lw	r2,(r30)
 1565  00002264  ac220000	sw	(r1),r2
 1566  00002268          	L99_LF2:
 1567  00002268  8fc1fff4	lw	r1,-12(r30)
 1568  0000226c  8fc2ffec	lw	r2,-20(r30)
 1569  00002270  00200035	movi2fp	f0,r1
 1570  00002274  00400835	movi2fp	f1,r2
 1571  00002278  0401000e	mult	f0,f0,f1
 1572  0000227c  00000834	movfp2i	r1,f0
 1573  00002280  afc1fff4	sw	-12(r30),r1
 1574  00002284  8fc1fff4	lw	r1,-12(r30)
 1575  00002288  08000004	j	L72_LF2
 1576  0000228c  54000000	nop; delay slot nop
 1577  00002290          	L72_LF2:
 1578  00002290  8fa20000	lw	r2,0(r29)
 1579  00002294  8fdffff8	lw	r31,-8(r30)
 1580  00002298  001ee820	add	r29,r0,r30
 1581  0000229c  8fdefffc	lw	r30,-4(r30)
 1582  000022a0  4be00000	jr	r31
 1583  000022a4  54000000	nop
 1584  000022a8          	.endproc _dstrtol
 1585  000022a8          	.align 2
 1586  000022a8          	.proc _bcopy
 1587  000022a8          	.global _bcopy
 1588  000022a8          	_bcopy:
 1589                      ;  Function 'bcopy'; 0 bytes of locals, 2 regs to save.
 1590  000022a8  afbefffc	sw	-4(r29),r30; push fp
 1591  000022ac  001df020	add	r30,r0,r29; fp = sp
 1592  000022b0  afbffff8	sw	-8(r29),r31; push ret addr
 1593  000022b4  2fbd0010	subui	r29,r29,#16; alloc local storage
 1594  000022b8  afa20000	sw	0(r29),r2
 1595  000022bc  afa30004	sw	4(r29),r3
 1596  000022c0  54000000	nop
 1597  000022c4          	L101_LF2:
 1598  000022c4  8fc10008	lw	r1,8(r30)
 1599  000022c8  2022ffff	addi	r2,r1,#-1
 1600  000022cc  afc20008	sw	8(r30),r2
 1601  000022d0  6c210000	sgti	r1,r1,#0
 1602  000022d4  1420000c	bnez	r1,L103_LF2
 1603  000022d8  54000000	nop; delay slot nop
 1604  000022dc  0800002c	j	L102_LF2
 1605  000022e0  54000000	nop; delay slot nop
 1606  000022e4          	L103_LF2:
 1607  000022e4  8fc10004	lw	r1,4(r30)
 1608  000022e8  20220001	addi	r2,r1,#1
 1609  000022ec  afc20004	sw	4(r30),r2
 1610  000022f0  8fc20000	lw	r2,(r30)
 1611  000022f4  20430001	addi	r3,r2,#1
 1612  000022f8  afc30000	sw	(r30),r3
 1613  000022fc  80420000	lb	r2,(r2)
 1614  00002300  a0220000	sb	(r1),r2
 1615  00002304  0bffffbc	j	L101_LF2
 1616  00002308  54000000	nop; delay slot nop
 1617  0000230c          	L102_LF2:
 1618  0000230c          	L100_LF2:
 1619  0000230c  8fa20000	lw	r2,0(r29)
 1620  00002310  8fa30004	lw	r3,4(r29)
 1621  00002314  8fdffff8	lw	r31,-8(r30)
 1622  00002318  001ee820	add	r29,r0,r30
 1623  0000231c  8fdefffc	lw	r30,-4(r30)
 1624  00002320  4be00000	jr	r31
 1625  00002324  54000000	nop
 1626  00002328          	.endproc _bcopy
 1627  00002328          	.align 2
 1628  00002328          	.proc _bzero
 1629  00002328          	.global _bzero
 1630  00002328          	_bzero:
 1631                      ;  Function 'bzero'; 0 bytes of locals, 1 regs to save.
 1632  00002328  afbefffc	sw	-4(r29),r30; push fp
 1633  0000232c  001df020	add	r30,r0,r29; fp = sp
 1634  00002330  afbffff8	sw	-8(r29),r31; push ret addr
 1635  00002334  2fbd0010	subui	r29,r29,#16; alloc local storage
 1636  00002338  afa20000	sw	0(r29),r2
 1637  0000233c  54000000	nop
 1638  00002340          	L105_LF2:
 1639  00002340  8fc10004	lw	r1,4(r30)
 1640  00002344  2022ffff	addi	r2,r1,#-1
 1641  00002348  afc20004	sw	4(r30),r2
 1642  0000234c  6c210000	sgti	r1,r1,#0
 1643  00002350  1420000c	bnez	r1,L107_LF2
 1644  00002354  54000000	nop; delay slot nop
 1645  00002358  08000020	j	L106_LF2
 1646  0000235c  54000000	nop; delay slot nop
 1647  00002360          	L107_LF2:
 1648  00002360  8fc10000	lw	r1,(r30)
 1649  00002364  20220001	addi	r2,r1,#1
 1650  00002368  afc20000	sw	(r30),r2
 1651  0000236c  20020000	addi	r2,r0,(#0x0)&0xff
 1652  00002370  a0220000	sb	(r1),r2
 1653  00002374  0bffffc8	j	L105_LF2
 1654  00002378  54000000	nop; delay slot nop
 1655  0000237c          	L106_LF2:
 1656  0000237c          	L104_LF2:
 1657  0000237c  8fa20000	lw	r2,0(r29)
 1658  00002380  8fdffff8	lw	r31,-8(r30)
 1659  00002384  001ee820	add	r29,r0,r30
 1660  00002388  8fdefffc	lw	r30,-4(r30)
 1661  0000238c  4be00000	jr	r31
 1662  00002390  54000000	nop
 1663  00002394          	.endproc _bzero
 1664  00002394          	.align 2
 1665  00002394          	.proc _min
 1666  00002394          	.global _min
 1667  00002394          	_min:
 1668                      ;  Function 'min'; 0 bytes of locals, 2 regs to save.
 1669  00002394  afbefffc	sw	-4(r29),r30; push fp
 1670  00002398  001df020	add	r30,r0,r29; fp = sp
 1671  0000239c  afbffff8	sw	-8(r29),r31; push ret addr
 1672  000023a0  2fbd0010	subui	r29,r29,#16; alloc local storage
 1673  000023a4  afa20000	sw	0(r29),r2
 1674  000023a8  afa30004	sw	4(r29),r3
 1675  000023ac  8fc10000	lw	r1,(r30)
 1676  000023b0  8fc20004	lw	r2,4(r30)
 1677  000023b4  0022182c	sle	r3,r1,r2
 1678  000023b8  14600008	bnez	r3,L109_LF2
 1679  000023bc  54000000	nop; delay slot nop
 1680  000023c0  8fc10004	lw	r1,4(r30)
 1681  000023c4          	L109_LF2:
 1682  000023c4  08000004	j	L108_LF2
 1683  000023c8  54000000	nop; delay slot nop
 1684  000023cc          	L108_LF2:
 1685  000023cc  8fa20000	lw	r2,0(r29)
 1686  000023d0  8fa30004	lw	r3,4(r29)
 1687  000023d4  8fdffff8	lw	r31,-8(r30)
 1688  000023d8  001ee820	add	r29,r0,r30
 1689  000023dc  8fdefffc	lw	r30,-4(r30)
 1690  000023e0  4be00000	jr	r31
 1691  000023e4  54000000	nop
 1692  000023e8          	.endproc _min
 1693                      ;;; Ethan L. Miller, 1999.  Released to the public domain
 1694                      ;;;
 1695                      ;;; Most of the traps are called in files from libtraps.
 1698  000023e8          	.align 2
 1699  000023e8          	.proc _exit
 1700  000023e8          	.global _exit
 1701  000023e8          	_exit:
 1702  000023e8  44000300	trap	#0x300
 1703  000023ec  4be00000	jr	r31
 1704  000023f0  54000000	nop
 1705  000023f4          	.endproc _exit
 1707                      ; for the benefit of gcc.
 1708  000023f4          	.proc ___main
 1709  000023f4          	.global ___main
 1710  000023f4          	___main:
 1711  000023f4  4be00000	jr	r31
 1712  000023f8  54000000	nop
 1713  000023fc          	.endproc ___main
 1714  000023fc          	.text
 1715  000023fc          	.global _etext
 1716  000023fc          	_etext:
 1717  000023fc          	.align 3
 1718  00002400          	.data
 1719  0000319a          	.global _edata
 1720  0000319a          	_edata:
